#
# There is insufficient memory for the Java Runtime Environment to continue.
# Native memory allocation (malloc) failed to allocate 32744 bytes for ChunkPool::allocate
# Possible reasons:
#   The system is out of physical RAM or swap space
#   The process is running with CompressedOops enabled, and the Java Heap may be blocking the growth of the native heap
# Possible solutions:
#   Reduce memory load on the system
#   Increase physical memory or swap space
#   Check if swap backing store is full
#   Decrease Java heap size (-Xmx/-Xms)
#   Decrease number of Java threads
#   Decrease Java thread stack sizes (-Xss)
#   Set larger code cache with -XX:ReservedCodeCacheSize=
#   JVM is running with Unscaled Compressed Oops mode in which the Java heap is
#     placed in the first 4GB address space. The Java Heap base address is the
#     maximum limit for the native heap growth. Please use -XX:HeapBaseMinAddress
#     to set the Java Heap base and to place the Java Heap above 4GB virtual address.
# This output file may be truncated or incomplete.
#
#  Out of Memory Error (src/hotspot/share/memory/arena.cpp:81), pid=18088, tid=12048
#
# JRE version: OpenJDK Runtime Environment (11.0.15) (build 11.0.15+0-b2043.56-9505619)
# Java VM: OpenJDK 64-Bit Server VM (11.0.15+0-b2043.56-9505619, mixed mode, tiered, compressed oops, g1 gc, windows-amd64)
# No core dump will be written. Minidumps are not enabled by default on client versions of Windows
#

---------------  S U M M A R Y ------------

Command Line: --add-opens=java.base/java.util=ALL-UNNAMED --add-opens=java.base/java.lang=ALL-UNNAMED --add-opens=java.base/java.lang.invoke=ALL-UNNAMED --add-opens=java.base/java.util=ALL-UNNAMED --add-opens=java.prefs/java.util.prefs=ALL-UNNAMED --add-opens=java.prefs/java.util.prefs=ALL-UNNAMED --add-opens=java.base/java.nio.charset=ALL-UNNAMED --add-opens=java.base/java.net=ALL-UNNAMED --add-opens=java.base/java.util.concurrent.atomic=ALL-UNNAMED -Xmx2048m -Dfile.encoding=UTF-8 -Duser.country=US -Duser.language=en -Duser.variant org.gradle.launcher.daemon.bootstrap.GradleDaemon 7.5

Host: Intel(R) Core(TM) i5-8265U CPU @ 1.60GHz, 8 cores, 7G,  Windows 11 , 64 bit Build 22621 (10.0.22621.1635)
Time: Sat Jun  3 20:13:00 2023 Morocco Daylight Time elapsed time: 10.807544 seconds (0d 0h 0m 10s)

---------------  T H R E A D  ---------------

Current thread (0x000001776e5d0800):  JavaThread "C2 CompilerThread2" daemon [_thread_in_native, id=12048, stack(0x0000000556e00000,0x0000000556f00000)]


Current CompileTask:
C2:  10807 5496   !   4       java.util.concurrent.ConcurrentHashMap::putVal (432 bytes)

Stack: [0x0000000556e00000,0x0000000556f00000]
Native frames: (J=compiled Java code, j=interpreted, Vv=VM code, C=native code)
V  [jvm.dll+0x64135a]
V  [jvm.dll+0x7d39f9]
V  [jvm.dll+0x7d51b9]
V  [jvm.dll+0x7d58a3]
V  [jvm.dll+0x2691c5]
V  [jvm.dll+0xc1cbf]
V  [jvm.dll+0xc200c]
V  [jvm.dll+0x5cc8de]
V  [jvm.dll+0x5cca7e]
V  [jvm.dll+0x5d1a5e]
V  [jvm.dll+0x5d21aa]
V  [jvm.dll+0x5d0ee7]
V  [jvm.dll+0x221347]
V  [jvm.dll+0x220498]
V  [jvm.dll+0x19e851]
V  [jvm.dll+0x230479]
V  [jvm.dll+0x22e5ef]
V  [jvm.dll+0x794de1]
V  [jvm.dll+0x78dc24]
V  [jvm.dll+0x6400f6]
C  [ucrtbase.dll+0x29363]
C  [KERNEL32.DLL+0x126ad]
C  [ntdll.dll+0x5a9f8]


---------------  P R O C E S S  ---------------

Threads class SMR info:
_java_thread_list=0x000001776feb9bc0, length=123, elements={
0x000001774e5d2000, 0x0000017768a8b800, 0x0000017768a8e000, 0x0000017768a86800,
0x0000017768a93000, 0x00000177692e5800, 0x00000177692e8800, 0x00000177692ea800,
0x00000177692f3000, 0x000001776944f000, 0x000001776c39e000, 0x000001776b423000,
0x00000177699ab800, 0x000001776a837000, 0x000001776b51b000, 0x000001776b51c000,
0x000001776c409000, 0x000001776c42d800, 0x000001776c735800, 0x000001776c73a000,
0x000001776c739800, 0x000001776c734800, 0x000001776c73b000, 0x000001776c737800,
0x000001776c736000, 0x000001776c737000, 0x000001776c738800, 0x000001776f19b800,
0x000001776f199800, 0x000001776f198800, 0x000001776f19c800, 0x000001776f19d800,
0x000001776abcf800, 0x000001776f19e000, 0x000001776e5d0800, 0x000001776f1a0800,
0x000001776f19b000, 0x000001776f1a4800, 0x000001776f1a7000, 0x000001776f1a1800,
0x000001776f1a2000, 0x000001776f1a3000, 0x000001776f1a4000, 0x000001776f1a5800,
0x000001776f1a6800, 0x000001776ea36000, 0x000001776ea3a000, 0x000001776ea37800,
0x000001776ea34800, 0x000001776ea38800, 0x000001776ea37000, 0x000001776ea3b000,
0x000001776ea35800, 0x000001776ea39800, 0x000001776d224800, 0x000001776d21f000,
0x000001776d222000, 0x000001776d221000, 0x000001776d220800, 0x000001776d223000,
0x000001776d21f800, 0x000001776d229800, 0x000001776d228800, 0x000001776d227000,
0x000001776d226000, 0x000001776d223800, 0x000001776d227800, 0x000001776d22a000,
0x000001776d22b000, 0x000001776d225800, 0x000001776d22c000, 0x000001776d22c800,
0x000001776d22d800, 0x000001776fe0c000, 0x000001776fe0b000, 0x000001776fe11000,
0x000001776fe10000, 0x000001776fe0f000, 0x000001776fe11800, 0x000001776fe0d800,
0x000001776fe12800, 0x000001776fe0d000, 0x000001776fe13800, 0x000001776fe14000,
0x000001776fe0e800, 0x000001776fe15000, 0x000001776fe1a000, 0x000001776fe15800,
0x000001776fe16800, 0x000001776fe17800, 0x000001776fe18000, 0x000001776fe19000,
0x000001776ea0e000, 0x000001776ea11800, 0x000001776ea10800, 0x000001776ea12000,
0x000001776ea0c800, 0x000001776ea13000, 0x000001776ea0d800, 0x000001776ea14000,
0x000001776ea14800, 0x000001776ea0f000, 0x000001776ea15800, 0x000001776ea0f800,
0x000001776ea18800, 0x000001776ea17000, 0x000001776ea1b000, 0x000001776ea1a800,
0x000001776ea19800, 0x000001776ea16800, 0x000001776ea18000, 0x000001776f22e800,
0x000001776f235000, 0x000001776f230000, 0x000001776f22f800, 0x000001776f231800,
0x000001776f232800, 0x000001776f236000, 0x000001776f234000, 0x000001776f236800,
0x000001776f233800, 0x000001776f231000, 0x000001776f23a800
}

Java Threads: ( => current thread )
  0x000001774e5d2000 JavaThread "main" [_thread_blocked, id=3988, stack(0x0000000553d00000,0x0000000553e00000)]
  0x0000017768a8b800 JavaThread "Reference Handler" daemon [_thread_blocked, id=17140, stack(0x0000000554400000,0x0000000554500000)]
  0x0000017768a8e000 JavaThread "Finalizer" daemon [_thread_blocked, id=7448, stack(0x0000000554500000,0x0000000554600000)]
  0x0000017768a86800 JavaThread "Signal Dispatcher" daemon [_thread_blocked, id=7312, stack(0x0000000554600000,0x0000000554700000)]
  0x0000017768a93000 JavaThread "Attach Listener" daemon [_thread_blocked, id=15996, stack(0x0000000554700000,0x0000000554800000)]
  0x00000177692e5800 JavaThread "Service Thread" daemon [_thread_blocked, id=12748, stack(0x0000000554800000,0x0000000554900000)]
  0x00000177692e8800 JavaThread "C2 CompilerThread0" daemon [_thread_blocked, id=13964, stack(0x0000000554900000,0x0000000554a00000)]
  0x00000177692ea800 JavaThread "C1 CompilerThread0" daemon [_thread_blocked, id=15680, stack(0x0000000554a00000,0x0000000554b00000)]
  0x00000177692f3000 JavaThread "Sweeper thread" daemon [_thread_blocked, id=18976, stack(0x0000000554b00000,0x0000000554c00000)]
  0x000001776944f000 JavaThread "Common-Cleaner" daemon [_thread_blocked, id=12612, stack(0x0000000554c00000,0x0000000554d00000)]
  0x000001776c39e000 JavaThread "Daemon health stats" [_thread_blocked, id=10408, stack(0x0000000555100000,0x0000000555200000)]
  0x000001776b423000 JavaThread "Incoming local TCP Connector on port 62816" [_thread_in_native, id=14132, stack(0x0000000554e00000,0x0000000554f00000)]
  0x00000177699ab800 JavaThread "Daemon periodic checks" [_thread_blocked, id=19432, stack(0x0000000554f00000,0x0000000555000000)]
  0x000001776a837000 JavaThread "Daemon" [_thread_blocked, id=17952, stack(0x0000000555200000,0x0000000555300000)]
  0x000001776b51b000 JavaThread "Handler for socket connection from /127.0.0.1:62816 to /127.0.0.1:62817" [_thread_in_native, id=8552, stack(0x0000000555300000,0x0000000555400000)]
  0x000001776b51c000 JavaThread "Cancel handler" [_thread_blocked, id=4036, stack(0x0000000555400000,0x0000000555500000)]
  0x000001776c409000 JavaThread "Daemon worker" [_thread_in_native_trans, id=17016, stack(0x0000000555500000,0x0000000555600000)]
  0x000001776c42d800 JavaThread "Asynchronous log dispatcher for DefaultDaemonConnection: socket connection from /127.0.0.1:62816 to /127.0.0.1:62817" [_thread_blocked, id=14140, stack(0x0000000555600000,0x0000000555700000)]
  0x000001776c735800 JavaThread "Stdin handler" [_thread_blocked, id=17420, stack(0x0000000555700000,0x0000000555800000)]
  0x000001776c73a000 JavaThread "Daemon client event forwarder" [_thread_blocked, id=18612, stack(0x0000000555800000,0x0000000555900000)]
  0x000001776c739800 JavaThread "Cache worker for journal cache (C:\Users\xps\.gradle\caches\journal-1)" [_thread_blocked, id=12628, stack(0x0000000555f00000,0x0000000556000000)]
  0x000001776c734800 JavaThread "File lock request listener" [_thread_in_native, id=9316, stack(0x0000000556000000,0x0000000556100000)]
  0x000001776c73b000 JavaThread "Cache worker for file hash cache (C:\Users\xps\.gradle\caches\7.5\fileHashes)" [_thread_blocked, id=7572, stack(0x0000000556100000,0x0000000556200000)]
  0x000001776c737800 JavaThread "File watcher server" daemon [_thread_in_native, id=7968, stack(0x0000000556400000,0x0000000556500000)]
  0x000001776c736000 JavaThread "File watcher consumer" daemon [_thread_blocked, id=16540, stack(0x0000000556500000,0x0000000556600000)]
  0x000001776c737000 JavaThread "Cache worker for checksums cache (C:\Users\xps\AndroidStudioProjects\HumainActivityRecognition\.gradle\7.5\checksums)" [_thread_blocked, id=12604, stack(0x0000000556700000,0x0000000556800000)]
  0x000001776c738800 JavaThread "Cache worker for cache directory md-rule (C:\Users\xps\.gradle\caches\7.5\md-rule)" [_thread_blocked, id=10320, stack(0x0000000556800000,0x0000000556900000)]
  0x000001776f19b800 JavaThread "Cache worker for file content cache (C:\Users\xps\.gradle\caches\7.5\fileContent)" [_thread_blocked, id=18488, stack(0x0000000556900000,0x0000000556a00000)]
  0x000001776f199800 JavaThread "Cache worker for file hash cache (C:\Users\xps\AndroidStudioProjects\HumainActivityRecognition\.gradle\7.5\fileHashes)" [_thread_blocked, id=7544, stack(0x0000000556300000,0x0000000556400000)]
  0x000001776f198800 JavaThread "Cache worker for cache directory md-supplier (C:\Users\xps\.gradle\caches\7.5\md-supplier)" [_thread_blocked, id=17820, stack(0x0000000556600000,0x0000000556700000)]
  0x000001776f19c800 JavaThread "Cache worker for execution history cache (C:\Users\xps\.gradle\caches\7.5\executionHistory)" [_thread_blocked, id=3140, stack(0x0000000556b00000,0x0000000556c00000)]
  0x000001776f19d800 JavaThread "jar transforms" [_thread_blocked, id=11208, stack(0x0000000556a00000,0x0000000556b00000)]
  0x000001776abcf800 JavaThread "C2 CompilerThread1" daemon [_thread_blocked, id=7468, stack(0x0000000556c00000,0x0000000556d00000)]
  0x000001776f19e000 JavaThread "jar transforms Thread 2" [_thread_blocked, id=17748, stack(0x0000000556d00000,0x0000000556e00000)]
=>0x000001776e5d0800 JavaThread "C2 CompilerThread2" daemon [_thread_in_native, id=12048, stack(0x0000000556e00000,0x0000000556f00000)]
  0x000001776f1a0800 JavaThread "jar transforms Thread 3" [_thread_blocked, id=6776, stack(0x0000000556f00000,0x0000000557000000)]
  0x000001776f19b000 JavaThread "jar transforms Thread 4" [_thread_blocked, id=2136, stack(0x0000000557000000,0x0000000557100000)]
  0x000001776f1a4800 JavaThread "Cache worker for dependencies-accessors (C:\Users\xps\AndroidStudioProjects\HumainActivityRecognition\.gradle\7.5\dependencies-accessors)" [_thread_blocked, id=18784, stack(0x0000000557100000,0x0000000557200000)]
  0x000001776f1a7000 JavaThread "jar transforms Thread 5" [_thread_blocked, id=4584, stack(0x0000000557200000,0x0000000557300000)]
  0x000001776f1a1800 JavaThread "Cache worker for Build Output Cleanup Cache (C:\Users\xps\AndroidStudioProjects\HumainActivityRecognition\.gradle\buildOutputCleanup)" [_thread_blocked, id=10252, stack(0x0000000557300000,0x0000000557400000)]
  0x000001776f1a2000 JavaThread "Unconstrained build operations" [_thread_blocked, id=6128, stack(0x0000000557400000,0x0000000557500000)]
  0x000001776f1a3000 JavaThread "Unconstrained build operations Thread 2" [_thread_blocked, id=6528, stack(0x0000000557500000,0x0000000557600000)]
  0x000001776f1a4000 JavaThread "Unconstrained build operations Thread 3" [_thread_blocked, id=17536, stack(0x0000000557600000,0x0000000557700000)]
  0x000001776f1a5800 JavaThread "Unconstrained build operations Thread 4" [_thread_blocked, id=17136, stack(0x0000000557700000,0x0000000557800000)]
  0x000001776f1a6800 JavaThread "Unconstrained build operations Thread 5" [_thread_blocked, id=3416, stack(0x0000000557800000,0x0000000557900000)]
  0x000001776ea36000 JavaThread "Unconstrained build operations Thread 6" [_thread_blocked, id=17492, stack(0x0000000557900000,0x0000000557a00000)]
  0x000001776ea3a000 JavaThread "Unconstrained build operations Thread 7" [_thread_blocked, id=17828, stack(0x0000000557a00000,0x0000000557b00000)]
  0x000001776ea37800 JavaThread "Unconstrained build operations Thread 8" [_thread_blocked, id=14732, stack(0x0000000557b00000,0x0000000557c00000)]
  0x000001776ea34800 JavaThread "Unconstrained build operations Thread 9" [_thread_blocked, id=12056, stack(0x0000000557c00000,0x0000000557d00000)]
  0x000001776ea38800 JavaThread "Unconstrained build operations Thread 10" [_thread_blocked, id=6124, stack(0x0000000557d00000,0x0000000557e00000)]
  0x000001776ea37000 JavaThread "Unconstrained build operations Thread 11" [_thread_blocked, id=14744, stack(0x0000000557e00000,0x0000000557f00000)]
  0x000001776ea3b000 JavaThread "Unconstrained build operations Thread 12" [_thread_blocked, id=1428, stack(0x0000000557f00000,0x0000000558000000)]
  0x000001776ea35800 JavaThread "Unconstrained build operations Thread 13" [_thread_blocked, id=19396, stack(0x0000000558000000,0x0000000558100000)]
  0x000001776ea39800 JavaThread "Unconstrained build operations Thread 14" [_thread_blocked, id=13992, stack(0x0000000558100000,0x0000000558200000)]
  0x000001776d224800 JavaThread "Unconstrained build operations Thread 15" [_thread_blocked, id=1604, stack(0x0000000558200000,0x0000000558300000)]
  0x000001776d21f000 JavaThread "Unconstrained build operations Thread 16" [_thread_blocked, id=17628, stack(0x0000000558300000,0x0000000558400000)]
  0x000001776d222000 JavaThread "Unconstrained build operations Thread 17" [_thread_blocked, id=18400, stack(0x0000000558400000,0x0000000558500000)]
  0x000001776d221000 JavaThread "Unconstrained build operations Thread 18" [_thread_blocked, id=15616, stack(0x0000000558500000,0x0000000558600000)]
  0x000001776d220800 JavaThread "Unconstrained build operations Thread 19" [_thread_blocked, id=5256, stack(0x0000000558600000,0x0000000558700000)]
  0x000001776d223000 JavaThread "Unconstrained build operations Thread 20" [_thread_blocked, id=18704, stack(0x0000000558700000,0x0000000558800000)]
  0x000001776d21f800 JavaThread "Unconstrained build operations Thread 21" [_thread_blocked, id=16132, stack(0x0000000558800000,0x0000000558900000)]
  0x000001776d229800 JavaThread "Unconstrained build operations Thread 22" [_thread_blocked, id=13472, stack(0x0000000558900000,0x0000000558a00000)]
  0x000001776d228800 JavaThread "Unconstrained build operations Thread 23" [_thread_blocked, id=18284, stack(0x0000000558a00000,0x0000000558b00000)]
  0x000001776d227000 JavaThread "Unconstrained build operations Thread 24" [_thread_blocked, id=18912, stack(0x0000000558b00000,0x0000000558c00000)]
  0x000001776d226000 JavaThread "Unconstrained build operations Thread 25" [_thread_blocked, id=15152, stack(0x0000000558c00000,0x0000000558d00000)]
  0x000001776d223800 JavaThread "Unconstrained build operations Thread 26" [_thread_blocked, id=16028, stack(0x0000000558d00000,0x0000000558e00000)]
  0x000001776d227800 JavaThread "Unconstrained build operations Thread 27" [_thread_blocked, id=19148, stack(0x0000000558e00000,0x0000000558f00000)]
  0x000001776d22a000 JavaThread "Unconstrained build operations Thread 28" [_thread_blocked, id=18560, stack(0x0000000558f00000,0x0000000559000000)]
  0x000001776d22b000 JavaThread "Unconstrained build operations Thread 29" [_thread_blocked, id=3628, stack(0x0000000559000000,0x0000000559100000)]
  0x000001776d225800 JavaThread "Unconstrained build operations Thread 30" [_thread_blocked, id=19168, stack(0x0000000559100000,0x0000000559200000)]
  0x000001776d22c000 JavaThread "Unconstrained build operations Thread 31" [_thread_blocked, id=15976, stack(0x0000000559200000,0x0000000559300000)]
  0x000001776d22c800 JavaThread "Unconstrained build operations Thread 32" [_thread_blocked, id=1448, stack(0x0000000559300000,0x0000000559400000)]
  0x000001776d22d800 JavaThread "Unconstrained build operations Thread 33" [_thread_blocked, id=3336, stack(0x0000000559400000,0x0000000559500000)]
  0x000001776fe0c000 JavaThread "Unconstrained build operations Thread 34" [_thread_blocked, id=19444, stack(0x0000000559500000,0x0000000559600000)]
  0x000001776fe0b000 JavaThread "Unconstrained build operations Thread 35" [_thread_blocked, id=2772, stack(0x0000000559600000,0x0000000559700000)]
  0x000001776fe11000 JavaThread "Unconstrained build operations Thread 36" [_thread_blocked, id=8168, stack(0x0000000559700000,0x0000000559800000)]
  0x000001776fe10000 JavaThread "Unconstrained build operations Thread 37" [_thread_blocked, id=8184, stack(0x0000000559800000,0x0000000559900000)]
  0x000001776fe0f000 JavaThread "Unconstrained build operations Thread 38" [_thread_blocked, id=3440, stack(0x0000000559900000,0x0000000559a00000)]
  0x000001776fe11800 JavaThread "Unconstrained build operations Thread 39" [_thread_blocked, id=16552, stack(0x0000000559a00000,0x0000000559b00000)]
  0x000001776fe0d800 JavaThread "Unconstrained build operations Thread 40" [_thread_blocked, id=18460, stack(0x0000000559b00000,0x0000000559c00000)]
  0x000001776fe12800 JavaThread "Unconstrained build operations Thread 41" [_thread_blocked, id=18244, stack(0x0000000559c00000,0x0000000559d00000)]
  0x000001776fe0d000 JavaThread "Unconstrained build operations Thread 42" [_thread_blocked, id=7120, stack(0x0000000559d00000,0x0000000559e00000)]
  0x000001776fe13800 JavaThread "Unconstrained build operations Thread 43" [_thread_blocked, id=19392, stack(0x0000000559e00000,0x0000000559f00000)]
  0x000001776fe14000 JavaThread "Unconstrained build operations Thread 44" [_thread_blocked, id=2244, stack(0x0000000559f00000,0x000000055a000000)]
  0x000001776fe0e800 JavaThread "Unconstrained build operations Thread 45" [_thread_blocked, id=7952, stack(0x000000055a000000,0x000000055a100000)]
  0x000001776fe15000 JavaThread "Unconstrained build operations Thread 46" [_thread_blocked, id=15896, stack(0x000000055a100000,0x000000055a200000)]
  0x000001776fe1a000 JavaThread "Unconstrained build operations Thread 47" [_thread_blocked, id=19240, stack(0x000000055a200000,0x000000055a300000)]
  0x000001776fe15800 JavaThread "Unconstrained build operations Thread 48" [_thread_blocked, id=18640, stack(0x000000055a300000,0x000000055a400000)]
  0x000001776fe16800 JavaThread "Unconstrained build operations Thread 49" [_thread_blocked, id=11236, stack(0x000000055a400000,0x000000055a500000)]
  0x000001776fe17800 JavaThread "Unconstrained build operations Thread 50" [_thread_blocked, id=13752, stack(0x000000055a500000,0x000000055a600000)]
  0x000001776fe18000 JavaThread "Unconstrained build operations Thread 51" [_thread_blocked, id=16428, stack(0x000000055a600000,0x000000055a700000)]
  0x000001776fe19000 JavaThread "Unconstrained build operations Thread 52" [_thread_blocked, id=15156, stack(0x000000055a700000,0x000000055a800000)]
  0x000001776ea0e000 JavaThread "Unconstrained build operations Thread 53" [_thread_blocked, id=15328, stack(0x000000055a800000,0x000000055a900000)]
  0x000001776ea11800 JavaThread "Unconstrained build operations Thread 54" [_thread_blocked, id=7188, stack(0x000000055a900000,0x000000055aa00000)]
  0x000001776ea10800 JavaThread "Unconstrained build operations Thread 55" [_thread_blocked, id=1744, stack(0x000000055aa00000,0x000000055ab00000)]
  0x000001776ea12000 JavaThread "Unconstrained build operations Thread 56" [_thread_blocked, id=14776, stack(0x000000055ab00000,0x000000055ac00000)]
  0x000001776ea0c800 JavaThread "Unconstrained build operations Thread 57" [_thread_blocked, id=4280, stack(0x000000055ac00000,0x000000055ad00000)]
  0x000001776ea13000 JavaThread "Unconstrained build operations Thread 58" [_thread_blocked, id=3716, stack(0x000000055ad00000,0x000000055ae00000)]
  0x000001776ea0d800 JavaThread "Unconstrained build operations Thread 59" [_thread_blocked, id=16716, stack(0x000000055ae00000,0x000000055af00000)]
  0x000001776ea14000 JavaThread "Unconstrained build operations Thread 60" [_thread_blocked, id=17248, stack(0x000000055af00000,0x000000055b000000)]
  0x000001776ea14800 JavaThread "Unconstrained build operations Thread 61" [_thread_blocked, id=18076, stack(0x000000055b000000,0x000000055b100000)]
  0x000001776ea0f000 JavaThread "Unconstrained build operations Thread 62" [_thread_blocked, id=3492, stack(0x000000055b100000,0x000000055b200000)]
  0x000001776ea15800 JavaThread "Unconstrained build operations Thread 63" [_thread_blocked, id=17728, stack(0x000000055b200000,0x000000055b300000)]
  0x000001776ea0f800 JavaThread "Unconstrained build operations Thread 64" [_thread_blocked, id=14496, stack(0x000000055b300000,0x000000055b400000)]
  0x000001776ea18800 JavaThread "Unconstrained build operations Thread 65" [_thread_blocked, id=15784, stack(0x000000055b400000,0x000000055b500000)]
  0x000001776ea17000 JavaThread "Unconstrained build operations Thread 66" [_thread_blocked, id=18736, stack(0x000000055b500000,0x000000055b600000)]
  0x000001776ea1b000 JavaThread "Unconstrained build operations Thread 67" [_thread_blocked, id=13072, stack(0x000000055b600000,0x000000055b700000)]
  0x000001776ea1a800 JavaThread "Unconstrained build operations Thread 68" [_thread_blocked, id=2420, stack(0x000000055b700000,0x000000055b800000)]
  0x000001776ea19800 JavaThread "Unconstrained build operations Thread 69" [_thread_blocked, id=15280, stack(0x000000055b800000,0x000000055b900000)]
  0x000001776ea16800 JavaThread "Unconstrained build operations Thread 70" [_thread_blocked, id=8208, stack(0x000000055b900000,0x000000055ba00000)]
  0x000001776ea18000 JavaThread "Unconstrained build operations Thread 71" [_thread_blocked, id=15384, stack(0x000000055ba00000,0x000000055bb00000)]
  0x000001776f22e800 JavaThread "Unconstrained build operations Thread 72" [_thread_blocked, id=8032, stack(0x000000055bb00000,0x000000055bc00000)]
  0x000001776f235000 JavaThread "Unconstrained build operations Thread 73" [_thread_blocked, id=18164, stack(0x000000055bc00000,0x000000055bd00000)]
  0x000001776f230000 JavaThread "Unconstrained build operations Thread 74" [_thread_blocked, id=15596, stack(0x000000055bd00000,0x000000055be00000)]
  0x000001776f22f800 JavaThread "Unconstrained build operations Thread 75" [_thread_blocked, id=10208, stack(0x000000055be00000,0x000000055bf00000)]
  0x000001776f231800 JavaThread "Unconstrained build operations Thread 76" [_thread_blocked, id=19404, stack(0x000000055bf00000,0x000000055c000000)]
  0x000001776f232800 JavaThread "Unconstrained build operations Thread 77" [_thread_blocked, id=12228, stack(0x000000055c000000,0x000000055c100000)]
  0x000001776f236000 JavaThread "Unconstrained build operations Thread 78" [_thread_blocked, id=6676, stack(0x000000055c100000,0x000000055c200000)]
  0x000001776f234000 JavaThread "Unconstrained build operations Thread 79" [_thread_blocked, id=3224, stack(0x000000055c200000,0x000000055c300000)]
  0x000001776f236800 JavaThread "Unconstrained build operations Thread 80" [_thread_blocked, id=16404, stack(0x000000055c300000,0x000000055c400000)]
  0x000001776f233800 JavaThread "jar transforms Thread 6" [_thread_blocked, id=18496, stack(0x000000055c400000,0x000000055c500000)]
  0x000001776f231000 JavaThread "jar transforms Thread 7" [_thread_blocked, id=11848, stack(0x000000055c500000,0x000000055c600000)]
  0x000001776f23a800 JavaThread "jar transforms Thread 8" [_thread_blocked, id=11204, stack(0x000000055c600000,0x000000055c700000)]

Other Threads:
  0x0000017768a77800 VMThread "VM Thread" [stack: 0x0000000554300000,0x0000000554400000] [id=8520]
  0x0000017769466800 WatcherThread [stack: 0x0000000554d00000,0x0000000554e00000] [id=1672]
  0x000001774e5ed800 GCTaskThread "GC Thread#0" [stack: 0x0000000553e00000,0x0000000553f00000] [id=18988]
  0x0000017769c85800 GCTaskThread "GC Thread#1" [stack: 0x0000000555000000,0x0000000555100000] [id=16352]
  0x000001776ba67000 GCTaskThread "GC Thread#2" [stack: 0x0000000555900000,0x0000000555a00000] [id=8164]
  0x000001776bd0b000 GCTaskThread "GC Thread#3" [stack: 0x0000000555a00000,0x0000000555b00000] [id=8956]
  0x000001776aace000 GCTaskThread "GC Thread#4" [stack: 0x0000000555b00000,0x0000000555c00000] [id=3364]
  0x000001776aacf000 GCTaskThread "GC Thread#5" [stack: 0x0000000555c00000,0x0000000555d00000] [id=3652]
  0x000001776b711000 GCTaskThread "GC Thread#6" [stack: 0x0000000555d00000,0x0000000555e00000] [id=14756]
  0x000001776b711800 GCTaskThread "GC Thread#7" [stack: 0x0000000555e00000,0x0000000555f00000] [id=2484]
  0x000001774e620000 ConcurrentGCThread "G1 Main Marker" [stack: 0x0000000553f00000,0x0000000554000000] [id=12524]
  0x000001774e622000 ConcurrentGCThread "G1 Conc#0" [stack: 0x0000000554000000,0x0000000554100000] [id=7472]
  0x0000017769d17800 ConcurrentGCThread "G1 Conc#1" [stack: 0x0000000556200000,0x0000000556300000] [id=19300]
  0x000001774e69e000 ConcurrentGCThread "G1 Refine#0" [stack: 0x0000000554100000,0x0000000554200000] [id=9128]
  0x00000177688c8800 ConcurrentGCThread "G1 Young RemSet Sampling" [stack: 0x0000000554200000,0x0000000554300000] [id=16620]

Threads with active compile tasks:
C2 CompilerThread2    10846 5496   !   4       java.util.concurrent.ConcurrentHashMap::putVal (432 bytes)

VM state:not at safepoint (normal execution)

VM Mutex/Monitor currently owned by a thread: None

Heap address: 0x0000000080000000, size: 2048 MB, Compressed Oops mode: 32-bit
Narrow klass base: 0x0000000000000000, Narrow klass shift: 3
Compressed class space size: 1073741824 Address: 0x0000000100000000

Heap:
 garbage-first heap   total 152576K, used 91363K [0x0000000080000000, 0x0000000100000000)
  region size 1024K, 61 young (62464K), 10 survivors (10240K)
 Metaspace       used 54514K, capacity 56116K, committed 56348K, reserved 1097728K
  class space    used 6935K, capacity 7512K, committed 7576K, reserved 1048576K
Heap Regions: E=young(eden), S=young(survivor), O=old, HS=humongous(starts), HC=humongous(continues), CS=collection set, F=free, A=archive, TAMS=top-at-mark-start (previous, next)
|   0|0x0000000080000000, 0x0000000080100000, 0x0000000080100000|100%| O|  |TAMS 0x0000000080100000, 0x0000000080000000| Untracked 
|   1|0x0000000080100000, 0x0000000080200000, 0x0000000080200000|100%| O|  |TAMS 0x0000000080200000, 0x0000000080100000| Untracked 
|   2|0x0000000080200000, 0x0000000080300000, 0x0000000080300000|100%| O|  |TAMS 0x0000000080300000, 0x0000000080200000| Untracked 
|   3|0x0000000080300000, 0x0000000080400000, 0x0000000080400000|100%|HS|  |TAMS 0x0000000080400000, 0x0000000080300000| Complete 
|   4|0x0000000080400000, 0x0000000080500000, 0x0000000080500000|100%|HC|  |TAMS 0x0000000080500000, 0x0000000080400000| Complete 
|   5|0x0000000080500000, 0x0000000080600000, 0x0000000080600000|100%|HC|  |TAMS 0x0000000080600000, 0x0000000080500000| Complete 
|   6|0x0000000080600000, 0x0000000080700000, 0x0000000080700000|100%| O|  |TAMS 0x0000000080700000, 0x0000000080600000| Untracked 
|   7|0x0000000080700000, 0x0000000080800000, 0x0000000080800000|100%| O|  |TAMS 0x0000000080800000, 0x0000000080700000| Untracked 
|   8|0x0000000080800000, 0x0000000080900000, 0x0000000080900000|100%| O|  |TAMS 0x0000000080900000, 0x0000000080800000| Untracked 
|   9|0x0000000080900000, 0x0000000080a00000, 0x0000000080a00000|100%| O|  |TAMS 0x0000000080a00000, 0x0000000080900000| Untracked 
|  10|0x0000000080a00000, 0x0000000080b00000, 0x0000000080b00000|100%| O|  |TAMS 0x0000000080b00000, 0x0000000080a00000| Untracked 
|  11|0x0000000080b00000, 0x0000000080c00000, 0x0000000080c00000|100%| O|  |TAMS 0x0000000080c00000, 0x0000000080b00000| Untracked 
|  12|0x0000000080c00000, 0x0000000080d00000, 0x0000000080d00000|100%| O|  |TAMS 0x0000000080d00000, 0x0000000080c00000| Untracked 
|  13|0x0000000080d00000, 0x0000000080e00000, 0x0000000080e00000|100%| O|  |TAMS 0x0000000080e00000, 0x0000000080d00000| Untracked 
|  14|0x0000000080e00000, 0x0000000080f00000, 0x0000000080f00000|100%| O|  |TAMS 0x0000000080f00000, 0x0000000080e00000| Untracked 
|  15|0x0000000080f00000, 0x0000000081000000, 0x0000000081000000|100%| O|  |TAMS 0x0000000081000000, 0x0000000080f00000| Untracked 
|  16|0x0000000081000000, 0x0000000081100000, 0x0000000081100000|100%|HS|  |TAMS 0x0000000081000000, 0x0000000081000000| Complete 
|  17|0x0000000081100000, 0x0000000081200000, 0x0000000081200000|100%| O|  |TAMS 0x0000000081100000, 0x0000000081100000| Untracked 
|  18|0x0000000081200000, 0x0000000081300000, 0x0000000081300000|100%| O|  |TAMS 0x0000000081200000, 0x0000000081200000| Untracked 
|  19|0x0000000081300000, 0x0000000081400000, 0x0000000081400000|100%| O|  |TAMS 0x0000000081400000, 0x0000000081300000| Untracked 
|  20|0x0000000081400000, 0x0000000081500000, 0x0000000081500000|100%| O|  |TAMS 0x0000000081500000, 0x0000000081400000| Untracked 
|  21|0x0000000081500000, 0x0000000081600000, 0x0000000081600000|100%| O|  |TAMS 0x00000000815d7800, 0x0000000081500000| Untracked 
|  22|0x0000000081600000, 0x0000000081700000, 0x0000000081700000|100%| O|  |TAMS 0x0000000081600000, 0x0000000081600000| Untracked 
|  23|0x0000000081700000, 0x0000000081800000, 0x0000000081800000|100%| O|  |TAMS 0x0000000081700000, 0x0000000081700000| Untracked 
|  24|0x0000000081800000, 0x0000000081900000, 0x0000000081900000|100%| O|  |TAMS 0x0000000081800000, 0x0000000081800000| Untracked 
|  25|0x0000000081900000, 0x0000000081a00000, 0x0000000081a00000|100%| O|  |TAMS 0x0000000081900000, 0x0000000081900000| Untracked 
|  26|0x0000000081a00000, 0x0000000081b00000, 0x0000000081b00000|100%| O|  |TAMS 0x0000000081a00000, 0x0000000081a00000| Untracked 
|  27|0x0000000081b00000, 0x0000000081c00000, 0x0000000081c00000|100%| O|  |TAMS 0x0000000081b00000, 0x0000000081b00000| Untracked 
|  28|0x0000000081c00000, 0x0000000081c21800, 0x0000000081d00000| 13%| O|  |TAMS 0x0000000081c00000, 0x0000000081c00000| Untracked 
|  29|0x0000000081d00000, 0x0000000081e00000, 0x0000000081e00000|100%|HS|  |TAMS 0x0000000081d00000, 0x0000000081d00000| Complete 
|  30|0x0000000081e00000, 0x0000000081f00000, 0x0000000081f00000|100%|HS|  |TAMS 0x0000000081e00000, 0x0000000081e00000| Complete 
|  31|0x0000000081f00000, 0x0000000081f00000, 0x0000000082000000|  0%| F|  |TAMS 0x0000000081f00000, 0x0000000081f00000| Untracked 
|  32|0x0000000082000000, 0x0000000082000000, 0x0000000082100000|  0%| F|  |TAMS 0x0000000082000000, 0x0000000082000000| Untracked 
|  33|0x0000000082100000, 0x0000000082100000, 0x0000000082200000|  0%| F|  |TAMS 0x0000000082100000, 0x0000000082100000| Untracked 
|  34|0x0000000082200000, 0x0000000082200000, 0x0000000082300000|  0%| F|  |TAMS 0x0000000082200000, 0x0000000082200000| Untracked 
|  35|0x0000000082300000, 0x0000000082300000, 0x0000000082400000|  0%| F|  |TAMS 0x0000000082300000, 0x0000000082300000| Untracked 
|  36|0x0000000082400000, 0x0000000082400000, 0x0000000082500000|  0%| F|  |TAMS 0x0000000082400000, 0x0000000082400000| Untracked 
|  37|0x0000000082500000, 0x0000000082500000, 0x0000000082600000|  0%| F|  |TAMS 0x0000000082500000, 0x0000000082500000| Untracked 
|  38|0x0000000082600000, 0x0000000082600000, 0x0000000082700000|  0%| F|  |TAMS 0x0000000082600000, 0x0000000082600000| Untracked 
|  39|0x0000000082700000, 0x0000000082700000, 0x0000000082800000|  0%| F|  |TAMS 0x0000000082700000, 0x0000000082700000| Untracked 
|  40|0x0000000082800000, 0x0000000082800000, 0x0000000082900000|  0%| F|  |TAMS 0x0000000082800000, 0x0000000082800000| Untracked 
|  41|0x0000000082900000, 0x0000000082900000, 0x0000000082a00000|  0%| F|  |TAMS 0x0000000082900000, 0x0000000082900000| Untracked 
|  42|0x0000000082a00000, 0x0000000082a00000, 0x0000000082b00000|  0%| F|  |TAMS 0x0000000082a00000, 0x0000000082a00000| Untracked 
|  43|0x0000000082b00000, 0x0000000082b00000, 0x0000000082c00000|  0%| F|  |TAMS 0x0000000082b00000, 0x0000000082b00000| Untracked 
|  44|0x0000000082c00000, 0x0000000082c00000, 0x0000000082d00000|  0%| F|  |TAMS 0x0000000082c00000, 0x0000000082c00000| Untracked 
|  45|0x0000000082d00000, 0x0000000082d00000, 0x0000000082e00000|  0%| F|  |TAMS 0x0000000082d00000, 0x0000000082d00000| Untracked 
|  46|0x0000000082e00000, 0x0000000082e00000, 0x0000000082f00000|  0%| F|  |TAMS 0x0000000082e00000, 0x0000000082e00000| Untracked 
|  47|0x0000000082f00000, 0x0000000082f00000, 0x0000000083000000|  0%| F|  |TAMS 0x0000000082f00000, 0x0000000082f00000| Untracked 
|  48|0x0000000083000000, 0x0000000083000000, 0x0000000083100000|  0%| F|  |TAMS 0x0000000083000000, 0x0000000083000000| Untracked 
|  49|0x0000000083100000, 0x0000000083100000, 0x0000000083200000|  0%| F|  |TAMS 0x0000000083100000, 0x0000000083100000| Untracked 
|  50|0x0000000083200000, 0x0000000083200000, 0x0000000083300000|  0%| F|  |TAMS 0x0000000083200000, 0x0000000083200000| Untracked 
|  51|0x0000000083300000, 0x0000000083300000, 0x0000000083400000|  0%| F|  |TAMS 0x0000000083300000, 0x0000000083300000| Untracked 
|  52|0x0000000083400000, 0x0000000083400000, 0x0000000083500000|  0%| F|  |TAMS 0x0000000083400000, 0x0000000083400000| Untracked 
|  53|0x0000000083500000, 0x0000000083500000, 0x0000000083600000|  0%| F|  |TAMS 0x0000000083500000, 0x0000000083500000| Untracked 
|  54|0x0000000083600000, 0x0000000083600000, 0x0000000083700000|  0%| F|  |TAMS 0x0000000083600000, 0x0000000083600000| Untracked 
|  55|0x0000000083700000, 0x0000000083700000, 0x0000000083800000|  0%| F|  |TAMS 0x0000000083700000, 0x0000000083700000| Untracked 
|  56|0x0000000083800000, 0x0000000083800000, 0x0000000083900000|  0%| F|  |TAMS 0x0000000083800000, 0x0000000083800000| Untracked 
|  57|0x0000000083900000, 0x0000000083900000, 0x0000000083a00000|  0%| F|  |TAMS 0x0000000083900000, 0x0000000083900000| Untracked 
|  58|0x0000000083a00000, 0x0000000083a00000, 0x0000000083b00000|  0%| F|  |TAMS 0x0000000083a00000, 0x0000000083a00000| Untracked 
|  59|0x0000000083b00000, 0x0000000083b00000, 0x0000000083c00000|  0%| F|  |TAMS 0x0000000083b00000, 0x0000000083b00000| Untracked 
|  60|0x0000000083c00000, 0x0000000083c00000, 0x0000000083d00000|  0%| F|  |TAMS 0x0000000083c00000, 0x0000000083c00000| Untracked 
|  61|0x0000000083d00000, 0x0000000083d00000, 0x0000000083e00000|  0%| F|  |TAMS 0x0000000083d00000, 0x0000000083d00000| Untracked 
|  62|0x0000000083e00000, 0x0000000083e00000, 0x0000000083f00000|  0%| F|  |TAMS 0x0000000083e00000, 0x0000000083e00000| Untracked 
|  63|0x0000000083f00000, 0x0000000083f00000, 0x0000000084000000|  0%| F|  |TAMS 0x0000000083f00000, 0x0000000083f00000| Untracked 
|  64|0x0000000084000000, 0x0000000084000000, 0x0000000084100000|  0%| F|  |TAMS 0x0000000084000000, 0x0000000084000000| Untracked 
|  65|0x0000000084100000, 0x0000000084100000, 0x0000000084200000|  0%| F|  |TAMS 0x0000000084100000, 0x0000000084100000| Untracked 
|  66|0x0000000084200000, 0x0000000084200000, 0x0000000084300000|  0%| F|  |TAMS 0x0000000084200000, 0x0000000084200000| Untracked 
|  67|0x0000000084300000, 0x0000000084300000, 0x0000000084400000|  0%| F|  |TAMS 0x0000000084300000, 0x0000000084300000| Untracked 
|  68|0x0000000084400000, 0x00000000844176c0, 0x0000000084500000|  9%| S|CS|TAMS 0x0000000084400000, 0x0000000084400000| Complete 
|  69|0x0000000084500000, 0x0000000084600000, 0x0000000084600000|100%| S|CS|TAMS 0x0000000084500000, 0x0000000084500000| Complete 
|  70|0x0000000084600000, 0x0000000084700000, 0x0000000084700000|100%| S|CS|TAMS 0x0000000084600000, 0x0000000084600000| Complete 
|  71|0x0000000084700000, 0x0000000084800000, 0x0000000084800000|100%| S|CS|TAMS 0x0000000084700000, 0x0000000084700000| Complete 
|  72|0x0000000084800000, 0x0000000084900000, 0x0000000084900000|100%| S|CS|TAMS 0x0000000084800000, 0x0000000084800000| Complete 
|  73|0x0000000084900000, 0x0000000084a00000, 0x0000000084a00000|100%| S|CS|TAMS 0x0000000084900000, 0x0000000084900000| Complete 
|  74|0x0000000084a00000, 0x0000000084b00000, 0x0000000084b00000|100%| S|CS|TAMS 0x0000000084a00000, 0x0000000084a00000| Complete 
|  75|0x0000000084b00000, 0x0000000084c00000, 0x0000000084c00000|100%| S|CS|TAMS 0x0000000084b00000, 0x0000000084b00000| Complete 
|  76|0x0000000084c00000, 0x0000000084d00000, 0x0000000084d00000|100%| S|CS|TAMS 0x0000000084c00000, 0x0000000084c00000| Complete 
|  77|0x0000000084d00000, 0x0000000084e00000, 0x0000000084e00000|100%| S|CS|TAMS 0x0000000084d00000, 0x0000000084d00000| Complete 
|  78|0x0000000084e00000, 0x0000000084e00000, 0x0000000084f00000|  0%| F|  |TAMS 0x0000000084e00000, 0x0000000084e00000| Untracked 
|  79|0x0000000084f00000, 0x0000000084f00000, 0x0000000085000000|  0%| F|  |TAMS 0x0000000084f00000, 0x0000000084f00000| Untracked 
|  80|0x0000000085000000, 0x0000000085000000, 0x0000000085100000|  0%| F|  |TAMS 0x0000000085000000, 0x0000000085000000| Untracked 
|  81|0x0000000085100000, 0x0000000085100000, 0x0000000085200000|  0%| F|  |TAMS 0x0000000085100000, 0x0000000085100000| Untracked 
|  82|0x0000000085200000, 0x0000000085200000, 0x0000000085300000|  0%| F|  |TAMS 0x0000000085200000, 0x0000000085200000| Untracked 
|  83|0x0000000085300000, 0x0000000085300000, 0x0000000085400000|  0%| F|  |TAMS 0x0000000085300000, 0x0000000085300000| Untracked 
|  84|0x0000000085400000, 0x0000000085400000, 0x0000000085500000|  0%| F|  |TAMS 0x0000000085400000, 0x0000000085400000| Untracked 
|  85|0x0000000085500000, 0x0000000085500000, 0x0000000085600000|  0%| F|  |TAMS 0x0000000085500000, 0x0000000085500000| Untracked 
|  86|0x0000000085600000, 0x0000000085600000, 0x0000000085700000|  0%| F|  |TAMS 0x0000000085600000, 0x0000000085600000| Untracked 
|  87|0x0000000085700000, 0x0000000085700000, 0x0000000085800000|  0%| F|  |TAMS 0x0000000085700000, 0x0000000085700000| Untracked 
|  88|0x0000000085800000, 0x0000000085800000, 0x0000000085900000|  0%| F|  |TAMS 0x0000000085800000, 0x0000000085800000| Untracked 
|  89|0x0000000085900000, 0x0000000085900000, 0x0000000085a00000|  0%| F|  |TAMS 0x0000000085900000, 0x0000000085900000| Untracked 
|  90|0x0000000085a00000, 0x0000000085a00000, 0x0000000085b00000|  0%| F|  |TAMS 0x0000000085a00000, 0x0000000085a00000| Untracked 
|  91|0x0000000085b00000, 0x0000000085b00000, 0x0000000085c00000|  0%| F|  |TAMS 0x0000000085b00000, 0x0000000085b00000| Untracked 
|  92|0x0000000085c00000, 0x0000000085c00000, 0x0000000085d00000|  0%| F|  |TAMS 0x0000000085c00000, 0x0000000085c00000| Untracked 
|  93|0x0000000085d00000, 0x0000000085d00000, 0x0000000085e00000|  0%| F|  |TAMS 0x0000000085d00000, 0x0000000085d00000| Untracked 
|  94|0x0000000085e00000, 0x0000000085e00000, 0x0000000085f00000|  0%| F|  |TAMS 0x0000000085e00000, 0x0000000085e00000| Untracked 
|  95|0x0000000085f00000, 0x0000000085f00000, 0x0000000086000000|  0%| F|  |TAMS 0x0000000085f00000, 0x0000000085f00000| Untracked 
|  96|0x0000000086000000, 0x0000000086000000, 0x0000000086100000|  0%| F|  |TAMS 0x0000000086000000, 0x0000000086000000| Untracked 
|  97|0x0000000086100000, 0x0000000086100000, 0x0000000086200000|  0%| F|  |TAMS 0x0000000086100000, 0x0000000086100000| Untracked 
|  98|0x0000000086200000, 0x0000000086300000, 0x0000000086300000|100%| E|  |TAMS 0x0000000086200000, 0x0000000086200000| Complete 
|  99|0x0000000086300000, 0x0000000086400000, 0x0000000086400000|100%| E|CS|TAMS 0x0000000086300000, 0x0000000086300000| Complete 
| 100|0x0000000086400000, 0x0000000086500000, 0x0000000086500000|100%| E|CS|TAMS 0x0000000086400000, 0x0000000086400000| Complete 
| 101|0x0000000086500000, 0x0000000086600000, 0x0000000086600000|100%| E|CS|TAMS 0x0000000086500000, 0x0000000086500000| Complete 
| 102|0x0000000086600000, 0x0000000086700000, 0x0000000086700000|100%| E|CS|TAMS 0x0000000086600000, 0x0000000086600000| Complete 
| 103|0x0000000086700000, 0x0000000086800000, 0x0000000086800000|100%| E|CS|TAMS 0x0000000086700000, 0x0000000086700000| Complete 
| 104|0x0000000086800000, 0x0000000086900000, 0x0000000086900000|100%| E|CS|TAMS 0x0000000086800000, 0x0000000086800000| Complete 
| 105|0x0000000086900000, 0x0000000086a00000, 0x0000000086a00000|100%| E|CS|TAMS 0x0000000086900000, 0x0000000086900000| Complete 
| 106|0x0000000086a00000, 0x0000000086b00000, 0x0000000086b00000|100%| E|CS|TAMS 0x0000000086a00000, 0x0000000086a00000| Complete 
| 107|0x0000000086b00000, 0x0000000086c00000, 0x0000000086c00000|100%| E|CS|TAMS 0x0000000086b00000, 0x0000000086b00000| Complete 
| 108|0x0000000086c00000, 0x0000000086d00000, 0x0000000086d00000|100%| E|CS|TAMS 0x0000000086c00000, 0x0000000086c00000| Complete 
| 109|0x0000000086d00000, 0x0000000086e00000, 0x0000000086e00000|100%| E|CS|TAMS 0x0000000086d00000, 0x0000000086d00000| Complete 
| 110|0x0000000086e00000, 0x0000000086f00000, 0x0000000086f00000|100%| E|CS|TAMS 0x0000000086e00000, 0x0000000086e00000| Complete 
| 111|0x0000000086f00000, 0x0000000087000000, 0x0000000087000000|100%| E|CS|TAMS 0x0000000086f00000, 0x0000000086f00000| Complete 
| 112|0x0000000087000000, 0x0000000087100000, 0x0000000087100000|100%| E|CS|TAMS 0x0000000087000000, 0x0000000087000000| Complete 
| 113|0x0000000087100000, 0x0000000087200000, 0x0000000087200000|100%| E|CS|TAMS 0x0000000087100000, 0x0000000087100000| Complete 
| 114|0x0000000087200000, 0x0000000087300000, 0x0000000087300000|100%| E|CS|TAMS 0x0000000087200000, 0x0000000087200000| Complete 
| 115|0x0000000087300000, 0x0000000087400000, 0x0000000087400000|100%| E|CS|TAMS 0x0000000087300000, 0x0000000087300000| Complete 
| 116|0x0000000087400000, 0x0000000087500000, 0x0000000087500000|100%| E|CS|TAMS 0x0000000087400000, 0x0000000087400000| Complete 
| 117|0x0000000087500000, 0x0000000087600000, 0x0000000087600000|100%| E|CS|TAMS 0x0000000087500000, 0x0000000087500000| Complete 
| 118|0x0000000087600000, 0x0000000087700000, 0x0000000087700000|100%| E|CS|TAMS 0x0000000087600000, 0x0000000087600000| Complete 
| 119|0x0000000087700000, 0x0000000087800000, 0x0000000087800000|100%| E|CS|TAMS 0x0000000087700000, 0x0000000087700000| Complete 
| 120|0x0000000087800000, 0x0000000087900000, 0x0000000087900000|100%| E|CS|TAMS 0x0000000087800000, 0x0000000087800000| Complete 
| 121|0x0000000087900000, 0x0000000087a00000, 0x0000000087a00000|100%| E|CS|TAMS 0x0000000087900000, 0x0000000087900000| Complete 
| 122|0x0000000087a00000, 0x0000000087b00000, 0x0000000087b00000|100%| E|CS|TAMS 0x0000000087a00000, 0x0000000087a00000| Complete 
| 123|0x0000000087b00000, 0x0000000087c00000, 0x0000000087c00000|100%| E|CS|TAMS 0x0000000087b00000, 0x0000000087b00000| Complete 
| 124|0x0000000087c00000, 0x0000000087d00000, 0x0000000087d00000|100%| E|CS|TAMS 0x0000000087c00000, 0x0000000087c00000| Complete 
| 125|0x0000000087d00000, 0x0000000087e00000, 0x0000000087e00000|100%| E|CS|TAMS 0x0000000087d00000, 0x0000000087d00000| Complete 
| 126|0x0000000087e00000, 0x0000000087f00000, 0x0000000087f00000|100%| E|CS|TAMS 0x0000000087e00000, 0x0000000087e00000| Complete 
| 127|0x0000000087f00000, 0x0000000088000000, 0x0000000088000000|100%| E|CS|TAMS 0x0000000087f00000, 0x0000000087f00000| Complete 
| 128|0x0000000088000000, 0x0000000088100000, 0x0000000088100000|100%| E|CS|TAMS 0x0000000088000000, 0x0000000088000000| Complete 
| 129|0x0000000088100000, 0x0000000088200000, 0x0000000088200000|100%| E|CS|TAMS 0x0000000088100000, 0x0000000088100000| Complete 
| 130|0x0000000088200000, 0x0000000088300000, 0x0000000088300000|100%| E|CS|TAMS 0x0000000088200000, 0x0000000088200000| Complete 
| 131|0x0000000088300000, 0x0000000088400000, 0x0000000088400000|100%| E|CS|TAMS 0x0000000088300000, 0x0000000088300000| Complete 
| 132|0x0000000088400000, 0x0000000088500000, 0x0000000088500000|100%| E|CS|TAMS 0x0000000088400000, 0x0000000088400000| Complete 
| 133|0x0000000088500000, 0x0000000088600000, 0x0000000088600000|100%| E|CS|TAMS 0x0000000088500000, 0x0000000088500000| Complete 
| 134|0x0000000088600000, 0x0000000088700000, 0x0000000088700000|100%| E|CS|TAMS 0x0000000088600000, 0x0000000088600000| Complete 
| 135|0x0000000088700000, 0x0000000088800000, 0x0000000088800000|100%| E|CS|TAMS 0x0000000088700000, 0x0000000088700000| Complete 
| 136|0x0000000088800000, 0x0000000088900000, 0x0000000088900000|100%| E|CS|TAMS 0x0000000088800000, 0x0000000088800000| Complete 
| 137|0x0000000088900000, 0x0000000088a00000, 0x0000000088a00000|100%| E|CS|TAMS 0x0000000088900000, 0x0000000088900000| Complete 
| 138|0x0000000088a00000, 0x0000000088b00000, 0x0000000088b00000|100%| E|CS|TAMS 0x0000000088a00000, 0x0000000088a00000| Complete 
| 139|0x0000000088b00000, 0x0000000088c00000, 0x0000000088c00000|100%| E|CS|TAMS 0x0000000088b00000, 0x0000000088b00000| Complete 
| 140|0x0000000088c00000, 0x0000000088d00000, 0x0000000088d00000|100%| E|CS|TAMS 0x0000000088c00000, 0x0000000088c00000| Complete 
| 141|0x0000000088d00000, 0x0000000088e00000, 0x0000000088e00000|100%| E|CS|TAMS 0x0000000088d00000, 0x0000000088d00000| Complete 
| 142|0x0000000088e00000, 0x0000000088f00000, 0x0000000088f00000|100%| E|CS|TAMS 0x0000000088e00000, 0x0000000088e00000| Complete 
| 143|0x0000000088f00000, 0x0000000089000000, 0x0000000089000000|100%| E|CS|TAMS 0x0000000088f00000, 0x0000000088f00000| Complete 
| 144|0x0000000089000000, 0x0000000089100000, 0x0000000089100000|100%| E|CS|TAMS 0x0000000089000000, 0x0000000089000000| Complete 
| 145|0x0000000089100000, 0x0000000089200000, 0x0000000089200000|100%| E|CS|TAMS 0x0000000089100000, 0x0000000089100000| Complete 
| 146|0x0000000089200000, 0x0000000089300000, 0x0000000089300000|100%| E|CS|TAMS 0x0000000089200000, 0x0000000089200000| Complete 
| 147|0x0000000089300000, 0x0000000089400000, 0x0000000089400000|100%| E|CS|TAMS 0x0000000089300000, 0x0000000089300000| Complete 
| 148|0x0000000089400000, 0x0000000089500000, 0x0000000089500000|100%| E|CS|TAMS 0x0000000089400000, 0x0000000089400000| Complete 

Card table byte_map: [0x0000017761820000,0x0000017761c20000] _byte_map_base: 0x0000017761420000

Marking Bits (Prev, Next): (CMBitMap*) 0x000001774e617350, (CMBitMap*) 0x000001774e617318
 Prev Bits: [0x0000017764020000, 0x0000017766020000)
 Next Bits: [0x0000017762020000, 0x0000017764020000)

Polling page: 0x000001774dda0000

Metaspace:

Usage:
  Non-class:     47.53 MB capacity,    46.53 MB ( 98%) used,   865.68 KB (  2%) free+waste,   155.94 KB ( <1%) overhead. 
      Class:      7.34 MB capacity,     6.78 MB ( 92%) used,   497.64 KB (  7%) free+waste,    74.62 KB ( <1%) overhead. 
       Both:     54.86 MB capacity,    53.31 MB ( 97%) used,     1.33 MB (  2%) free+waste,   230.56 KB ( <1%) overhead. 

Virtual space:
  Non-class space:       48.00 MB reserved,      47.63 MB (>99%) committed 
      Class space:        1.00 GB reserved,       7.40 MB ( <1%) committed 
             Both:        1.05 GB reserved,      55.03 MB (  5%) committed 

Chunk freelists:
   Non-Class:  40.00 KB
       Class:  8.00 KB
        Both:  48.00 KB

MaxMetaspaceSize: 17179869184.00 GB
CompressedClassSpaceSize: 1.00 GB
Initial GC threshold: 20.80 MB
Current GC threshold: 68.17 MB
CDS: off

CodeHeap 'non-profiled nmethods': size=120000Kb used=3346Kb max_used=3346Kb free=116654Kb
 bounds [0x0000017759bc0000, 0x0000017759f10000, 0x00000177610f0000]
CodeHeap 'profiled nmethods': size=120000Kb used=11172Kb max_used=11172Kb free=108827Kb
 bounds [0x0000017752690000, 0x0000017753180000, 0x0000017759bc0000]
CodeHeap 'non-nmethods': size=5760Kb used=2315Kb max_used=2350Kb free=3444Kb
 bounds [0x00000177520f0000, 0x0000017752360000, 0x0000017752690000]
 total_blobs=6305 nmethods=5483 adapters=734
 compilation: enabled
              stopped_count=0, restarted_count=0
 full_count=0

Compilation events (20 events):
Event: 10.731 Thread 0x00000177692ea800 nmethod 5490 0x000001775316c210 code [0x000001775316c3c0, 0x000001775316c4e8]
Event: 10.735 Thread 0x000001776abcf800 nmethod 5479 0x0000017759ef9010 code [0x0000017759ef91a0, 0x0000017759ef9438]
Event: 10.737 Thread 0x000001776e5d0800 nmethod 5488 0x0000017759ef9610 code [0x0000017759ef97e0, 0x0000017759ef9b88]
Event: 10.761 Thread 0x000001776abcf800 5493       4       java.util.concurrent.ConcurrentHashMap::addCount (289 bytes)
Event: 10.762 Thread 0x000001776e5d0800 5494       4       java.util.HashMap$ValueIterator::next (8 bytes)
Event: 10.764 Thread 0x00000177692ea800 5495       3       com.google.common.collect.Sets$ImprovedAbstractSet::<init> (5 bytes)
Event: 10.764 Thread 0x00000177692ea800 nmethod 5495 0x000001775316c590 code [0x000001775316c760, 0x000001775316c978]
Event: 10.770 Thread 0x000001776e5d0800 nmethod 5494 0x0000017759efa190 code [0x0000017759efa320, 0x0000017759efa718]
Event: 10.772 Thread 0x000001776abcf800 nmethod 5493 0x0000017759efa890 code [0x0000017759efaa60, 0x0000017759efae48]
Event: 10.774 Thread 0x000001776e5d0800 5496   !   4       java.util.concurrent.ConcurrentHashMap::putVal (432 bytes)
Event: 10.782 Thread 0x00000177692ea800 5498       3       org.gradle.internal.instantiation.generator.AbstractClassGenerator$InjectionAnnotationValidator::validateMethod (166 bytes)
Event: 10.782 Thread 0x000001776abcf800 5499       4       com.google.common.collect.RegularImmutableSet::iterator (5 bytes)
Event: 10.783 Thread 0x00000177692ea800 nmethod 5498 0x000001775316ca90 code [0x000001775316ce20, 0x000001775316e4a8]
Event: 10.783 Thread 0x00000177692ea800 5497       3       org.gradle.internal.instantiation.generator.AbstractClassGenerator$InjectionAnnotationValidator::validateMethod (502 bytes)
Event: 10.785 Thread 0x000001776abcf800 nmethod 5499 0x0000017759efb210 code [0x0000017759efb3c0, 0x0000017759efb558]
Event: 10.788 Thread 0x00000177692ea800 nmethod 5497 0x000001775316eb90 code [0x000001775316f420, 0x0000017753174918]
Event: 10.788 Thread 0x00000177692ea800 5500       3       java.lang.AbstractStringBuilder::append (67 bytes)
Event: 10.788 Thread 0x00000177692ea800 nmethod 5500 0x0000017753176010 code [0x0000017753176220, 0x0000017753176708]
Event: 10.788 Thread 0x00000177692ea800 5501       3       java.lang.AbstractStringBuilder::getBytes (44 bytes)
Event: 10.788 Thread 0x00000177692ea800 nmethod 5501 0x0000017753176890 code [0x0000017753176a60, 0x0000017753176d38]

GC Heap History (18 events):
Event: 1.096 GC heap before
{Heap before GC invocations=0 (full 0):
 garbage-first heap   total 126976K, used 29696K [0x0000000080000000, 0x0000000100000000)
  region size 1024K, 24 young (24576K), 0 survivors (0K)
 Metaspace       used 9770K, capacity 9956K, committed 10112K, reserved 1058816K
  class space    used 997K, capacity 1069K, committed 1152K, reserved 1048576K
}
Event: 1.108 GC heap after
{Heap after GC invocations=1 (full 0):
 garbage-first heap   total 126976K, used 9159K [0x0000000080000000, 0x0000000100000000)
  region size 1024K, 3 young (3072K), 3 survivors (3072K)
 Metaspace       used 9770K, capacity 9956K, committed 10112K, reserved 1058816K
  class space    used 997K, capacity 1069K, committed 1152K, reserved 1048576K
}
Event: 3.536 GC heap before
{Heap before GC invocations=1 (full 0):
 garbage-first heap   total 126976K, used 82887K [0x0000000080000000, 0x0000000100000000)
  region size 1024K, 74 young (75776K), 3 survivors (3072K)
 Metaspace       used 17958K, capacity 18325K, committed 18432K, reserved 1064960K
  class space    used 2101K, capacity 2242K, committed 2304K, reserved 1048576K
}
Event: 3.546 GC heap after
{Heap after GC invocations=2 (full 0):
 garbage-first heap   total 126976K, used 16453K [0x0000000080000000, 0x0000000100000000)
  region size 1024K, 10 young (10240K), 10 survivors (10240K)
 Metaspace       used 17958K, capacity 18325K, committed 18432K, reserved 1064960K
  class space    used 2101K, capacity 2242K, committed 2304K, reserved 1048576K
}
Event: 4.015 GC heap before
{Heap before GC invocations=2 (full 0):
 garbage-first heap   total 126976K, used 41029K [0x0000000080000000, 0x0000000100000000)
  region size 1024K, 36 young (36864K), 10 survivors (10240K)
 Metaspace       used 20779K, capacity 21187K, committed 21296K, reserved 1069056K
  class space    used 2522K, capacity 2685K, committed 2688K, reserved 1048576K
}
Event: 4.029 GC heap after
{Heap after GC invocations=3 (full 0):
 garbage-first heap   total 126976K, used 17372K [0x0000000080000000, 0x0000000100000000)
  region size 1024K, 2 young (2048K), 2 survivors (2048K)
 Metaspace       used 20779K, capacity 21187K, committed 21296K, reserved 1069056K
  class space    used 2522K, capacity 2685K, committed 2688K, reserved 1048576K
}
Event: 5.240 GC heap before
{Heap before GC invocations=4 (full 0):
 garbage-first heap   total 126976K, used 65500K [0x0000000080000000, 0x0000000100000000)
  region size 1024K, 49 young (50176K), 2 survivors (2048K)
 Metaspace       used 25846K, capacity 26433K, committed 26620K, reserved 1073152K
  class space    used 3340K, capacity 3549K, committed 3660K, reserved 1048576K
}
Event: 5.247 GC heap after
{Heap after GC invocations=5 (full 0):
 garbage-first heap   total 126976K, used 18966K [0x0000000080000000, 0x0000000100000000)
  region size 1024K, 3 young (3072K), 3 survivors (3072K)
 Metaspace       used 25846K, capacity 26433K, committed 26620K, reserved 1073152K
  class space    used 3340K, capacity 3549K, committed 3660K, reserved 1048576K
}
Event: 6.130 GC heap before
{Heap before GC invocations=5 (full 0):
 garbage-first heap   total 126976K, used 73238K [0x0000000080000000, 0x0000000100000000)
  region size 1024K, 56 young (57344K), 3 survivors (3072K)
 Metaspace       used 30742K, capacity 31453K, committed 31612K, reserved 1077248K
  class space    used 4114K, capacity 4420K, committed 4556K, reserved 1048576K
}
Event: 6.137 GC heap after
{Heap after GC invocations=6 (full 0):
 garbage-first heap   total 126976K, used 20429K [0x0000000080000000, 0x0000000100000000)
  region size 1024K, 5 young (5120K), 5 survivors (5120K)
 Metaspace       used 30742K, capacity 31453K, committed 31612K, reserved 1077248K
  class space    used 4114K, capacity 4420K, committed 4556K, reserved 1048576K
}
Event: 6.691 GC heap before
{Heap before GC invocations=6 (full 0):
 garbage-first heap   total 126976K, used 39885K [0x0000000080000000, 0x0000000100000000)
  region size 1024K, 25 young (25600K), 5 survivors (5120K)
 Metaspace       used 35085K, capacity 35953K, committed 36048K, reserved 1081344K
  class space    used 4566K, capacity 4921K, committed 4940K, reserved 1048576K
}
Event: 6.702 GC heap after
{Heap after GC invocations=7 (full 0):
 garbage-first heap   total 126976K, used 22625K [0x0000000080000000, 0x0000000100000000)
  region size 1024K, 7 young (7168K), 7 survivors (7168K)
 Metaspace       used 35085K, capacity 35953K, committed 36048K, reserved 1081344K
  class space    used 4566K, capacity 4921K, committed 4940K, reserved 1048576K
}
Event: 7.669 GC heap before
{Heap before GC invocations=8 (full 0):
 garbage-first heap   total 126976K, used 86113K [0x0000000080000000, 0x0000000100000000)
  region size 1024K, 66 young (67584K), 7 survivors (7168K)
 Metaspace       used 40651K, capacity 41617K, committed 41884K, reserved 1085440K
  class space    used 5135K, capacity 5523K, committed 5656K, reserved 1048576K
}
Event: 7.687 GC heap after
{Heap after GC invocations=9 (full 0):
 garbage-first heap   total 126976K, used 28510K [0x0000000080000000, 0x0000000100000000)
  region size 1024K, 9 young (9216K), 9 survivors (9216K)
 Metaspace       used 40651K, capacity 41617K, committed 41884K, reserved 1085440K
  class space    used 5135K, capacity 5523K, committed 5656K, reserved 1048576K
}
Event: 8.600 GC heap before
{Heap before GC invocations=10 (full 0):
 garbage-first heap   total 126976K, used 86878K [0x0000000080000000, 0x0000000100000000)
  region size 1024K, 66 young (67584K), 9 survivors (9216K)
 Metaspace       used 45835K, capacity 46969K, committed 47132K, reserved 1089536K
  class space    used 5837K, capacity 6252K, committed 6296K, reserved 1048576K
}
Event: 8.616 GC heap after
{Heap after GC invocations=11 (full 0):
 garbage-first heap   total 152576K, used 30854K [0x0000000080000000, 0x0000000100000000)
  region size 1024K, 3 young (3072K), 3 survivors (3072K)
 Metaspace       used 45835K, capacity 46969K, committed 47132K, reserved 1089536K
  class space    used 5837K, capacity 6252K, committed 6296K, reserved 1048576K
}
Event: 9.735 GC heap before
{Heap before GC invocations=11 (full 0):
 garbage-first heap   total 152576K, used 105606K [0x0000000080000000, 0x0000000100000000)
  region size 1024K, 74 young (75776K), 3 survivors (3072K)
 Metaspace       used 49304K, capacity 50668K, committed 50972K, reserved 1093632K
  class space    used 6277K, capacity 6757K, committed 6808K, reserved 1048576K
}
Event: 9.742 GC heap after
{Heap after GC invocations=12 (full 0):
 garbage-first heap   total 152576K, used 39139K [0x0000000080000000, 0x0000000100000000)
  region size 1024K, 10 young (10240K), 10 survivors (10240K)
 Metaspace       used 49304K, capacity 50668K, committed 50972K, reserved 1093632K
  class space    used 6277K, capacity 6757K, committed 6808K, reserved 1048576K
}

Deoptimization events (20 events):
Event: 10.528 Thread 0x000001776c409000 Uncommon trap: trap_request=0xffffff4d fr.pc=0x0000017759c0f090 relative=0x0000000000000450
Event: 10.528 Thread 0x000001776c409000 Uncommon trap: reason=unstable_if action=reinterpret pc=0x0000017759c0f090 method=java.lang.AbstractStringBuilder.putStringAt(ILjava/lang/String;)V @ 8 c2
Event: 10.528 Thread 0x000001776c409000 DEOPT PACKING pc=0x0000017759c0f090 sp=0x00000005555f4fb0
Event: 10.528 Thread 0x000001776c409000 DEOPT UNPACKING pc=0x000001775213a1af sp=0x00000005555f4f20 mode 2
Event: 10.660 Thread 0x000001776c409000 Uncommon trap: trap_request=0xffffff4d fr.pc=0x0000017759d96a1c relative=0x000000000000091c
Event: 10.661 Thread 0x000001776c409000 Uncommon trap: reason=unstable_if action=reinterpret pc=0x0000017759d96a1c method=java.io.BufferedInputStream.read([BII)I @ 56 c2
Event: 10.661 Thread 0x000001776c409000 DEOPT PACKING pc=0x0000017759d96a1c sp=0x00000005555f6e60
Event: 10.661 Thread 0x000001776c409000 DEOPT UNPACKING pc=0x000001775213a1af sp=0x00000005555f6e18 mode 2
Event: 10.765 Thread 0x000001776c409000 Uncommon trap: trap_request=0xffffffc6 fr.pc=0x0000017759ea9308 relative=0x0000000000000348
Event: 10.765 Thread 0x000001776c409000 Uncommon trap: reason=bimorphic_or_optimized_type_check action=maybe_recompile pc=0x0000017759ea9308 method=com.google.common.collect.RegularImmutableSet.contains(Ljava/lang/Object;)Z @ 42 c2
Event: 10.765 Thread 0x000001776c409000 DEOPT PACKING pc=0x0000017759ea9308 sp=0x00000005555f7850
Event: 10.765 Thread 0x000001776c409000 DEOPT UNPACKING pc=0x000001775213a1af sp=0x00000005555f77f0 mode 2
Event: 10.782 Thread 0x000001776c409000 Uncommon trap: trap_request=0xffffff4d fr.pc=0x0000017759e10204 relative=0x0000000000000324
Event: 10.782 Thread 0x000001776c409000 Uncommon trap: reason=unstable_if action=reinterpret pc=0x0000017759e10204 method=org.gradle.internal.instantiation.generator.AbstractClassGenerator$InjectionAnnotationValidator.validateMethod(Ljava/lang/reflect/Method;Lorg/gradle/internal/reflect/Propert
Event: 10.782 Thread 0x000001776c409000 DEOPT PACKING pc=0x0000017759e10204 sp=0x00000005555f71f0
Event: 10.782 Thread 0x000001776c409000 DEOPT UNPACKING pc=0x000001775213a1af sp=0x00000005555f71b8 mode 2
Event: 10.782 Thread 0x000001776c409000 Uncommon trap: trap_request=0xffffff4d fr.pc=0x0000017759ef8308 relative=0x00000000000003e8
Event: 10.782 Thread 0x000001776c409000 Uncommon trap: reason=unstable_if action=reinterpret pc=0x0000017759ef8308 method=org.gradle.internal.instantiation.generator.AbstractClassGenerator$InjectionAnnotationValidator.validateMethod(Ljava/lang/reflect/Method;Lorg/gradle/internal/reflect/Propert
Event: 10.782 Thread 0x000001776c409000 DEOPT PACKING pc=0x0000017759ef8308 sp=0x00000005555f7160
Event: 10.782 Thread 0x000001776c409000 DEOPT UNPACKING pc=0x000001775213a1af sp=0x00000005555f7120 mode 2

Classes redefined (0 events):
No events

Internal exceptions (20 events):
Event: 10.079 Thread 0x000001776c73a000 Exception <a 'java/lang/NoSuchMethodError'{0x00000000889a4e58}: <clinit>> (0x00000000889a4e58) thrown at [src/hotspot/share/prims/jni.cpp, line 1367]
Event: 10.079 Thread 0x000001776c73a000 Exception <a 'java/lang/NoSuchMethodError'{0x00000000889a5e78}: <clinit>> (0x00000000889a5e78) thrown at [src/hotspot/share/prims/jni.cpp, line 1367]
Event: 10.081 Thread 0x000001776c73a000 Exception <a 'java/lang/NoSuchMethodError'{0x00000000889b89d8}: <clinit>> (0x00000000889b89d8) thrown at [src/hotspot/share/prims/jni.cpp, line 1367]
Event: 10.082 Thread 0x000001776c73a000 Exception <a 'java/lang/NoSuchMethodError'{0x00000000889cde98}: <clinit>> (0x00000000889cde98) thrown at [src/hotspot/share/prims/jni.cpp, line 1367]
Event: 10.086 Thread 0x000001776c73a000 Exception <a 'java/lang/NoSuchMethodError'{0x00000000889e1f00}: <clinit>> (0x00000000889e1f00) thrown at [src/hotspot/share/prims/jni.cpp, line 1367]
Event: 10.095 Thread 0x000001776c409000 Exception <a 'java/lang/ClassNotFoundException'{0x0000000088869368}: build_3usru0o69jgw57wqee6xt1jpdBeanInfo> (0x0000000088869368) thrown at [src/hotspot/share/classfile/systemDictionary.cpp, line 230]
Event: 10.095 Thread 0x000001776c409000 Exception <a 'java/lang/ClassNotFoundException'{0x00000000888753c8}: build_3usru0o69jgw57wqee6xt1jpdCustomizer> (0x00000000888753c8) thrown at [src/hotspot/share/classfile/systemDictionary.cpp, line 230]
Event: 10.107 Thread 0x000001776c409000 Exception <a 'java/lang/ClassNotFoundException'{0x00000000888ff3c0}: org/gradle/plugin/use/internal/PluginRequestCollector$PluginDependenciesSpecImplBeanInfo> (0x00000000888ff3c0) thrown at [src/hotspot/share/classfile/systemDictionary.cpp, line 230]
Event: 10.108 Thread 0x000001776c409000 Exception <a 'java/lang/ClassNotFoundException'{0x000000008872fc08}: org/gradle/plugin/use/internal/PluginRequestCollector$PluginDependenciesSpecImplCustomizer> (0x000000008872fc08) thrown at [src/hotspot/share/classfile/systemDictionary.cpp, line 230]
Event: 10.114 Thread 0x000001776c409000 Exception <a 'java/lang/NoSuchMethodError'{0x0000000088772bf8}: 'void java.lang.invoke.DirectMethodHandle$Holder.invokeInterface(java.lang.Object, java.lang.Object)'> (0x0000000088772bf8) thrown at [src/hotspot/share/interpreter/linkResolver.cpp, line 773]
Event: 10.156 Thread 0x000001776c409000 Exception <a 'java/lang/ClassNotFoundException'{0x000000008840b850}: org/gradle/api/internal/plugins/DefaultObjectConfigurationActionBeanInfo> (0x000000008840b850) thrown at [src/hotspot/share/classfile/systemDictionary.cpp, line 230]
Event: 10.157 Thread 0x000001776c409000 Exception <a 'java/lang/ClassNotFoundException'{0x00000000884424e8}: org/gradle/api/internal/plugins/DefaultObjectConfigurationActionCustomizer> (0x00000000884424e8) thrown at [src/hotspot/share/classfile/systemDictionary.cpp, line 230]
Event: 10.364 Thread 0x000001776c409000 Exception <a 'java/lang/NoSuchMethodError'{0x0000000087958a40}: 'java.lang.Object java.lang.invoke.DirectMethodHandle$Holder.invokeStatic(java.lang.Object, java.lang.Object, java.lang.Object, java.lang.Object, int)'> (0x0000000087958a40) thrown at [src/hotspot/share/interpreter/linkResolver.cpp, line 773]
Event: 10.365 Thread 0x000001776c409000 Exception <a 'java/lang/NoSuchMethodError'{0x000000008795d438}: 'java.lang.Object java.lang.invoke.DirectMethodHandle$Holder.invokeSpecial(java.lang.Object, java.lang.Object, java.lang.Object, java.lang.Object, java.lang.Object, int)'> (0x000000008795d438) thrown at [src/hotspot/share/interpreter/linkResolver.cpp, line 773]
Event: 10.365 Thread 0x000001776c409000 Exception <a 'java/lang/NoSuchMethodError'{0x0000000087961a78}: 'java.lang.Object java.lang.invoke.Invokers$Holder.linkToTargetMethod(java.lang.Object, java.lang.Object, java.lang.Object, int, java.lang.Object)'> (0x0000000087961a78) thrown at [src/hotspot/share/interpreter/linkResolver.cpp, line 773]
Event: 10.386 Thread 0x000001776c409000 Exception <a 'java/lang/NoSuchMethodError'{0x0000000087829268}: 'java.lang.Object java.lang.invoke.Invokers$Holder.linkToTargetMethod(java.lang.Object, int, int, java.lang.Object)'> (0x0000000087829268) thrown at [src/hotspot/share/interpreter/linkResolver.cpp, line 773]
Event: 10.388 Thread 0x000001776c409000 Exception <a 'java/lang/NoSuchMethodError'{0x0000000087840bb8}: 'java.lang.Object java.lang.invoke.DirectMethodHandle$Holder.invokeStatic(java.lang.Object, java.lang.Object, int, int, java.lang.Object, java.lang.Object)'> (0x0000000087840bb8) thrown at [src/hotspot/share/interpreter/linkResolver.cpp, line 773]
Event: 10.699 Thread 0x000001776c409000 Exception <a 'java/lang/NoSuchMethodError'{0x0000000086942240}: 'java.lang.Object java.lang.invoke.DirectMethodHandle$Holder.invokeStatic(java.lang.Object, java.lang.Object, java.lang.Object, java.lang.Object, java.lang.Object, java.lang.Object, java.lang.Object, java.lang.Object, java.lang.Object, java.lang.Object, java.lang.Object, java.lang.Object, java.lang.Object, int)'> (0x0000000086942240) thrown at [src/hotspot/share/interpreter/linkResolver.cpp, line 773]
Event: 10.702 Thread 0x000001776c409000 Exception <a 'java/lang/NoSuchMethodError'{0x000000008694fc28}: 'java.lang.Object java.lang.invoke.DirectMethodHandle$Holder.invokeStatic(java.lang.Object, java.lang.Object, java.lang.Object, java.lang.Object, java.lang.Object, java.lang.Object, java.lang.Object, java.lang.Object, java.lang.Object, java.lang.Object, java.lang.Object, java.lang.Object, java.lang.Object, int, int)'> (0x000000008694fc28) thrown at [src/hotspot/share/interpreter/linkResolver.cpp, line 773]
Event: 10.760 Thread 0x000001776c409000 Exception <a 'java/lang/NoSuchMethodError'{0x00000000867aef30}: 'int java.lang.invoke.DirectMethodHandle$Holder.invokeInterface(java.lang.Object, java.lang.Object, java.lang.Object, java.lang.Object)'> (0x00000000867aef30) thrown at [src/hotspot/share/interpreter/linkResolver.cpp, line 773]

Events (20 events):
Event: 10.797 loading class com/google/wireless/android/sdk/stats/GradleBuildProject$Builder
Event: 10.797 loading class com/google/wireless/android/sdk/stats/GradleBuildProject$Builder done
Event: 10.799 loading class com/google/wireless/android/sdk/stats/GradleBuildProjectOrBuilder
Event: 10.799 loading class com/google/wireless/android/sdk/stats/GradleBuildProjectOrBuilder done
Event: 10.799 loading class com/google/protobuf/MessageOrBuilder
Event: 10.799 loading class com/google/protobuf/MessageOrBuilder done
Event: 10.800 loading class com/google/protobuf/MessageLiteOrBuilder
Event: 10.800 loading class com/google/protobuf/MessageLiteOrBuilder done
Event: 10.801 loading class com/google/protobuf/GeneratedMessageV3$Builder
Event: 10.801 loading class com/google/protobuf/GeneratedMessageV3$Builder done
Event: 10.802 loading class com/google/protobuf/AbstractMessage$Builder
Event: 10.802 loading class com/google/protobuf/AbstractMessage$Builder done
Event: 10.802 loading class com/google/protobuf/Message$Builder
Event: 10.802 loading class com/google/protobuf/Message$Builder done
Event: 10.803 loading class com/google/protobuf/MessageLite$Builder
Event: 10.803 loading class com/google/protobuf/MessageLite$Builder done
Event: 10.804 loading class com/google/protobuf/AbstractMessageLite$Builder
Event: 10.804 loading class com/google/protobuf/AbstractMessageLite$Builder done
Event: 10.805 loading class com/google/wireless/android/sdk/stats/GradleBuildVariant$Builder
Event: 10.805 loading class com/google/wireless/android/sdk/stats/GradleBuildVariant$Builder done


Dynamic libraries:
0x00007ff72d950000 - 0x00007ff72d95a000 	C:\Program Files\Android\Android Studio\jbr\bin\java.exe
0x00007ffc11d90000 - 0x00007ffc11fa4000 	C:\WINDOWS\SYSTEM32\ntdll.dll
0x00007ffc10280000 - 0x00007ffc10342000 	C:\WINDOWS\System32\KERNEL32.DLL
0x00007ffc0f5a0000 - 0x00007ffc0f943000 	C:\WINDOWS\System32\KERNELBASE.dll
0x00007ffc0f1b0000 - 0x00007ffc0f2c1000 	C:\WINDOWS\System32\ucrtbase.dll
0x00007ffbfdfc0000 - 0x00007ffbfdfd7000 	C:\Program Files\Android\Android Studio\jbr\bin\jli.dll
0x00007ffbd5b80000 - 0x00007ffbd5b9b000 	C:\Program Files\Android\Android Studio\jbr\bin\VCRUNTIME140.dll
0x00007ffc11730000 - 0x00007ffc118db000 	C:\WINDOWS\System32\USER32.dll
0x00007ffc0fb60000 - 0x00007ffc0fb86000 	C:\WINDOWS\System32\win32u.dll
0x00007ffbf8e40000 - 0x00007ffbf90ce000 	C:\WINDOWS\WinSxS\amd64_microsoft.windows.common-controls_6595b64144ccf1df_6.0.22621.1635_none_270f70857386168e\COMCTL32.dll
0x00007ffc11530000 - 0x00007ffc11559000 	C:\WINDOWS\System32\GDI32.dll
0x00007ffc10da0000 - 0x00007ffc10e47000 	C:\WINDOWS\System32\msvcrt.dll
0x00007ffc0f480000 - 0x00007ffc0f598000 	C:\WINDOWS\System32\gdi32full.dll
0x00007ffc0f950000 - 0x00007ffc0f9ea000 	C:\WINDOWS\System32\msvcp_win.dll
0x00007ffc100a0000 - 0x00007ffc100d1000 	C:\WINDOWS\System32\IMM32.DLL
0x00007ffbec3d0000 - 0x00007ffbec3dc000 	C:\Program Files\Android\Android Studio\jbr\bin\vcruntime140_1.dll
0x00007ffbcaf10000 - 0x00007ffbcaf9d000 	C:\Program Files\Android\Android Studio\jbr\bin\msvcp140.dll
0x00007ffba17d0000 - 0x00007ffba238c000 	C:\Program Files\Android\Android Studio\jbr\bin\server\jvm.dll
0x00007ffc11b00000 - 0x00007ffc11bae000 	C:\WINDOWS\System32\ADVAPI32.dll
0x00007ffc10c70000 - 0x00007ffc10d14000 	C:\WINDOWS\System32\sechost.dll
0x00007ffc100e0000 - 0x00007ffc101f7000 	C:\WINDOWS\System32\RPCRT4.dll
0x00007ffc11930000 - 0x00007ffc11938000 	C:\WINDOWS\System32\PSAPI.DLL
0x00007ffc05010000 - 0x00007ffc0501a000 	C:\WINDOWS\SYSTEM32\VERSION.dll
0x00007ffc04a50000 - 0x00007ffc04a84000 	C:\WINDOWS\SYSTEM32\WINMM.dll
0x00007ffc04a90000 - 0x00007ffc04a99000 	C:\WINDOWS\SYSTEM32\WSOCK32.dll
0x00007ffc10d20000 - 0x00007ffc10d91000 	C:\WINDOWS\System32\WS2_32.dll
0x00007ffc0e200000 - 0x00007ffc0e218000 	C:\WINDOWS\SYSTEM32\kernel.appcore.dll
0x00007ffbfe0e0000 - 0x00007ffbfe0f0000 	C:\Program Files\Android\Android Studio\jbr\bin\verify.dll
0x00007ffc0cbd0000 - 0x00007ffc0cdfe000 	C:\WINDOWS\SYSTEM32\DBGHELP.DLL
0x00007ffc10e50000 - 0x00007ffc111d9000 	C:\WINDOWS\System32\combase.dll
0x00007ffc111e0000 - 0x00007ffc112b7000 	C:\WINDOWS\System32\OLEAUT32.dll
0x00007ffbf09e0000 - 0x00007ffbf0a12000 	C:\WINDOWS\SYSTEM32\dbgcore.DLL
0x00007ffc0f400000 - 0x00007ffc0f47b000 	C:\WINDOWS\System32\bcryptPrimitives.dll
0x00007ffbe4600000 - 0x00007ffbe4628000 	C:\Program Files\Android\Android Studio\jbr\bin\java.dll
0x00007ffbfe0d0000 - 0x00007ffbfe0da000 	C:\Program Files\Android\Android Studio\jbr\bin\jimage.dll
0x00007ffbfd7e0000 - 0x00007ffbfd7f8000 	C:\Program Files\Android\Android Studio\jbr\bin\zip.dll
0x00007ffc10410000 - 0x00007ffc10c0a000 	C:\WINDOWS\System32\SHELL32.dll
0x00007ffc0d1b0000 - 0x00007ffc0da7e000 	C:\WINDOWS\SYSTEM32\windows.storage.dll
0x00007ffc0d070000 - 0x00007ffc0d1ae000 	C:\WINDOWS\SYSTEM32\wintypes.dll
0x00007ffc11a00000 - 0x00007ffc11af1000 	C:\WINDOWS\System32\SHCORE.dll
0x00007ffc11940000 - 0x00007ffc1199e000 	C:\WINDOWS\System32\shlwapi.dll
0x00007ffc0f0e0000 - 0x00007ffc0f101000 	C:\WINDOWS\SYSTEM32\profapi.dll
0x00007ffbeb260000 - 0x00007ffbeb279000 	C:\Program Files\Android\Android Studio\jbr\bin\net.dll
0x00007ffc06fb0000 - 0x00007ffc070e7000 	C:\WINDOWS\SYSTEM32\WINHTTP.dll
0x00007ffc0e6e0000 - 0x00007ffc0e749000 	C:\WINDOWS\system32\mswsock.dll
0x00007ffbe42f0000 - 0x00007ffbe4303000 	C:\Program Files\Android\Android Studio\jbr\bin\nio.dll
0x00007ffbd7d70000 - 0x00007ffbd7d97000 	C:\Users\xps\.gradle\native\e1d6ef7f7dcc3fd88c89a11ec53ec762bb8ba0a96d01ffa2cd45eb1d1d8dd5c5\windows-amd64\native-platform.dll
0x00007ffbcac10000 - 0x00007ffbcad54000 	C:\Users\xps\.gradle\native\0d407fdbe67a94daf76414ababcb853783967236a71b16ec16e742cd7a986fd3\windows-amd64\native-platform-file-events.dll
0x00007ffbfded0000 - 0x00007ffbfdeda000 	C:\Program Files\Android\Android Studio\jbr\bin\management.dll
0x00007ffbfd8e0000 - 0x00007ffbfd8eb000 	C:\Program Files\Android\Android Studio\jbr\bin\management_ext.dll
0x00007ffc0e940000 - 0x00007ffc0e95b000 	C:\WINDOWS\SYSTEM32\CRYPTSP.dll
0x00007ffc0e170000 - 0x00007ffc0e1a5000 	C:\WINDOWS\system32\rsaenh.dll
0x00007ffc0e7e0000 - 0x00007ffc0e808000 	C:\WINDOWS\SYSTEM32\USERENV.dll
0x00007ffc0eae0000 - 0x00007ffc0eb08000 	C:\WINDOWS\SYSTEM32\bcrypt.dll
0x00007ffc0e960000 - 0x00007ffc0e96c000 	C:\WINDOWS\SYSTEM32\CRYPTBASE.dll
0x00007ffc0dce0000 - 0x00007ffc0dd0d000 	C:\WINDOWS\SYSTEM32\IPHLPAPI.DLL
0x00007ffc11560000 - 0x00007ffc11569000 	C:\WINDOWS\System32\NSI.dll
0x00007ffc07ff0000 - 0x00007ffc08009000 	C:\WINDOWS\SYSTEM32\dhcpcsvc6.DLL
0x00007ffc04c80000 - 0x00007ffc04c9f000 	C:\WINDOWS\SYSTEM32\dhcpcsvc.DLL
0x00007ffc0dd50000 - 0x00007ffc0de43000 	C:\WINDOWS\SYSTEM32\DNSAPI.dll

dbghelp: loaded successfully - version: 4.0.5 - missing functions: none
symbol engine: initialized successfully - sym options: 0x614 - pdb path: .;C:\Program Files\Android\Android Studio\jbr\bin;C:\WINDOWS\SYSTEM32;C:\WINDOWS\WinSxS\amd64_microsoft.windows.common-controls_6595b64144ccf1df_6.0.22621.1635_none_270f70857386168e;C:\Program Files\Android\Android Studio\jbr\bin\server;C:\Users\xps\.gradle\native\e1d6ef7f7dcc3fd88c89a11ec53ec762bb8ba0a96d01ffa2cd45eb1d1d8dd5c5\windows-amd64;C:\Users\xps\.gradle\native\0d407fdbe67a94daf76414ababcb853783967236a71b16ec16e742cd7a986fd3\windows-amd64

VM Arguments:
jvm_args: --add-opens=java.base/java.util=ALL-UNNAMED --add-opens=java.base/java.lang=ALL-UNNAMED --add-opens=java.base/java.lang.invoke=ALL-UNNAMED --add-opens=java.base/java.util=ALL-UNNAMED --add-opens=java.prefs/java.util.prefs=ALL-UNNAMED --add-opens=java.prefs/java.util.prefs=ALL-UNNAMED --add-opens=java.base/java.nio.charset=ALL-UNNAMED --add-opens=java.base/java.net=ALL-UNNAMED --add-opens=java.base/java.util.concurrent.atomic=ALL-UNNAMED -Xmx2048m -Dfile.encoding=UTF-8 -Duser.country=US -Duser.language=en -Duser.variant 
java_command: org.gradle.launcher.daemon.bootstrap.GradleDaemon 7.5
java_class_path (initial): C:\Users\xps\.gradle\wrapper\dists\gradle-7.5-bin\f1w0cc9nuo0eivz97x2xlu9sv\gradle-7.5\lib\gradle-launcher-7.5.jar
Launcher Type: SUN_STANDARD

[Global flags]
     intx CICompilerCount                          = 4                                         {product} {ergonomic}
     uint ConcGCThreads                            = 2                                         {product} {ergonomic}
     uint G1ConcRefinementThreads                  = 8                                         {product} {ergonomic}
   size_t G1HeapRegionSize                         = 1048576                                   {product} {ergonomic}
    uintx GCDrainStackTargetSize                   = 64                                        {product} {ergonomic}
   size_t InitialHeapSize                          = 130023424                                 {product} {ergonomic}
   size_t MarkStackSize                            = 4194304                                   {product} {ergonomic}
   size_t MaxHeapSize                              = 2147483648                                {product} {command line}
   size_t MaxNewSize                               = 1287651328                                {product} {ergonomic}
   size_t MinHeapDeltaBytes                        = 1048576                                   {product} {ergonomic}
    uintx NonNMethodCodeHeapSize                   = 5836300                                {pd product} {ergonomic}
    uintx NonProfiledCodeHeapSize                  = 122910970                              {pd product} {ergonomic}
    uintx ProfiledCodeHeapSize                     = 122910970                              {pd product} {ergonomic}
    uintx ReservedCodeCacheSize                    = 251658240                              {pd product} {ergonomic}
     bool SegmentedCodeCache                       = true                                      {product} {ergonomic}
     bool UseCompressedClassPointers               = true                                 {lp64_product} {ergonomic}
     bool UseCompressedOops                        = true                                 {lp64_product} {ergonomic}
     bool UseG1GC                                  = true                                      {product} {ergonomic}
     bool UseLargePagesIndividualAllocation        = false                                  {pd product} {ergonomic}

Logging:
Log output configuration:
 #0: stdout all=warning uptime,level,tags
 #1: stderr all=off uptime,level,tags

Environment Variables:
PATH=C:\Program Files\Common Files\Oracle\Java\javapath;C:\WINDOWS\system32;C:\WINDOWS;C:\WINDOWS\System32\Wbem;C:\WINDOWS\System32\WindowsPowerShell\v1.0\;C:\WINDOWS\System32\OpenSSH\;C:\Program Files\Java\jdk-16.0.1\bin;C:\Program Files\Microsoft SQL Server\130\Tools\Binn\;C:\Program Files\Git\cmd;C:\sqlite3;;C:\TDM-GCC-32\bin;C:\xampp\php;C:\ProgramData\ComposerSetup\bin;C:\Program Files\dotnet\;C:\Program Files\nodejs\;C:\ProgramData\chocolatey\bin;C:\Users\xps\anaconda3;C:\Users\xps\anaconda3\Library\mingw-w64\bin;C:\Users\xps\anaconda3\Library\usr\bin;C:\Users\xps\anaconda3\Library\bin;C:\Users\xps\anaconda3\Scripts;C:\Users\xps\AppData\Local\Programs\Python\Python39\Scripts\;C:\Users\xps\AppData\Local\Programs\Python\Python39\;C:\Users\xps\AppData\Local\Programs\Python\Python310\Scripts\;C:\Users\xps\AppData\Local\Programs\Python\Python310\;C:\Users\xps\AppData\Local\Programs\Python\Python311\Scripts\;C:\Users\xps\AppData\Local\Programs\Python\Python311\;C:\Users\xps\AppData\Local\Microsoft\WindowsApps;C:\Program Files\Bandizip\;C:\Program Files\JetBrains\IntelliJ IDEA Community Edition 2021.2.2\bin;;C:\Users\xps\Desktop\S6_LPSIE\latex\miktex\bin\x64\;C:\dart\dart-sdk\bin;C:\Users\xps\AppData\Local\Programs\Microsoft VS Code\bin;C:\Program Files\JetBrains\PyCharm Community Edition 2022.1.4\bin;;C:\Program Files\JetBrains\PyCharm 2022.3.1\bin;;C:\Users\xps\AppData\Roaming\Composer\vendor\bin;C:\Program Files\php8.1.14;C:\Program Files\JetBrains\IntelliJ IDEA 2022.3.3\bin;;C:\Users\xps\.dotnet\tools;C:\Users\xps\AppData\Roaming\npm
USERNAME=xps
OS=Windows_NT
PROCESSOR_IDENTIFIER=Intel64 Family 6 Model 142 Stepping 12, GenuineIntel



---------------  S Y S T E M  ---------------

OS: Windows 11 , 64 bit Build 22621 (10.0.22621.1635)
OS uptime: 2 days 23:13 hours

CPU:total 8 (initial active 8) (4 cores per cpu, 2 threads per core) family 6 model 142 stepping 12 microcode 0xea, cmov, cx8, fxsr, mmx, sse, sse2, sse3, ssse3, sse4.1, sse4.2, popcnt, avx, avx2, aes, clmul, erms, 3dnowpref, lzcnt, ht, tsc, tscinvbit, bmi1, bmi2, adx, fma

Memory: 4k page, system-wide physical 7929M (827M free)
TotalPageFile size 18527M (AvailPageFile size 5M)
current process WorkingSet (physical memory assigned to process): 325M, peak: 328M
current process commit charge ("private bytes"): 374M, peak: 376M

vm_info: OpenJDK 64-Bit Server VM (11.0.15+0-b2043.56-9505619) for windows-amd64 JRE (11.0.15+0-b2043.56-9505619), built on Jan 19 2023 02:48:00 by "builduser" with unknown MS VC++:1929

END.
