#
# There is insufficient memory for the Java Runtime Environment to continue.
# Native memory allocation (mmap) failed to map 31457280 bytes for Failed to commit area from 0x0000000089500000 to 0x000000008b300000 of length 31457280.
# Possible reasons:
#   The system is out of physical RAM or swap space
#   The process is running with CompressedOops enabled, and the Java Heap may be blocking the growth of the native heap
# Possible solutions:
#   Reduce memory load on the system
#   Increase physical memory or swap space
#   Check if swap backing store is full
#   Decrease Java heap size (-Xmx/-Xms)
#   Decrease number of Java threads
#   Decrease Java thread stack sizes (-Xss)
#   Set larger code cache with -XX:ReservedCodeCacheSize=
#   JVM is running with Unscaled Compressed Oops mode in which the Java heap is
#     placed in the first 4GB address space. The Java Heap base address is the
#     maximum limit for the native heap growth. Please use -XX:HeapBaseMinAddress
#     to set the Java Heap base and to place the Java Heap above 4GB virtual address.
# This output file may be truncated or incomplete.
#
#  Out of Memory Error (src/hotspot/os/windows/os_windows.cpp:3627), pid=8552, tid=16620
#
# JRE version: OpenJDK Runtime Environment (11.0.15) (build 11.0.15+0-b2043.56-9505619)
# Java VM: OpenJDK 64-Bit Server VM (11.0.15+0-b2043.56-9505619, mixed mode, tiered, compressed oops, g1 gc, windows-amd64)
# No core dump will be written. Minidumps are not enabled by default on client versions of Windows
#

---------------  S U M M A R Y ------------

Command Line: --add-opens=java.base/java.util=ALL-UNNAMED --add-opens=java.base/java.lang=ALL-UNNAMED --add-opens=java.base/java.lang.invoke=ALL-UNNAMED --add-opens=java.base/java.util=ALL-UNNAMED --add-opens=java.prefs/java.util.prefs=ALL-UNNAMED --add-opens=java.prefs/java.util.prefs=ALL-UNNAMED --add-opens=java.base/java.nio.charset=ALL-UNNAMED --add-opens=java.base/java.net=ALL-UNNAMED --add-opens=java.base/java.util.concurrent.atomic=ALL-UNNAMED -Xmx2048m -Dfile.encoding=UTF-8 -Duser.country=US -Duser.language=en -Duser.variant org.gradle.launcher.daemon.bootstrap.GradleDaemon 7.5

Host: Intel(R) Core(TM) i5-8265U CPU @ 1.60GHz, 8 cores, 7G,  Windows 11 , 64 bit Build 22621 (10.0.22621.1635)
Time: Sat Jun  3 20:05:03 2023 Morocco Daylight Time elapsed time: 18.338508 seconds (0d 0h 0m 18s)

---------------  T H R E A D  ---------------

Current thread (0x0000015f28f97000):  VMThread "VM Thread" [stack: 0x000000275ee00000,0x000000275ef00000] [id=16620]

Stack: [0x000000275ee00000,0x000000275ef00000]
[error occurred during error reporting (printing stack bounds), id 0xc0000005, EXCEPTION_ACCESS_VIOLATION (0xc0000005) at pc=0x0000015f1260112d]

Native frames: (J=compiled Java code, j=interpreted, Vv=VM code, C=native code)
V  [jvm.dll+0x64135a]
V  [jvm.dll+0x7d39f9]
V  [jvm.dll+0x7d51b9]
V  [jvm.dll+0x7d5805]
V  [jvm.dll+0x7d57bb]
V  [jvm.dll+0x640655]
V  [jvm.dll+0x640d68]
C  [ntdll.dll+0xa3cff]
C  [ntdll.dll+0x1e456]
C  [ntdll.dll+0xa2cee]
C  0x0000015f1260112d

VM_Operation (0x00000027617fe210): G1CollectForAllocation, mode: safepoint, requested by thread 0x0000015f2d040000


---------------  P R O C E S S  ---------------

Threads class SMR info:
_java_thread_list=0x0000015f33127f30, length=136, elements={
0x0000015f0eae1000, 0x0000015f28fab800, 0x0000015f28fad800, 0x0000015f28fa5800,
0x0000015f28fa7000, 0x0000015f29805800, 0x0000015f29807000, 0x0000015f29808000,
0x0000015f2980d800, 0x0000015f29971800, 0x0000015f2bb5d800, 0x0000015f29b25800,
0x0000015f2b858800, 0x0000015f2bc91000, 0x0000015f2bc5b800, 0x0000015f2b150000,
0x0000015f2afba000, 0x0000015f2b3c6000, 0x0000015f2b2df800, 0x0000015f2bf16000,
0x0000015f2bb4e800, 0x0000015f2bb54000, 0x0000015f2bb51000, 0x0000015f2bb55000,
0x0000015f2bb4f000, 0x0000015f2bb50000, 0x0000015f2bb51800, 0x0000015f2bb53000,
0x0000015f2bb52800, 0x0000015f2d042800, 0x0000015f2d040000, 0x0000015f2d041000,
0x0000015f2d043800, 0x0000015f2d045000, 0x0000015f2d03f000, 0x0000015f2d04a800,
0x0000015f2d04a000, 0x0000015f2d047800, 0x0000015f2d046000, 0x0000015f2d04b800,
0x0000015f2d046800, 0x0000015f2d049000, 0x0000015f2d04c800, 0x0000015f2d04d000,
0x0000015f2d04e000, 0x0000015f2d048000, 0x0000015f2acb8800, 0x0000015f2acb3800,
0x0000015f2acb9000, 0x0000015f2acb4800, 0x0000015f2acba000, 0x0000015f2acbb000,
0x0000015f2acb5000, 0x0000015f2acb7000, 0x0000015f2acbb800, 0x0000015f2acb6000,
0x0000015f2acbc800, 0x0000015f2acbd800, 0x0000015f2acb7800, 0x0000015f2acc0800,
0x0000015f2acbe000, 0x0000015f2acc1800, 0x0000015f2acbf000, 0x0000015f2acc2000,
0x0000015f2acc0000, 0x0000015f2a1af800, 0x0000015f2a1b3000, 0x0000015f2a1b0800,
0x0000015f2a1b1000, 0x0000015f2a1b4800, 0x0000015f2a1b6000, 0x0000015f2a1b7800,
0x0000015f2a1b7000, 0x0000015f2a1b5800, 0x0000015f2a1b3800, 0x0000015f2a1b2000,
0x0000015f2a1bd800, 0x0000015f2a1be000, 0x0000015f2a1b8800, 0x0000015f2a1b9800,
0x0000015f2a1ba000, 0x0000015f2a1bb000, 0x0000015f2a1bc000, 0x0000015f2a1bc800,
0x0000015f2f7b9800, 0x0000015f2f7be800, 0x0000015f2f7bc800, 0x0000015f2f7bd800,
0x0000015f2f7bf000, 0x0000015f2f7bc000, 0x0000015f2f7c0000, 0x0000015f2f7ba800,
0x0000015f2f7bb000, 0x0000015f2f7c4000, 0x0000015f2f7c3000, 0x0000015f2f7c1000,
0x0000015f2f7c5000, 0x0000015f2f7c5800, 0x0000015f2f7c6800, 0x0000015f2f7c7800,
0x0000015f2f7c1800, 0x0000015f2f7c2800, 0x0000015f2f7c8000, 0x0000015f2ac99800,
0x0000015f2ac99000, 0x0000015f2ac9a800, 0x0000015f2ac9b800, 0x0000015f2ac97000,
0x0000015f2ac95800, 0x0000015f2ac9c000, 0x0000015f2ac96800, 0x0000015f2ac9d000,
0x0000015f2ac9d800, 0x0000015f2ac98000, 0x0000015f2aca0000, 0x0000015f2aca4800,
0x0000015f2aca1000, 0x0000015f2aca2000, 0x0000015f2ac9e800, 0x0000015f2aca3800,
0x0000015f2aca2800, 0x0000015f2ac9f800, 0x0000015f2ce01000, 0x0000015f2ca6d800,
0x0000015f2ce03800, 0x0000015f2ca70000, 0x0000015f2ca70800, 0x0000015f2ca71800,
0x0000015f2ca74000, 0x0000015f2ca72000, 0x0000015f2ca6e000, 0x0000015f2ca74800,
0x0000015f2ca6f000, 0x0000015f2ca76800, 0x0000015f2ca75800, 0x0000015f2ca7a800
}

Java Threads: ( => current thread )
  0x0000015f0eae1000 JavaThread "main" [_thread_blocked, id=16276, stack(0x000000275e800000,0x000000275e900000)]
  0x0000015f28fab800 JavaThread "Reference Handler" daemon [_thread_blocked, id=12364, stack(0x000000275ef00000,0x000000275f000000)]
  0x0000015f28fad800 JavaThread "Finalizer" daemon [_thread_blocked, id=2752, stack(0x000000275f000000,0x000000275f100000)]
  0x0000015f28fa5800 JavaThread "Signal Dispatcher" daemon [_thread_blocked, id=17568, stack(0x000000275f100000,0x000000275f200000)]
  0x0000015f28fa7000 JavaThread "Attach Listener" daemon [_thread_blocked, id=14888, stack(0x000000275f200000,0x000000275f300000)]
  0x0000015f29805800 JavaThread "Service Thread" daemon [_thread_blocked, id=3228, stack(0x000000275f300000,0x000000275f400000)]
  0x0000015f29807000 JavaThread "C2 CompilerThread0" daemon [_thread_blocked, id=18600, stack(0x000000275f400000,0x000000275f500000)]
  0x0000015f29808000 JavaThread "C1 CompilerThread0" daemon [_thread_blocked, id=9980, stack(0x000000275f500000,0x000000275f600000)]
  0x0000015f2980d800 JavaThread "Sweeper thread" daemon [_thread_blocked, id=8724, stack(0x000000275f600000,0x000000275f700000)]
  0x0000015f29971800 JavaThread "Common-Cleaner" daemon [_thread_blocked, id=18752, stack(0x000000275f700000,0x000000275f800000)]
  0x0000015f2bb5d800 JavaThread "Daemon health stats" [_thread_blocked, id=18940, stack(0x000000275fc00000,0x000000275fd00000)]
  0x0000015f29b25800 JavaThread "Incoming local TCP Connector on port 62447" [_thread_in_native, id=13388, stack(0x000000275f900000,0x000000275fa00000)]
  0x0000015f2b858800 JavaThread "Daemon periodic checks" [_thread_blocked, id=18292, stack(0x000000275fa00000,0x000000275fb00000)]
  0x0000015f2bc91000 JavaThread "Daemon" [_thread_blocked, id=15736, stack(0x000000275fd00000,0x000000275fe00000)]
  0x0000015f2bc5b800 JavaThread "Handler for socket connection from /127.0.0.1:62447 to /127.0.0.1:62448" [_thread_in_native, id=6080, stack(0x000000275fe00000,0x000000275ff00000)]
  0x0000015f2b150000 JavaThread "Cancel handler" [_thread_blocked, id=9304, stack(0x000000275ff00000,0x0000002760000000)]
  0x0000015f2afba000 JavaThread "Daemon worker" [_thread_blocked, id=16488, stack(0x0000002760000000,0x0000002760100000)]
  0x0000015f2b3c6000 JavaThread "Asynchronous log dispatcher for DefaultDaemonConnection: socket connection from /127.0.0.1:62447 to /127.0.0.1:62448" [_thread_blocked, id=13796, stack(0x0000002760100000,0x0000002760200000)]
  0x0000015f2b2df800 JavaThread "Stdin handler" [_thread_blocked, id=5336, stack(0x0000002760200000,0x0000002760300000)]
  0x0000015f2bf16000 JavaThread "Daemon client event forwarder" [_thread_blocked, id=11312, stack(0x0000002760300000,0x0000002760400000)]
  0x0000015f2bb4e800 JavaThread "Cache worker for journal cache (C:\Users\xps\.gradle\caches\journal-1)" [_thread_blocked, id=17572, stack(0x0000002760a00000,0x0000002760b00000)]
  0x0000015f2bb54000 JavaThread "File lock request listener" [_thread_in_native, id=3556, stack(0x0000002760b00000,0x0000002760c00000)]
  0x0000015f2bb51000 JavaThread "Cache worker for file hash cache (C:\Users\xps\.gradle\caches\7.5\fileHashes)" [_thread_blocked, id=19228, stack(0x0000002760c00000,0x0000002760d00000)]
  0x0000015f2bb55000 JavaThread "File watcher server" daemon [_thread_blocked, id=15548, stack(0x0000002761000000,0x0000002761100000)]
  0x0000015f2bb4f000 JavaThread "File watcher consumer" daemon [_thread_blocked, id=17964, stack(0x0000002761100000,0x0000002761200000)]
  0x0000015f2bb50000 JavaThread "Cache worker for checksums cache (C:\Users\xps\AndroidStudioProjects\HumainActivityRecognition\.gradle\7.5\checksums)" [_thread_blocked, id=16252, stack(0x0000002761200000,0x0000002761300000)]
  0x0000015f2bb51800 JavaThread "Cache worker for cache directory md-rule (C:\Users\xps\.gradle\caches\7.5\md-rule)" [_thread_blocked, id=15888, stack(0x0000002761300000,0x0000002761400000)]
  0x0000015f2bb53000 JavaThread "Cache worker for file content cache (C:\Users\xps\.gradle\caches\7.5\fileContent)" [_thread_blocked, id=17364, stack(0x0000002761400000,0x0000002761500000)]
  0x0000015f2bb52800 JavaThread "Cache worker for file hash cache (C:\Users\xps\AndroidStudioProjects\HumainActivityRecognition\.gradle\7.5\fileHashes)" [_thread_blocked, id=18728, stack(0x0000002761500000,0x0000002761600000)]
  0x0000015f2d042800 JavaThread "Cache worker for cache directory md-supplier (C:\Users\xps\.gradle\caches\7.5\md-supplier)" [_thread_blocked, id=19164, stack(0x0000002761600000,0x0000002761700000)]
  0x0000015f2d040000 JavaThread "Cache worker for execution history cache (C:\Users\xps\.gradle\caches\7.5\executionHistory)" [_thread_blocked, id=3504, stack(0x0000002761700000,0x0000002761800000)]
  0x0000015f2d041000 JavaThread "jar transforms" [_thread_blocked, id=10400, stack(0x0000002761800000,0x0000002761900000)]
  0x0000015f2d043800 JavaThread "jar transforms Thread 2" [_thread_blocked, id=13660, stack(0x0000002761900000,0x0000002761a00000)]
  0x0000015f2d045000 JavaThread "jar transforms Thread 3" [_thread_blocked, id=11940, stack(0x0000002761a00000,0x0000002761b00000)]
  0x0000015f2d03f000 JavaThread "jar transforms Thread 4" [_thread_blocked, id=18380, stack(0x0000002761b00000,0x0000002761c00000)]
  0x0000015f2d04a800 JavaThread "Cache worker for dependencies-accessors (C:\Users\xps\AndroidStudioProjects\HumainActivityRecognition\.gradle\7.5\dependencies-accessors)" [_thread_blocked, id=4776, stack(0x0000002761c00000,0x0000002761d00000)]
  0x0000015f2d04a000 JavaThread "jar transforms Thread 5" [_thread_blocked, id=17120, stack(0x0000002761d00000,0x0000002761e00000)]
  0x0000015f2d047800 JavaThread "Cache worker for Build Output Cleanup Cache (C:\Users\xps\AndroidStudioProjects\HumainActivityRecognition\.gradle\buildOutputCleanup)" [_thread_blocked, id=8640, stack(0x0000002761e00000,0x0000002761f00000)]
  0x0000015f2d046000 JavaThread "Unconstrained build operations" [_thread_blocked, id=164, stack(0x0000002760f00000,0x0000002761000000)]
  0x0000015f2d04b800 JavaThread "Unconstrained build operations Thread 2" [_thread_blocked, id=16336, stack(0x0000002761f00000,0x0000002762000000)]
  0x0000015f2d046800 JavaThread "Unconstrained build operations Thread 3" [_thread_blocked, id=14652, stack(0x0000002762000000,0x0000002762100000)]
  0x0000015f2d049000 JavaThread "Unconstrained build operations Thread 4" [_thread_blocked, id=9736, stack(0x0000002762100000,0x0000002762200000)]
  0x0000015f2d04c800 JavaThread "Unconstrained build operations Thread 5" [_thread_blocked, id=15800, stack(0x0000002762200000,0x0000002762300000)]
  0x0000015f2d04d000 JavaThread "Unconstrained build operations Thread 6" [_thread_blocked, id=6264, stack(0x0000002762300000,0x0000002762400000)]
  0x0000015f2d04e000 JavaThread "Unconstrained build operations Thread 7" [_thread_blocked, id=13216, stack(0x0000002762400000,0x0000002762500000)]
  0x0000015f2d048000 JavaThread "Unconstrained build operations Thread 8" [_thread_blocked, id=18812, stack(0x0000002762500000,0x0000002762600000)]
  0x0000015f2acb8800 JavaThread "Unconstrained build operations Thread 9" [_thread_blocked, id=17104, stack(0x0000002762600000,0x0000002762700000)]
  0x0000015f2acb3800 JavaThread "Unconstrained build operations Thread 10" [_thread_blocked, id=736, stack(0x0000002762700000,0x0000002762800000)]
  0x0000015f2acb9000 JavaThread "Unconstrained build operations Thread 11" [_thread_blocked, id=14328, stack(0x0000002762800000,0x0000002762900000)]
  0x0000015f2acb4800 JavaThread "Unconstrained build operations Thread 12" [_thread_blocked, id=15364, stack(0x0000002762900000,0x0000002762a00000)]
  0x0000015f2acba000 JavaThread "Unconstrained build operations Thread 13" [_thread_blocked, id=2844, stack(0x0000002762a00000,0x0000002762b00000)]
  0x0000015f2acbb000 JavaThread "Unconstrained build operations Thread 14" [_thread_blocked, id=17432, stack(0x0000002762b00000,0x0000002762c00000)]
  0x0000015f2acb5000 JavaThread "Unconstrained build operations Thread 15" [_thread_blocked, id=16200, stack(0x0000002762c00000,0x0000002762d00000)]
  0x0000015f2acb7000 JavaThread "Unconstrained build operations Thread 16" [_thread_blocked, id=2552, stack(0x0000002762d00000,0x0000002762e00000)]
  0x0000015f2acbb800 JavaThread "Unconstrained build operations Thread 17" [_thread_blocked, id=18724, stack(0x0000002762e00000,0x0000002762f00000)]
  0x0000015f2acb6000 JavaThread "Unconstrained build operations Thread 18" [_thread_blocked, id=14424, stack(0x0000002762f00000,0x0000002763000000)]
  0x0000015f2acbc800 JavaThread "Unconstrained build operations Thread 19" [_thread_blocked, id=4348, stack(0x0000002763000000,0x0000002763100000)]
  0x0000015f2acbd800 JavaThread "Unconstrained build operations Thread 20" [_thread_blocked, id=9144, stack(0x0000002763100000,0x0000002763200000)]
  0x0000015f2acb7800 JavaThread "Unconstrained build operations Thread 21" [_thread_blocked, id=8092, stack(0x0000002763200000,0x0000002763300000)]
  0x0000015f2acc0800 JavaThread "Unconstrained build operations Thread 22" [_thread_blocked, id=10964, stack(0x0000002763300000,0x0000002763400000)]
  0x0000015f2acbe000 JavaThread "Unconstrained build operations Thread 23" [_thread_blocked, id=16876, stack(0x0000002763400000,0x0000002763500000)]
  0x0000015f2acc1800 JavaThread "Unconstrained build operations Thread 24" [_thread_blocked, id=14440, stack(0x0000002763500000,0x0000002763600000)]
  0x0000015f2acbf000 JavaThread "Unconstrained build operations Thread 25" [_thread_blocked, id=15796, stack(0x0000002763600000,0x0000002763700000)]
  0x0000015f2acc2000 JavaThread "Unconstrained build operations Thread 26" [_thread_blocked, id=11520, stack(0x0000002763700000,0x0000002763800000)]
  0x0000015f2acc0000 JavaThread "Unconstrained build operations Thread 27" [_thread_blocked, id=7932, stack(0x0000002763800000,0x0000002763900000)]
  0x0000015f2a1af800 JavaThread "Unconstrained build operations Thread 28" [_thread_blocked, id=17208, stack(0x0000002763900000,0x0000002763a00000)]
  0x0000015f2a1b3000 JavaThread "Unconstrained build operations Thread 29" [_thread_blocked, id=7492, stack(0x0000002763a00000,0x0000002763b00000)]
  0x0000015f2a1b0800 JavaThread "Unconstrained build operations Thread 30" [_thread_blocked, id=12248, stack(0x0000002763b00000,0x0000002763c00000)]
  0x0000015f2a1b1000 JavaThread "Unconstrained build operations Thread 31" [_thread_blocked, id=13116, stack(0x0000002763c00000,0x0000002763d00000)]
  0x0000015f2a1b4800 JavaThread "Unconstrained build operations Thread 32" [_thread_blocked, id=15020, stack(0x0000002763d00000,0x0000002763e00000)]
  0x0000015f2a1b6000 JavaThread "Unconstrained build operations Thread 33" [_thread_blocked, id=16788, stack(0x0000002763e00000,0x0000002763f00000)]
  0x0000015f2a1b7800 JavaThread "Unconstrained build operations Thread 34" [_thread_blocked, id=13052, stack(0x0000002763f00000,0x0000002764000000)]
  0x0000015f2a1b7000 JavaThread "Unconstrained build operations Thread 35" [_thread_blocked, id=1664, stack(0x0000002764000000,0x0000002764100000)]
  0x0000015f2a1b5800 JavaThread "Unconstrained build operations Thread 36" [_thread_blocked, id=12480, stack(0x0000002764100000,0x0000002764200000)]
  0x0000015f2a1b3800 JavaThread "Unconstrained build operations Thread 37" [_thread_blocked, id=14276, stack(0x0000002764200000,0x0000002764300000)]
  0x0000015f2a1b2000 JavaThread "Unconstrained build operations Thread 38" [_thread_blocked, id=16644, stack(0x0000002764300000,0x0000002764400000)]
  0x0000015f2a1bd800 JavaThread "Unconstrained build operations Thread 39" [_thread_blocked, id=13504, stack(0x0000002764400000,0x0000002764500000)]
  0x0000015f2a1be000 JavaThread "Unconstrained build operations Thread 40" [_thread_blocked, id=17696, stack(0x0000002764500000,0x0000002764600000)]
  0x0000015f2a1b8800 JavaThread "Unconstrained build operations Thread 41" [_thread_blocked, id=3144, stack(0x0000002764600000,0x0000002764700000)]
  0x0000015f2a1b9800 JavaThread "Unconstrained build operations Thread 42" [_thread_blocked, id=5404, stack(0x0000002764700000,0x0000002764800000)]
  0x0000015f2a1ba000 JavaThread "Unconstrained build operations Thread 43" [_thread_blocked, id=10656, stack(0x0000002764800000,0x0000002764900000)]
  0x0000015f2a1bb000 JavaThread "Unconstrained build operations Thread 44" [_thread_blocked, id=19032, stack(0x0000002764900000,0x0000002764a00000)]
  0x0000015f2a1bc000 JavaThread "Unconstrained build operations Thread 45" [_thread_blocked, id=9052, stack(0x0000002764a00000,0x0000002764b00000)]
  0x0000015f2a1bc800 JavaThread "Unconstrained build operations Thread 46" [_thread_blocked, id=7948, stack(0x0000002764b00000,0x0000002764c00000)]
  0x0000015f2f7b9800 JavaThread "Unconstrained build operations Thread 47" [_thread_blocked, id=6040, stack(0x0000002764c00000,0x0000002764d00000)]
  0x0000015f2f7be800 JavaThread "Unconstrained build operations Thread 48" [_thread_blocked, id=15392, stack(0x0000002764d00000,0x0000002764e00000)]
  0x0000015f2f7bc800 JavaThread "Unconstrained build operations Thread 49" [_thread_blocked, id=7252, stack(0x0000002764e00000,0x0000002764f00000)]
  0x0000015f2f7bd800 JavaThread "Unconstrained build operations Thread 50" [_thread_blocked, id=5348, stack(0x0000002764f00000,0x0000002765000000)]
  0x0000015f2f7bf000 JavaThread "Unconstrained build operations Thread 51" [_thread_blocked, id=17064, stack(0x0000002765000000,0x0000002765100000)]
  0x0000015f2f7bc000 JavaThread "Unconstrained build operations Thread 52" [_thread_blocked, id=18836, stack(0x0000002765100000,0x0000002765200000)]
  0x0000015f2f7c0000 JavaThread "Unconstrained build operations Thread 53" [_thread_blocked, id=15768, stack(0x0000002765200000,0x0000002765300000)]
  0x0000015f2f7ba800 JavaThread "Unconstrained build operations Thread 54" [_thread_blocked, id=2260, stack(0x0000002765300000,0x0000002765400000)]
  0x0000015f2f7bb000 JavaThread "Unconstrained build operations Thread 55" [_thread_blocked, id=12128, stack(0x0000002765400000,0x0000002765500000)]
  0x0000015f2f7c4000 JavaThread "Unconstrained build operations Thread 56" [_thread_blocked, id=18172, stack(0x0000002765500000,0x0000002765600000)]
  0x0000015f2f7c3000 JavaThread "Unconstrained build operations Thread 57" [_thread_blocked, id=19296, stack(0x0000002765600000,0x0000002765700000)]
  0x0000015f2f7c1000 JavaThread "Unconstrained build operations Thread 58" [_thread_blocked, id=696, stack(0x0000002765700000,0x0000002765800000)]
  0x0000015f2f7c5000 JavaThread "Unconstrained build operations Thread 59" [_thread_blocked, id=15184, stack(0x0000002765800000,0x0000002765900000)]
  0x0000015f2f7c5800 JavaThread "Unconstrained build operations Thread 60" [_thread_blocked, id=12144, stack(0x0000002765900000,0x0000002765a00000)]
  0x0000015f2f7c6800 JavaThread "Unconstrained build operations Thread 61" [_thread_blocked, id=10388, stack(0x0000002765a00000,0x0000002765b00000)]
  0x0000015f2f7c7800 JavaThread "Unconstrained build operations Thread 62" [_thread_blocked, id=9948, stack(0x0000002765b00000,0x0000002765c00000)]
  0x0000015f2f7c1800 JavaThread "Unconstrained build operations Thread 63" [_thread_blocked, id=9320, stack(0x0000002765c00000,0x0000002765d00000)]
  0x0000015f2f7c2800 JavaThread "Unconstrained build operations Thread 64" [_thread_blocked, id=300, stack(0x0000002765d00000,0x0000002765e00000)]
  0x0000015f2f7c8000 JavaThread "Unconstrained build operations Thread 65" [_thread_blocked, id=12280, stack(0x0000002765e00000,0x0000002765f00000)]
  0x0000015f2ac99800 JavaThread "Unconstrained build operations Thread 66" [_thread_blocked, id=13668, stack(0x0000002765f00000,0x0000002766000000)]
  0x0000015f2ac99000 JavaThread "Unconstrained build operations Thread 67" [_thread_blocked, id=2668, stack(0x0000002766000000,0x0000002766100000)]
  0x0000015f2ac9a800 JavaThread "Unconstrained build operations Thread 68" [_thread_blocked, id=18532, stack(0x0000002766100000,0x0000002766200000)]
  0x0000015f2ac9b800 JavaThread "Unconstrained build operations Thread 69" [_thread_blocked, id=17924, stack(0x0000002766200000,0x0000002766300000)]
  0x0000015f2ac97000 JavaThread "Unconstrained build operations Thread 70" [_thread_blocked, id=13256, stack(0x0000002766300000,0x0000002766400000)]
  0x0000015f2ac95800 JavaThread "Unconstrained build operations Thread 71" [_thread_blocked, id=13320, stack(0x0000002766400000,0x0000002766500000)]
  0x0000015f2ac9c000 JavaThread "Unconstrained build operations Thread 72" [_thread_blocked, id=19236, stack(0x0000002766500000,0x0000002766600000)]
  0x0000015f2ac96800 JavaThread "Unconstrained build operations Thread 73" [_thread_blocked, id=7436, stack(0x0000002766600000,0x0000002766700000)]
  0x0000015f2ac9d000 JavaThread "Unconstrained build operations Thread 74" [_thread_blocked, id=7584, stack(0x0000002766700000,0x0000002766800000)]
  0x0000015f2ac9d800 JavaThread "Unconstrained build operations Thread 75" [_thread_blocked, id=13968, stack(0x0000002766800000,0x0000002766900000)]
  0x0000015f2ac98000 JavaThread "Unconstrained build operations Thread 76" [_thread_blocked, id=6540, stack(0x0000002766900000,0x0000002766a00000)]
  0x0000015f2aca0000 JavaThread "Unconstrained build operations Thread 77" [_thread_blocked, id=7364, stack(0x0000002766a00000,0x0000002766b00000)]
  0x0000015f2aca4800 JavaThread "Unconstrained build operations Thread 78" [_thread_blocked, id=17100, stack(0x0000002766b00000,0x0000002766c00000)]
  0x0000015f2aca1000 JavaThread "Unconstrained build operations Thread 79" [_thread_blocked, id=18088, stack(0x0000002766c00000,0x0000002766d00000)]
  0x0000015f2aca2000 JavaThread "Unconstrained build operations Thread 80" [_thread_blocked, id=10036, stack(0x0000002766d00000,0x0000002766e00000)]
  0x0000015f2ac9e800 JavaThread "jar transforms Thread 6" [_thread_blocked, id=2748, stack(0x0000002766e00000,0x0000002766f00000)]
  0x0000015f2aca3800 JavaThread "jar transforms Thread 7" [_thread_blocked, id=16880, stack(0x0000002766f00000,0x0000002767000000)]
  0x0000015f2aca2800 JavaThread "jar transforms Thread 8" [_thread_blocked, id=6448, stack(0x0000002767000000,0x0000002767100000)]
  0x0000015f2ac9f800 JavaThread "build event listener" [_thread_blocked, id=4076, stack(0x0000002760e00000,0x0000002760f00000)]
  0x0000015f2ce01000 JavaThread "C2 CompilerThread1" daemon [_thread_blocked, id=18312, stack(0x0000002767100000,0x0000002767200000)]
  0x0000015f2ca6d800 JavaThread "Memory manager" [_thread_blocked, id=14952, stack(0x0000002767200000,0x0000002767300000)]
  0x0000015f2ce03800 JavaThread "C2 CompilerThread2" daemon [_thread_blocked, id=10020, stack(0x0000002767300000,0x0000002767400000)]
  0x0000015f2ca70000 JavaThread "pool-3-thread-1" [_thread_blocked, id=18476, stack(0x0000002767400000,0x0000002767500000)]
  0x0000015f2ca70800 JavaThread "build event listener" [_thread_blocked, id=13324, stack(0x0000002767500000,0x0000002767600000)]
  0x0000015f2ca71800 JavaThread "included builds" [_thread_blocked, id=14028, stack(0x0000002767600000,0x0000002767700000)]
  0x0000015f2ca74000 JavaThread "Execution worker" [_thread_blocked, id=9624, stack(0x0000002767700000,0x0000002767800000)]
  0x0000015f2ca72000 JavaThread "Execution worker Thread 2" [_thread_blocked, id=4848, stack(0x0000002767800000,0x0000002767900000)]
  0x0000015f2ca6e000 JavaThread "Execution worker Thread 3" [_thread_blocked, id=15924, stack(0x0000002767900000,0x0000002767a00000)]
  0x0000015f2ca74800 JavaThread "Execution worker Thread 4" [_thread_blocked, id=6680, stack(0x0000002767a00000,0x0000002767b00000)]
  0x0000015f2ca6f000 JavaThread "Execution worker Thread 5" [_thread_blocked, id=3988, stack(0x0000002767b00000,0x0000002767c00000)]
  0x0000015f2ca76800 JavaThread "Execution worker Thread 6" [_thread_blocked, id=18988, stack(0x0000002767c00000,0x0000002767d00000)]
  0x0000015f2ca75800 JavaThread "Execution worker Thread 7" [_thread_blocked, id=12524, stack(0x0000002767d00000,0x0000002767e00000)]
  0x0000015f2ca7a800 JavaThread "Cache worker for execution history cache (C:\Users\xps\AndroidStudioProjects\HumainActivityRecognition\.gradle\7.5\executionHistory)" [_thread_blocked, id=7472, stack(0x0000002767e00000,0x0000002767f00000)]

Other Threads:
=>0x0000015f28f97000 VMThread "VM Thread" [stack: 0x000000275ee00000,0x000000275ef00000] [id=16620]
  0x0000015f29982800 WatcherThread [stack: 0x000000275f800000,0x000000275f900000] [id=14668]
  0x0000015f0eafd800 GCTaskThread "GC Thread#0" [stack: 0x000000275e900000,0x000000275ea00000] [id=8116]
  0x0000015f2a7cb000 GCTaskThread "GC Thread#1" [stack: 0x000000275fb00000,0x000000275fc00000] [id=11680]
  0x0000015f2c152800 GCTaskThread "GC Thread#2" [stack: 0x0000002760400000,0x0000002760500000] [id=11500]
  0x0000015f2c153800 GCTaskThread "GC Thread#3" [stack: 0x0000002760500000,0x0000002760600000] [id=17752]
  0x0000015f2cb06000 GCTaskThread "GC Thread#4" [stack: 0x0000002760600000,0x0000002760700000] [id=17892]
  0x0000015f2cb07000 GCTaskThread "GC Thread#5" [stack: 0x0000002760700000,0x0000002760800000] [id=10368]
  0x0000015f2bc12000 GCTaskThread "GC Thread#6" [stack: 0x0000002760800000,0x0000002760900000] [id=16308]
  0x0000015f2bc13000 GCTaskThread "GC Thread#7" [stack: 0x0000002760900000,0x0000002760a00000] [id=7976]
  0x0000015f0eb2f000 ConcurrentGCThread "G1 Main Marker" [stack: 0x000000275ea00000,0x000000275eb00000] [id=13408]
  0x0000015f0eb31800 ConcurrentGCThread "G1 Conc#0" [stack: 0x000000275eb00000,0x000000275ec00000] [id=18744]
  0x0000015f2c219000 ConcurrentGCThread "G1 Conc#1" [stack: 0x0000002760d00000,0x0000002760e00000] [id=15420]
  0x0000015f28de4800 ConcurrentGCThread "G1 Refine#0" [stack: 0x000000275ec00000,0x000000275ed00000] [id=12532]
  0x0000015f28de7000 ConcurrentGCThread "G1 Young RemSet Sampling" [stack: 0x000000275ed00000,0x000000275ee00000] [id=19244]

Threads with active compile tasks:
C2 CompilerThread0    18364 9033       4       org.gradle.internal.serialize.kryo.StringDeduplicatingKryoBackedEncoder::writeString (20 bytes)
C1 CompilerThread0    18364 9207       3       org.gradle.internal.snapshot.AbstractFileSystemLocationSnapshot::<init> (20 bytes)
C2 CompilerThread1    18364 9124       4       org.gradle.tooling.internal.provider.runner.ClientBuildEventGenerator::started (168 bytes)
C2 CompilerThread2    18364 9057       4       java.util.stream.AbstractPipeline::<init> (91 bytes)

VM state:at safepoint (normal execution)

VM Mutex/Monitor currently owned by a thread:  ([mutex/lock_event])
[0x0000015f0eade450] Threads_lock - owner thread: 0x0000015f28f97000
[0x0000015f0eade0f0] Heap_lock - owner thread: 0x0000015f2d040000

Heap address: 0x0000000080000000, size: 2048 MB, Compressed Oops mode: 32-bit
Narrow klass base: 0x0000000000000000, Narrow klass shift: 3
Compressed class space size: 1073741824 Address: 0x0000000100000000

Heap:
 garbage-first heap   total 183296K, used 82516K [0x0000000080000000, 0x0000000100000000)
  region size 1024K, 5 young (5120K), 5 survivors (5120K)
 Metaspace       used 86318K, capacity 88907K, committed 89212K, reserved 1126400K
  class space    used 11281K, capacity 12220K, committed 12312K, reserved 1048576K
Heap Regions: E=young(eden), S=young(survivor), O=old, HS=humongous(starts), HC=humongous(continues), CS=collection set, F=free, A=archive, TAMS=top-at-mark-start (previous, next)
|   0|0x0000000080000000, 0x0000000080100000, 0x0000000080100000|100%| O|  |TAMS 0x0000000080100000, 0x0000000080100000| Untracked 
|   1|0x0000000080100000, 0x0000000080200000, 0x0000000080200000|100%| O|  |TAMS 0x0000000080200000, 0x0000000080200000| Untracked 
|   2|0x0000000080200000, 0x0000000080300000, 0x0000000080300000|100%| O|  |TAMS 0x0000000080300000, 0x0000000080300000| Untracked 
|   3|0x0000000080300000, 0x0000000080400000, 0x0000000080400000|100%|HS|  |TAMS 0x0000000080400000, 0x0000000080400000| Complete 
|   4|0x0000000080400000, 0x0000000080500000, 0x0000000080500000|100%|HC|  |TAMS 0x0000000080500000, 0x0000000080500000| Complete 
|   5|0x0000000080500000, 0x0000000080600000, 0x0000000080600000|100%|HC|  |TAMS 0x0000000080600000, 0x0000000080600000| Complete 
|   6|0x0000000080600000, 0x0000000080700000, 0x0000000080700000|100%| O|  |TAMS 0x0000000080700000, 0x0000000080700000| Untracked 
|   7|0x0000000080700000, 0x0000000080800000, 0x0000000080800000|100%| O|  |TAMS 0x0000000080800000, 0x0000000080800000| Untracked 
|   8|0x0000000080800000, 0x0000000080900000, 0x0000000080900000|100%| O|  |TAMS 0x0000000080900000, 0x0000000080900000| Untracked 
|   9|0x0000000080900000, 0x0000000080a00000, 0x0000000080a00000|100%| O|  |TAMS 0x0000000080a00000, 0x0000000080a00000| Untracked 
|  10|0x0000000080a00000, 0x0000000080b00000, 0x0000000080b00000|100%| O|  |TAMS 0x0000000080b00000, 0x0000000080b00000| Untracked 
|  11|0x0000000080b00000, 0x0000000080c00000, 0x0000000080c00000|100%| O|  |TAMS 0x0000000080c00000, 0x0000000080c00000| Untracked 
|  12|0x0000000080c00000, 0x0000000080d00000, 0x0000000080d00000|100%| O|  |TAMS 0x0000000080d00000, 0x0000000080d00000| Untracked 
|  13|0x0000000080d00000, 0x0000000080e00000, 0x0000000080e00000|100%| O|  |TAMS 0x0000000080e00000, 0x0000000080e00000| Untracked 
|  14|0x0000000080e00000, 0x0000000080f00000, 0x0000000080f00000|100%| O|  |TAMS 0x0000000080f00000, 0x0000000080f00000| Untracked 
|  15|0x0000000080f00000, 0x0000000081000000, 0x0000000081000000|100%| O|  |TAMS 0x0000000081000000, 0x0000000081000000| Untracked 
|  16|0x0000000081000000, 0x0000000081100000, 0x0000000081100000|100%| O|  |TAMS 0x0000000081100000, 0x0000000081100000| Untracked 
|  17|0x0000000081100000, 0x0000000081200000, 0x0000000081200000|100%|HS|  |TAMS 0x0000000081200000, 0x0000000081200000| Complete 
|  18|0x0000000081200000, 0x0000000081300000, 0x0000000081300000|100%| O|  |TAMS 0x0000000081300000, 0x0000000081300000| Untracked 
|  19|0x0000000081300000, 0x0000000081400000, 0x0000000081400000|100%| O|  |TAMS 0x0000000081400000, 0x0000000081400000| Untracked 
|  20|0x0000000081400000, 0x0000000081500000, 0x0000000081500000|100%| O|  |TAMS 0x0000000081500000, 0x0000000081500000| Untracked 
|  21|0x0000000081500000, 0x0000000081600000, 0x0000000081600000|100%| O|  |TAMS 0x0000000081600000, 0x0000000081600000| Untracked 
|  22|0x0000000081600000, 0x0000000081700000, 0x0000000081700000|100%| O|  |TAMS 0x0000000081700000, 0x0000000081700000| Untracked 
|  23|0x0000000081700000, 0x0000000081800000, 0x0000000081800000|100%| O|  |TAMS 0x0000000081800000, 0x0000000081800000| Untracked 
|  24|0x0000000081800000, 0x0000000081900000, 0x0000000081900000|100%| O|  |TAMS 0x0000000081900000, 0x0000000081900000| Untracked 
|  25|0x0000000081900000, 0x0000000081a00000, 0x0000000081a00000|100%| O|  |TAMS 0x0000000081a00000, 0x0000000081a00000| Untracked 
|  26|0x0000000081a00000, 0x0000000081b00000, 0x0000000081b00000|100%| O|  |TAMS 0x0000000081b00000, 0x0000000081b00000| Untracked 
|  27|0x0000000081b00000, 0x0000000081c00000, 0x0000000081c00000|100%| O|  |TAMS 0x0000000081c00000, 0x0000000081c00000| Untracked 
|  28|0x0000000081c00000, 0x0000000081d00000, 0x0000000081d00000|100%|HS|  |TAMS 0x0000000081d00000, 0x0000000081d00000| Complete 
|  29|0x0000000081d00000, 0x0000000081e00000, 0x0000000081e00000|100%| O|  |TAMS 0x0000000081d00000, 0x0000000081e00000| Untracked 
|  30|0x0000000081e00000, 0x0000000081f00000, 0x0000000081f00000|100%| O|  |TAMS 0x0000000081f00000, 0x0000000081f00000| Untracked 
|  31|0x0000000081f00000, 0x0000000082000000, 0x0000000082000000|100%| O|  |TAMS 0x0000000082000000, 0x0000000082000000| Untracked 
|  32|0x0000000082000000, 0x0000000082100000, 0x0000000082100000|100%| O|  |TAMS 0x0000000082100000, 0x0000000082100000| Untracked 
|  33|0x0000000082100000, 0x0000000082200000, 0x0000000082200000|100%| O|  |TAMS 0x0000000082200000, 0x0000000082200000| Untracked 
|  34|0x0000000082200000, 0x0000000082300000, 0x0000000082300000|100%| O|  |TAMS 0x0000000082300000, 0x0000000082300000| Untracked 
|  35|0x0000000082300000, 0x0000000082400000, 0x0000000082400000|100%| O|  |TAMS 0x0000000082400000, 0x0000000082400000| Untracked 
|  36|0x0000000082400000, 0x0000000082500000, 0x0000000082500000|100%| O|  |TAMS 0x0000000082500000, 0x0000000082500000| Untracked 
|  37|0x0000000082500000, 0x0000000082600000, 0x0000000082600000|100%| O|  |TAMS 0x0000000082600000, 0x0000000082600000| Untracked 
|  38|0x0000000082600000, 0x0000000082700000, 0x0000000082700000|100%| O|  |TAMS 0x0000000082700000, 0x0000000082700000| Untracked 
|  39|0x0000000082700000, 0x0000000082800000, 0x0000000082800000|100%| O|  |TAMS 0x0000000082781000, 0x0000000082800000| Untracked 
|  40|0x0000000082800000, 0x0000000082900000, 0x0000000082900000|100%| O|  |TAMS 0x0000000082900000, 0x0000000082900000| Untracked 
|  41|0x0000000082900000, 0x0000000082a00000, 0x0000000082a00000|100%| O|  |TAMS 0x0000000082a00000, 0x0000000082a00000| Untracked 
|  42|0x0000000082a00000, 0x0000000082b00000, 0x0000000082b00000|100%| O|  |TAMS 0x0000000082b00000, 0x0000000082b00000| Untracked 
|  43|0x0000000082b00000, 0x0000000082c00000, 0x0000000082c00000|100%| O|  |TAMS 0x0000000082c00000, 0x0000000082c00000| Untracked 
|  44|0x0000000082c00000, 0x0000000082d00000, 0x0000000082d00000|100%| O|  |TAMS 0x0000000082d00000, 0x0000000082d00000| Untracked 
|  45|0x0000000082d00000, 0x0000000082e00000, 0x0000000082e00000|100%| O|  |TAMS 0x0000000082e00000, 0x0000000082e00000| Untracked 
|  46|0x0000000082e00000, 0x0000000082f00000, 0x0000000082f00000|100%| O|  |TAMS 0x0000000082f00000, 0x0000000082f00000| Untracked 
|  47|0x0000000082f00000, 0x0000000083000000, 0x0000000083000000|100%| O|  |TAMS 0x0000000083000000, 0x0000000083000000| Untracked 
|  48|0x0000000083000000, 0x0000000083100000, 0x0000000083100000|100%| O|  |TAMS 0x0000000083100000, 0x0000000083100000| Untracked 
|  49|0x0000000083100000, 0x0000000083200000, 0x0000000083200000|100%| O|  |TAMS 0x0000000083200000, 0x0000000083200000| Untracked 
|  50|0x0000000083200000, 0x0000000083300000, 0x0000000083300000|100%| O|  |TAMS 0x0000000083200000, 0x0000000083300000| Untracked 
|  51|0x0000000083300000, 0x0000000083400000, 0x0000000083400000|100%| O|  |TAMS 0x0000000083300000, 0x0000000083400000| Untracked 
|  52|0x0000000083400000, 0x0000000083500000, 0x0000000083500000|100%| O|  |TAMS 0x0000000083400000, 0x0000000083500000| Untracked 
|  53|0x0000000083500000, 0x0000000083600000, 0x0000000083600000|100%| O|  |TAMS 0x0000000083500000, 0x0000000083600000| Untracked 
|  54|0x0000000083600000, 0x0000000083700000, 0x0000000083700000|100%| O|  |TAMS 0x0000000083600000, 0x0000000083700000| Untracked 
|  55|0x0000000083700000, 0x0000000083800000, 0x0000000083800000|100%| O|  |TAMS 0x0000000083700000, 0x0000000083800000| Untracked 
|  56|0x0000000083800000, 0x0000000083900000, 0x0000000083900000|100%| O|  |TAMS 0x0000000083800000, 0x0000000083900000| Untracked 
|  57|0x0000000083900000, 0x0000000083a00000, 0x0000000083a00000|100%| O|  |TAMS 0x0000000083900000, 0x0000000083a00000| Untracked 
|  58|0x0000000083a00000, 0x0000000083b00000, 0x0000000083b00000|100%| O|  |TAMS 0x0000000083a00000, 0x0000000083b00000| Untracked 
|  59|0x0000000083b00000, 0x0000000083c00000, 0x0000000083c00000|100%| O|  |TAMS 0x0000000083b00000, 0x0000000083c00000| Untracked 
|  60|0x0000000083c00000, 0x0000000083d00000, 0x0000000083d00000|100%| O|  |TAMS 0x0000000083c00000, 0x0000000083d00000| Untracked 
|  61|0x0000000083d00000, 0x0000000083e00000, 0x0000000083e00000|100%| O|  |TAMS 0x0000000083d00000, 0x0000000083e00000| Untracked 
|  62|0x0000000083e00000, 0x0000000083f00000, 0x0000000083f00000|100%| O|  |TAMS 0x0000000083e00000, 0x0000000083f00000| Untracked 
|  63|0x0000000083f00000, 0x0000000084000000, 0x0000000084000000|100%| O|  |TAMS 0x0000000083f00000, 0x0000000084000000| Untracked 
|  64|0x0000000084000000, 0x0000000084100000, 0x0000000084100000|100%| O|  |TAMS 0x0000000084000000, 0x0000000084100000| Untracked 
|  65|0x0000000084100000, 0x0000000084200000, 0x0000000084200000|100%| O|  |TAMS 0x0000000084100000, 0x0000000084200000| Untracked 
|  66|0x0000000084200000, 0x0000000084300000, 0x0000000084300000|100%| O|  |TAMS 0x0000000084200000, 0x0000000084300000| Untracked 
|  67|0x0000000084300000, 0x0000000084400000, 0x0000000084400000|100%| O|  |TAMS 0x0000000084300000, 0x0000000084400000| Untracked 
|  68|0x0000000084400000, 0x0000000084500000, 0x0000000084500000|100%| O|  |TAMS 0x0000000084400000, 0x0000000084500000| Untracked 
|  69|0x0000000084500000, 0x0000000084600000, 0x0000000084600000|100%| O|  |TAMS 0x0000000084500000, 0x0000000084600000| Untracked 
|  70|0x0000000084600000, 0x0000000084700000, 0x0000000084700000|100%| O|  |TAMS 0x0000000084600000, 0x0000000084700000| Untracked 
|  71|0x0000000084700000, 0x0000000084800000, 0x0000000084800000|100%| O|  |TAMS 0x0000000084700000, 0x0000000084800000| Untracked 
|  72|0x0000000084800000, 0x0000000084900000, 0x0000000084900000|100%| O|  |TAMS 0x0000000084800000, 0x0000000084900000| Untracked 
|  73|0x0000000084900000, 0x0000000084a00000, 0x0000000084a00000|100%| O|  |TAMS 0x0000000084900000, 0x0000000084a00000| Untracked 
|  74|0x0000000084a00000, 0x0000000084b00000, 0x0000000084b00000|100%| O|  |TAMS 0x0000000084a00000, 0x0000000084b00000| Untracked 
|  75|0x0000000084b00000, 0x0000000084c00000, 0x0000000084c00000|100%| O|  |TAMS 0x0000000084b00000, 0x0000000084c00000| Untracked 
|  76|0x0000000084c00000, 0x0000000084c30600, 0x0000000084d00000| 18%| O|  |TAMS 0x0000000084c00000, 0x0000000084c30600| Untracked 
|  77|0x0000000084d00000, 0x0000000084d00000, 0x0000000084e00000|  0%| F|  |TAMS 0x0000000084d00000, 0x0000000084d00000| Untracked 
|  78|0x0000000084e00000, 0x0000000084e00000, 0x0000000084f00000|  0%| F|  |TAMS 0x0000000084e00000, 0x0000000084e00000| Untracked 
|  79|0x0000000084f00000, 0x0000000084f00000, 0x0000000085000000|  0%| F|  |TAMS 0x0000000084f00000, 0x0000000084f00000| Untracked 
|  80|0x0000000085000000, 0x0000000085000000, 0x0000000085100000|  0%| F|  |TAMS 0x0000000085000000, 0x0000000085000000| Untracked 
|  81|0x0000000085100000, 0x0000000085100000, 0x0000000085200000|  0%| F|  |TAMS 0x0000000085100000, 0x0000000085100000| Untracked 
|  82|0x0000000085200000, 0x0000000085200000, 0x0000000085300000|  0%| F|  |TAMS 0x0000000085200000, 0x0000000085200000| Untracked 
|  83|0x0000000085300000, 0x0000000085300000, 0x0000000085400000|  0%| F|  |TAMS 0x0000000085300000, 0x0000000085300000| Untracked 
|  84|0x0000000085400000, 0x0000000085400000, 0x0000000085500000|  0%| F|  |TAMS 0x0000000085400000, 0x0000000085400000| Untracked 
|  85|0x0000000085500000, 0x0000000085500000, 0x0000000085600000|  0%| F|  |TAMS 0x0000000085500000, 0x0000000085500000| Untracked 
|  86|0x0000000085600000, 0x0000000085600000, 0x0000000085700000|  0%| F|  |TAMS 0x0000000085600000, 0x0000000085600000| Untracked 
|  87|0x0000000085700000, 0x0000000085700000, 0x0000000085800000|  0%| F|  |TAMS 0x0000000085700000, 0x0000000085700000| Untracked 
|  88|0x0000000085800000, 0x0000000085800000, 0x0000000085900000|  0%| F|  |TAMS 0x0000000085800000, 0x0000000085800000| Untracked 
|  89|0x0000000085900000, 0x0000000085900000, 0x0000000085a00000|  0%| F|  |TAMS 0x0000000085900000, 0x0000000085900000| Untracked 
|  90|0x0000000085a00000, 0x0000000085a00000, 0x0000000085b00000|  0%| F|  |TAMS 0x0000000085a00000, 0x0000000085a00000| Untracked 
|  91|0x0000000085b00000, 0x0000000085b00000, 0x0000000085c00000|  0%| F|  |TAMS 0x0000000085b00000, 0x0000000085b00000| Untracked 
|  92|0x0000000085c00000, 0x0000000085c00000, 0x0000000085d00000|  0%| F|  |TAMS 0x0000000085c00000, 0x0000000085c00000| Untracked 
|  93|0x0000000085d00000, 0x0000000085d00000, 0x0000000085e00000|  0%| F|  |TAMS 0x0000000085d00000, 0x0000000085d00000| Untracked 
|  94|0x0000000085e00000, 0x0000000085e00000, 0x0000000085f00000|  0%| F|  |TAMS 0x0000000085e00000, 0x0000000085e00000| Untracked 
|  95|0x0000000085f00000, 0x0000000085f00000, 0x0000000086000000|  0%| F|  |TAMS 0x0000000085f00000, 0x0000000085f00000| Untracked 
|  96|0x0000000086000000, 0x0000000086000000, 0x0000000086100000|  0%| F|  |TAMS 0x0000000086000000, 0x0000000086000000| Untracked 
|  97|0x0000000086100000, 0x0000000086100000, 0x0000000086200000|  0%| F|  |TAMS 0x0000000086100000, 0x0000000086100000| Untracked 
|  98|0x0000000086200000, 0x0000000086200000, 0x0000000086300000|  0%| F|  |TAMS 0x0000000086200000, 0x0000000086200000| Untracked 
|  99|0x0000000086300000, 0x0000000086300000, 0x0000000086400000|  0%| F|  |TAMS 0x0000000086300000, 0x0000000086300000| Untracked 
| 100|0x0000000086400000, 0x0000000086464c80, 0x0000000086500000| 39%| S|CS|TAMS 0x0000000086400000, 0x0000000086400000| Complete 
| 101|0x0000000086500000, 0x0000000086600000, 0x0000000086600000|100%| S|CS|TAMS 0x0000000086500000, 0x0000000086500000| Complete 
| 102|0x0000000086600000, 0x0000000086700000, 0x0000000086700000|100%| S|CS|TAMS 0x0000000086600000, 0x0000000086600000| Complete 
| 103|0x0000000086700000, 0x0000000086800000, 0x0000000086800000|100%| S|CS|TAMS 0x0000000086700000, 0x0000000086700000| Complete 
| 104|0x0000000086800000, 0x0000000086900000, 0x0000000086900000|100%| S|CS|TAMS 0x0000000086800000, 0x0000000086800000| Complete 
| 105|0x0000000086900000, 0x0000000086900000, 0x0000000086a00000|  0%| F|  |TAMS 0x0000000086900000, 0x0000000086900000| Untracked 
| 106|0x0000000086a00000, 0x0000000086a00000, 0x0000000086b00000|  0%| F|  |TAMS 0x0000000086a00000, 0x0000000086a00000| Untracked 
| 107|0x0000000086b00000, 0x0000000086b00000, 0x0000000086c00000|  0%| F|  |TAMS 0x0000000086b00000, 0x0000000086b00000| Untracked 
| 108|0x0000000086c00000, 0x0000000086c00000, 0x0000000086d00000|  0%| F|  |TAMS 0x0000000086c00000, 0x0000000086c00000| Untracked 
| 109|0x0000000086d00000, 0x0000000086d00000, 0x0000000086e00000|  0%| F|  |TAMS 0x0000000086d00000, 0x0000000086d00000| Untracked 
| 110|0x0000000086e00000, 0x0000000086e00000, 0x0000000086f00000|  0%| F|  |TAMS 0x0000000086e00000, 0x0000000086e00000| Untracked 
| 111|0x0000000086f00000, 0x0000000086f00000, 0x0000000087000000|  0%| F|  |TAMS 0x0000000086f00000, 0x0000000086f00000| Untracked 
| 112|0x0000000087000000, 0x0000000087000000, 0x0000000087100000|  0%| F|  |TAMS 0x0000000087000000, 0x0000000087000000| Untracked 
| 113|0x0000000087100000, 0x0000000087100000, 0x0000000087200000|  0%| F|  |TAMS 0x0000000087100000, 0x0000000087100000| Untracked 
| 114|0x0000000087200000, 0x0000000087200000, 0x0000000087300000|  0%| F|  |TAMS 0x0000000087200000, 0x0000000087200000| Untracked 
| 115|0x0000000087300000, 0x0000000087300000, 0x0000000087400000|  0%| F|  |TAMS 0x0000000087300000, 0x0000000087300000| Untracked 
| 116|0x0000000087400000, 0x0000000087400000, 0x0000000087500000|  0%| F|  |TAMS 0x0000000087400000, 0x0000000087400000| Untracked 
| 117|0x0000000087500000, 0x0000000087500000, 0x0000000087600000|  0%| F|  |TAMS 0x0000000087500000, 0x0000000087500000| Untracked 
| 118|0x0000000087600000, 0x0000000087600000, 0x0000000087700000|  0%| F|  |TAMS 0x0000000087600000, 0x0000000087600000| Untracked 
| 119|0x0000000087700000, 0x0000000087700000, 0x0000000087800000|  0%| F|  |TAMS 0x0000000087700000, 0x0000000087700000| Untracked 
| 120|0x0000000087800000, 0x0000000087800000, 0x0000000087900000|  0%| F|  |TAMS 0x0000000087800000, 0x0000000087800000| Untracked 
| 121|0x0000000087900000, 0x0000000087900000, 0x0000000087a00000|  0%| F|  |TAMS 0x0000000087900000, 0x0000000087900000| Untracked 
| 122|0x0000000087a00000, 0x0000000087a00000, 0x0000000087b00000|  0%| F|  |TAMS 0x0000000087a00000, 0x0000000087a00000| Untracked 
| 123|0x0000000087b00000, 0x0000000087b00000, 0x0000000087c00000|  0%| F|  |TAMS 0x0000000087b00000, 0x0000000087b00000| Untracked 
| 124|0x0000000087c00000, 0x0000000087c00000, 0x0000000087d00000|  0%| F|  |TAMS 0x0000000087c00000, 0x0000000087c00000| Untracked 
| 125|0x0000000087d00000, 0x0000000087d00000, 0x0000000087e00000|  0%| F|  |TAMS 0x0000000087d00000, 0x0000000087d00000| Untracked 
| 126|0x0000000087e00000, 0x0000000087e00000, 0x0000000087f00000|  0%| F|  |TAMS 0x0000000087e00000, 0x0000000087e00000| Untracked 
| 127|0x0000000087f00000, 0x0000000087f00000, 0x0000000088000000|  0%| F|  |TAMS 0x0000000087f00000, 0x0000000087f00000| Untracked 
| 128|0x0000000088000000, 0x0000000088000000, 0x0000000088100000|  0%| F|  |TAMS 0x0000000088000000, 0x0000000088000000| Untracked 
| 129|0x0000000088100000, 0x0000000088100000, 0x0000000088200000|  0%| F|  |TAMS 0x0000000088100000, 0x0000000088100000| Untracked 
| 130|0x0000000088200000, 0x0000000088200000, 0x0000000088300000|  0%| F|  |TAMS 0x0000000088200000, 0x0000000088200000| Untracked 
| 131|0x0000000088300000, 0x0000000088300000, 0x0000000088400000|  0%| F|  |TAMS 0x0000000088300000, 0x0000000088300000| Untracked 
| 132|0x0000000088400000, 0x0000000088400000, 0x0000000088500000|  0%| F|  |TAMS 0x0000000088400000, 0x0000000088400000| Untracked 
| 133|0x0000000088500000, 0x0000000088500000, 0x0000000088600000|  0%| F|  |TAMS 0x0000000088500000, 0x0000000088500000| Untracked 
| 134|0x0000000088600000, 0x0000000088600000, 0x0000000088700000|  0%| F|  |TAMS 0x0000000088600000, 0x0000000088600000| Untracked 
| 135|0x0000000088700000, 0x0000000088700000, 0x0000000088800000|  0%| F|  |TAMS 0x0000000088700000, 0x0000000088700000| Untracked 
| 136|0x0000000088800000, 0x0000000088800000, 0x0000000088900000|  0%| F|  |TAMS 0x0000000088800000, 0x0000000088800000| Untracked 
| 137|0x0000000088900000, 0x0000000088900000, 0x0000000088a00000|  0%| F|  |TAMS 0x0000000088900000, 0x0000000088900000| Untracked 
| 138|0x0000000088a00000, 0x0000000088a00000, 0x0000000088b00000|  0%| F|  |TAMS 0x0000000088a00000, 0x0000000088a00000| Untracked 
| 139|0x0000000088b00000, 0x0000000088b00000, 0x0000000088c00000|  0%| F|  |TAMS 0x0000000088b00000, 0x0000000088b00000| Untracked 
| 140|0x0000000088c00000, 0x0000000088c00000, 0x0000000088d00000|  0%| F|  |TAMS 0x0000000088c00000, 0x0000000088c00000| Untracked 
| 141|0x0000000088d00000, 0x0000000088d00000, 0x0000000088e00000|  0%| F|  |TAMS 0x0000000088d00000, 0x0000000088d00000| Untracked 
| 142|0x0000000088e00000, 0x0000000088e00000, 0x0000000088f00000|  0%| F|  |TAMS 0x0000000088e00000, 0x0000000088e00000| Untracked 
| 143|0x0000000088f00000, 0x0000000088f00000, 0x0000000089000000|  0%| F|  |TAMS 0x0000000088f00000, 0x0000000088f00000| Untracked 
| 144|0x0000000089000000, 0x0000000089000000, 0x0000000089100000|  0%| F|  |TAMS 0x0000000089000000, 0x0000000089000000| Untracked 
| 145|0x0000000089100000, 0x0000000089100000, 0x0000000089200000|  0%| F|  |TAMS 0x0000000089100000, 0x0000000089100000| Untracked 
| 146|0x0000000089200000, 0x0000000089200000, 0x0000000089300000|  0%| F|  |TAMS 0x0000000089200000, 0x0000000089200000| Untracked 
| 147|0x0000000089300000, 0x0000000089300000, 0x0000000089400000|  0%| F|  |TAMS 0x0000000089300000, 0x0000000089300000| Untracked 
| 148|0x0000000089400000, 0x0000000089400000, 0x0000000089500000|  0%| F|  |TAMS 0x0000000089400000, 0x0000000089400000| Untracked 

Card table byte_map: [0x0000015f21d30000,0x0000015f22130000] _byte_map_base: 0x0000015f21930000

Marking Bits (Prev, Next): (CMBitMap*) 0x0000015f0eb266d8, (CMBitMap*) 0x0000015f0eb26710
 Prev Bits: [0x0000015f22530000, 0x0000015f24530000)
 Next Bits: [0x0000015f24530000, 0x0000015f26530000)

Polling page: 0x0000015f0ca40000

Metaspace:

Usage:
  Non-class:     74.89 MB capacity,    73.28 MB ( 98%) used,     1.34 MB (  2%) free+waste,   279.44 KB ( <1%) overhead. 
      Class:     11.93 MB capacity,    11.02 MB ( 92%) used,   807.64 KB (  7%) free+waste,   131.25 KB (  1%) overhead. 
       Both:     86.82 MB capacity,    84.30 MB ( 97%) used,     2.13 MB (  2%) free+waste,   410.69 KB ( <1%) overhead. 

Virtual space:
  Non-class space:       76.00 MB reserved,      75.10 MB ( 99%) committed 
      Class space:        1.00 GB reserved,      12.02 MB (  1%) committed 
             Both:        1.07 GB reserved,      87.12 MB (  8%) committed 

Chunk freelists:
   Non-Class:  21.00 KB
       Class:  0 bytes
        Both:  21.00 KB

MaxMetaspaceSize: 17179869184.00 GB
CompressedClassSpaceSize: 1.00 GB
Initial GC threshold: 20.80 MB
Current GC threshold: 114.16 MB
CDS: off

CodeHeap 'non-profiled nmethods': size=120000Kb used=5847Kb max_used=5847Kb free=114152Kb
 bounds [0x0000015f1a0d0000, 0x0000015f1a690000, 0x0000015f21600000]
CodeHeap 'profiled nmethods': size=120000Kb used=19553Kb max_used=19553Kb free=100447Kb
 bounds [0x0000015f12ba0000, 0x0000015f13ec0000, 0x0000015f1a0d0000]
CodeHeap 'non-nmethods': size=5760Kb used=2377Kb max_used=2437Kb free=3382Kb
 bounds [0x0000015f12600000, 0x0000015f12870000, 0x0000015f12ba0000]
 total_blobs=10050 nmethods=9152 adapters=810
 compilation: enabled
              stopped_count=0, restarted_count=0
 full_count=0

Compilation events (20 events):
Event: 18.313 Thread 0x0000015f29808000 nmethod 9199 0x0000015f13eb4010 code [0x0000015f13eb41e0, 0x0000015f13eb4578]
Event: 18.313 Thread 0x0000015f29808000 9201       3       com.google.common.collect.MapMakerInternalMap$WeakKeyDummyValueSegment::maybeDrainReferenceQueues (9 bytes)
Event: 18.313 Thread 0x0000015f29808000 nmethod 9201 0x0000015f13eb4690 code [0x0000015f13eb4840, 0x0000015f13eb49e8]
Event: 18.313 Thread 0x0000015f29808000 9202       3       com.google.common.collect.MapMakerInternalMap$Segment::drainKeyReferenceQueue (42 bytes)
Event: 18.313 Thread 0x0000015f29808000 nmethod 9202 0x0000015f13eb4a90 code [0x0000015f13eb4cc0, 0x0000015f13eb55a8]
Event: 18.313 Thread 0x0000015f29808000 9203       3       com.google.common.collect.MapMakerInternalMap$WeakKeyDummyValueEntry$Helper::newEntry (16 bytes)
Event: 18.314 Thread 0x0000015f29808000 nmethod 9203 0x0000015f13eb5910 code [0x0000015f13eb5b00, 0x0000015f13eb6088]
Event: 18.314 Thread 0x0000015f29808000 9204       3       com.google.common.collect.MapMakerInternalMap$WeakKeyDummyValueEntry$Helper::newEntry (16 bytes)
Event: 18.314 Thread 0x0000015f29808000 nmethod 9204 0x0000015f13eb6310 code [0x0000015f13eb64e0, 0x0000015f13eb6848]
Event: 18.314 Thread 0x0000015f29808000 9205       3       com.google.common.collect.MapMakerInternalMap$WeakKeyDummyValueEntry$Helper::setValue (17 bytes)
Event: 18.314 Thread 0x0000015f2ce03800 nmethod 9015 0x0000015f1a681190 code [0x0000015f1a681500, 0x0000015f1a684468]
Event: 18.315 Thread 0x0000015f29808000 nmethod 9205 0x0000015f13eb6a10 code [0x0000015f13eb6be0, 0x0000015f13eb6ff8]
Event: 18.315 Thread 0x0000015f29808000 9206       3       com.google.common.collect.MapMakerInternalMap$WeakKeyDummyValueEntry$Helper::setValue (1 bytes)
Event: 18.315 Thread 0x0000015f2ce03800 9178       4       java.util.ArrayDeque::inc (12 bytes)
Event: 18.315 Thread 0x0000015f29808000 nmethod 9206 0x0000015f13eb7110 code [0x0000015f13eb72c0, 0x0000015f13eb73b8]
Event: 18.315 Thread 0x0000015f29808000 9200   !   3       org.gradle.internal.serialize.kryo.KryoBackedDecoder::readSmallLong (16 bytes)
Event: 18.315 Thread 0x0000015f2ce03800 nmethod 9178 0x0000015f1a685b90 code [0x0000015f1a685d20, 0x0000015f1a685d78]
Event: 18.315 Thread 0x0000015f2ce03800 9057       4       java.util.stream.AbstractPipeline::<init> (91 bytes)
Event: 18.315 Thread 0x0000015f29808000 nmethod 9200 0x0000015f13eb7490 code [0x0000015f13eb76c0, 0x0000015f13eb7ca8]
Event: 18.316 Thread 0x0000015f29808000 9207       3       org.gradle.internal.snapshot.AbstractFileSystemLocationSnapshot::<init> (20 bytes)

GC Heap History (20 events):
Event: 8.078 GC heap after
{Heap after GC invocations=11 (full 0):
 garbage-first heap   total 126976K, used 30901K [0x0000000080000000, 0x0000000100000000)
  region size 1024K, 4 young (4096K), 4 survivors (4096K)
 Metaspace       used 45855K, capacity 47034K, committed 47132K, reserved 1089536K
  class space    used 5837K, capacity 6252K, committed 6296K, reserved 1048576K
}
Event: 9.658 GC heap before
{Heap before GC invocations=11 (full 0):
 garbage-first heap   total 126976K, used 89269K [0x0000000080000000, 0x0000000100000000)
  region size 1024K, 62 young (63488K), 4 survivors (4096K)
 Metaspace       used 49068K, capacity 50310K, committed 50460K, reserved 1093632K
  class space    used 6239K, capacity 6682K, committed 6808K, reserved 1048576K
}
Event: 9.675 GC heap after
{Heap after GC invocations=12 (full 0):
 garbage-first heap   total 152576K, used 33426K [0x0000000080000000, 0x0000000100000000)
  region size 1024K, 6 young (6144K), 6 survivors (6144K)
 Metaspace       used 49068K, capacity 50310K, committed 50460K, reserved 1093632K
  class space    used 6239K, capacity 6682K, committed 6808K, reserved 1048576K
}
Event: 11.256 GC heap before
{Heap before GC invocations=12 (full 0):
 garbage-first heap   total 152576K, used 106130K [0x0000000080000000, 0x0000000100000000)
  region size 1024K, 75 young (76800K), 6 survivors (6144K)
 Metaspace       used 55734K, capacity 57252K, committed 57500K, reserved 1099776K
  class space    used 7050K, capacity 7614K, committed 7704K, reserved 1048576K
}
Event: 11.265 GC heap after
{Heap after GC invocations=13 (full 0):
 garbage-first heap   total 152576K, used 43766K [0x0000000080000000, 0x0000000100000000)
  region size 1024K, 10 young (10240K), 10 survivors (10240K)
 Metaspace       used 55734K, capacity 57252K, committed 57500K, reserved 1099776K
  class space    used 7050K, capacity 7614K, committed 7704K, reserved 1048576K
}
Event: 12.560 GC heap before
{Heap before GC invocations=13 (full 0):
 garbage-first heap   total 152576K, used 117494K [0x0000000080000000, 0x0000000100000000)
  region size 1024K, 75 young (76800K), 10 survivors (10240K)
 Metaspace       used 63347K, capacity 65040K, committed 65180K, reserved 1105920K
  class space    used 7987K, capacity 8603K, committed 8728K, reserved 1048576K
}
Event: 12.574 GC heap after
{Heap after GC invocations=14 (full 0):
 garbage-first heap   total 152576K, used 49809K [0x0000000080000000, 0x0000000100000000)
  region size 1024K, 6 young (6144K), 6 survivors (6144K)
 Metaspace       used 63347K, capacity 65040K, committed 65180K, reserved 1105920K
  class space    used 7987K, capacity 8603K, committed 8728K, reserved 1048576K
}
Event: 13.358 GC heap before
{Heap before GC invocations=14 (full 0):
 garbage-first heap   total 152576K, used 115345K [0x0000000080000000, 0x0000000100000000)
  region size 1024K, 69 young (70656K), 6 survivors (6144K)
 Metaspace       used 66509K, capacity 68221K, committed 68380K, reserved 1107968K
  class space    used 8422K, capacity 9052K, committed 9112K, reserved 1048576K
}
Event: 13.367 GC heap after
{Heap after GC invocations=15 (full 0):
 garbage-first heap   total 152576K, used 53904K [0x0000000080000000, 0x0000000100000000)
  region size 1024K, 5 young (5120K), 5 survivors (5120K)
 Metaspace       used 66509K, capacity 68221K, committed 68380K, reserved 1107968K
  class space    used 8422K, capacity 9052K, committed 9112K, reserved 1048576K
}
Event: 13.825 GC heap before
{Heap before GC invocations=15 (full 0):
 garbage-first heap   total 152576K, used 85648K [0x0000000080000000, 0x0000000100000000)
  region size 1024K, 37 young (37888K), 5 survivors (5120K)
 Metaspace       used 67792K, capacity 69610K, committed 69788K, reserved 1110016K
  class space    used 8568K, capacity 9216K, committed 9240K, reserved 1048576K
}
Event: 13.837 GC heap after
{Heap after GC invocations=16 (full 0):
 garbage-first heap   total 152576K, used 55916K [0x0000000080000000, 0x0000000100000000)
  region size 1024K, 7 young (7168K), 7 survivors (7168K)
 Metaspace       used 67792K, capacity 69610K, committed 69788K, reserved 1110016K
  class space    used 8568K, capacity 9216K, committed 9240K, reserved 1048576K
}
Event: 15.028 GC heap before
{Heap before GC invocations=17 (full 0):
 garbage-first heap   total 152576K, used 119404K [0x0000000080000000, 0x0000000100000000)
  region size 1024K, 69 young (70656K), 7 survivors (7168K)
 Metaspace       used 72986K, capacity 74814K, committed 75132K, reserved 1114112K
  class space    used 9451K, capacity 10129K, committed 10264K, reserved 1048576K
}
Event: 15.037 GC heap after
{Heap after GC invocations=18 (full 0):
 garbage-first heap   total 152576K, used 59828K [0x0000000080000000, 0x0000000100000000)
  region size 1024K, 7 young (7168K), 7 survivors (7168K)
 Metaspace       used 72986K, capacity 74814K, committed 75132K, reserved 1114112K
  class space    used 9451K, capacity 10129K, committed 10264K, reserved 1048576K
}
Event: 15.850 GC heap before
{Heap before GC invocations=18 (full 0):
 garbage-first heap   total 152576K, used 121268K [0x0000000080000000, 0x0000000100000000)
  region size 1024K, 67 young (68608K), 7 survivors (7168K)
 Metaspace       used 76856K, capacity 78838K, committed 79100K, reserved 1118208K
  class space    used 10021K, capacity 10772K, committed 10904K, reserved 1048576K
}
Event: 15.862 GC heap after
{Heap after GC invocations=19 (full 0):
 garbage-first heap   total 152576K, used 63717K [0x0000000080000000, 0x0000000100000000)
  region size 1024K, 8 young (8192K), 8 survivors (8192K)
 Metaspace       used 76856K, capacity 78838K, committed 79100K, reserved 1118208K
  class space    used 10021K, capacity 10772K, committed 10904K, reserved 1048576K
}
Event: 16.869 GC heap before
{Heap before GC invocations=19 (full 0):
 garbage-first heap   total 152576K, used 123109K [0x0000000080000000, 0x0000000100000000)
  region size 1024K, 66 young (67584K), 8 survivors (8192K)
 Metaspace       used 81834K, capacity 84008K, committed 84092K, reserved 1122304K
  class space    used 10680K, capacity 11471K, committed 11544K, reserved 1048576K
}
Event: 16.880 GC heap after
{Heap after GC invocations=20 (full 0):
 garbage-first heap   total 152576K, used 68512K [0x0000000080000000, 0x0000000100000000)
  region size 1024K, 9 young (9216K), 9 survivors (9216K)
 Metaspace       used 81834K, capacity 84008K, committed 84092K, reserved 1122304K
  class space    used 10680K, capacity 11471K, committed 11544K, reserved 1048576K
}
Event: 17.288 GC heap before
{Heap before GC invocations=20 (full 0):
 garbage-first heap   total 152576K, used 122784K [0x0000000080000000, 0x0000000100000000)
  region size 1024K, 63 young (64512K), 9 survivors (9216K)
 Metaspace       used 82415K, capacity 84587K, committed 84860K, reserved 1122304K
  class space    used 10726K, capacity 11511K, committed 11544K, reserved 1048576K
}
Event: 17.305 GC heap after
{Heap after GC invocations=21 (full 0):
 garbage-first heap   total 152576K, used 77564K [0x0000000080000000, 0x0000000100000000)
  region size 1024K, 8 young (8192K), 8 survivors (8192K)
 Metaspace       used 82415K, capacity 84587K, committed 84860K, reserved 1122304K
  class space    used 10726K, capacity 11511K, committed 11544K, reserved 1048576K
}
Event: 18.316 GC heap before
{Heap before GC invocations=21 (full 0):
 garbage-first heap   total 152576K, used 121596K [0x0000000080000000, 0x0000000100000000)
  region size 1024K, 52 young (53248K), 8 survivors (8192K)
 Metaspace       used 86318K, capacity 88907K, committed 89212K, reserved 1126400K
  class space    used 11281K, capacity 12220K, committed 12312K, reserved 1048576K
}

Deoptimization events (20 events):
Event: 18.250 Thread 0x0000015f2ca6e000 Uncommon trap: trap_request=0xffffffd6 fr.pc=0x0000015f1a644b6c relative=0x00000000000007ac
Event: 18.250 Thread 0x0000015f2d046000 Uncommon trap: reason=array_check action=maybe_recompile pc=0x0000015f1a644b6c method=java.util.TimSort.binarySort([Ljava/lang/Object;IIILjava/util/Comparator;)V @ 193 c2
Event: 18.250 Thread 0x0000015f2d04d000 Uncommon trap: reason=array_check action=maybe_recompile pc=0x0000015f1a644b6c method=java.util.TimSort.binarySort([Ljava/lang/Object;IIILjava/util/Comparator;)V @ 193 c2
Event: 18.250 Thread 0x0000015f2d04c800 Uncommon trap: trap_request=0xffffffd6 fr.pc=0x0000015f1a644b6c relative=0x00000000000007ac
Event: 18.250 Thread 0x0000015f2d046000 DEOPT PACKING pc=0x0000015f1a644b6c sp=0x0000002760ffdf40
Event: 18.250 Thread 0x0000015f2ca6e000 Uncommon trap: reason=array_check action=maybe_recompile pc=0x0000015f1a644b6c method=java.util.TimSort.binarySort([Ljava/lang/Object;IIILjava/util/Comparator;)V @ 193 c2
Event: 18.250 Thread 0x0000015f2d04d000 DEOPT PACKING pc=0x0000015f1a644b6c sp=0x00000027623fdac0
Event: 18.250 Thread 0x0000015f2d046000 DEOPT UNPACKING pc=0x0000015f1264a1af sp=0x0000002760ffdee8 mode 2
Event: 18.250 Thread 0x0000015f2d04d000 DEOPT UNPACKING pc=0x0000015f1264a1af sp=0x00000027623fda68 mode 2
Event: 18.250 Thread 0x0000015f2ca6e000 DEOPT PACKING pc=0x0000015f1a644b6c sp=0x00000027679fa510
Event: 18.250 Thread 0x0000015f2d04c800 Uncommon trap: reason=array_check action=maybe_recompile pc=0x0000015f1a644b6c method=java.util.TimSort.binarySort([Ljava/lang/Object;IIILjava/util/Comparator;)V @ 193 c2
Event: 18.250 Thread 0x0000015f2ca6e000 DEOPT UNPACKING pc=0x0000015f1264a1af sp=0x00000027679fa4b8 mode 2
Event: 18.250 Thread 0x0000015f2d04c800 DEOPT PACKING pc=0x0000015f1a644b6c sp=0x00000027622fd810
Event: 18.250 Thread 0x0000015f2d04c800 DEOPT UNPACKING pc=0x0000015f1264a1af sp=0x00000027622fd7b8 mode 2
Event: 18.284 Thread 0x0000015f2ca6e000 Uncommon trap: trap_request=0xffffff4d fr.pc=0x0000015f1a3a5ea8 relative=0x0000000000000728
Event: 18.284 Thread 0x0000015f2ca6e000 Uncommon trap: reason=unstable_if action=reinterpret pc=0x0000015f1a3a5ea8 method=org.gradle.internal.snapshot.VfsRelativePath.isPrefix(Ljava/lang/String;ILjava/lang/String;ILorg/gradle/internal/snapshot/CaseSensitivity;)Z @ 89 c2
Event: 18.284 Thread 0x0000015f2ca6e000 DEOPT PACKING pc=0x0000015f1a3a5ea8 sp=0x00000027679f7cd0
Event: 18.284 Thread 0x0000015f2ca6e000 DEOPT UNPACKING pc=0x0000015f1264a1af sp=0x00000027679f7c50 mode 2
Event: 18.303 Thread 0x0000015f2ca6e000 DEOPT PACKING pc=0x0000015f13c086c4 sp=0x00000027679f99c0
Event: 18.303 Thread 0x0000015f2ca6e000 DEOPT UNPACKING pc=0x0000015f1264a95e sp=0x00000027679f8f60 mode 0

Classes redefined (0 events):
No events

Internal exceptions (20 events):
Event: 17.597 Thread 0x0000015f2ca6e000 Exception <a 'java/lang/IncompatibleClassChangeError'{0x0000000088860c00}: Found class java.lang.Object, but interface was expected> (0x0000000088860c00) thrown at [src/hotspot/share/interpreter/linkResolver.cpp, line 839]
Event: 17.638 Thread 0x0000015f2ca6e000 Exception <a 'java/lang/NoSuchMethodError'{0x00000000886ba2a0}: 'int java.lang.invoke.DirectMethodHandle$Holder.invokeStaticInit(java.lang.Object, java.lang.Object, java.lang.Object, java.lang.Object, java.lang.Object)'> (0x00000000886ba2a0) thrown at [src/hotspot/share/interpreter/linkResolver.cpp, line 773]
Event: 17.669 Thread 0x0000015f2bf16000 Exception <a 'java/lang/NoSuchMethodError'{0x0000000088458338}: <clinit>> (0x0000000088458338) thrown at [src/hotspot/share/prims/jni.cpp, line 1367]
Event: 17.671 Thread 0x0000015f2bf16000 Exception <a 'java/lang/NoSuchMethodError'{0x00000000884918a0}: <clinit>> (0x00000000884918a0) thrown at [src/hotspot/share/prims/jni.cpp, line 1367]
Event: 17.671 Thread 0x0000015f2bf16000 Exception <a 'java/lang/NoSuchMethodError'{0x0000000088492ff8}: <clinit>> (0x0000000088492ff8) thrown at [src/hotspot/share/prims/jni.cpp, line 1367]
Event: 17.701 Thread 0x0000015f2bf16000 Exception <a 'java/lang/NoSuchMethodError'{0x0000000088175310}: <clinit>> (0x0000000088175310) thrown at [src/hotspot/share/prims/jni.cpp, line 1367]
Event: 17.705 Thread 0x0000015f2ac9f800 Exception <a 'java/lang/NoSuchMethodError'{0x0000000088180300}: <clinit>> (0x0000000088180300) thrown at [src/hotspot/share/prims/jni.cpp, line 1367]
Event: 17.716 Thread 0x0000015f2ac9f800 Exception <a 'java/lang/NoSuchMethodError'{0x00000000881de900}: <clinit>> (0x00000000881de900) thrown at [src/hotspot/share/prims/jni.cpp, line 1367]
Event: 17.721 Thread 0x0000015f2ac9f800 Exception <a 'java/lang/NoSuchMethodError'{0x000000008802eaf0}: <clinit>> (0x000000008802eaf0) thrown at [src/hotspot/share/prims/jni.cpp, line 1367]
Event: 17.735 Thread 0x0000015f2ca6e000 Exception <a 'java/lang/NoSuchMethodError'{0x00000000880d1ab8}: 'int java.lang.invoke.DirectMethodHandle$Holder.invokeSpecial(java.lang.Object, java.lang.Object, java.lang.Object, java.lang.Object, java.lang.Object)'> (0x00000000880d1ab8) thrown at [src/hotspot/share/interpreter/linkResolver.cpp, line 773]
Event: 18.213 Thread 0x0000015f2ca6e000 Exception <a 'java/lang/NoSuchMethodError'{0x0000000087390a08}: 'void java.lang.invoke.DirectMethodHandle$Holder.invokeStatic(java.lang.Object, java.lang.Object, java.lang.Object, java.lang.Object, int, java.lang.Object, java.lang.Object)'> (0x0000000087390a08) thrown at [src/hotspot/share/interpreter/linkResolver.cpp, line 773]
Event: 18.230 Thread 0x0000015f2d046800 Implicit null exception at 0x0000015f1a648511 to 0x0000015f1a648ef8
Event: 18.261 Thread 0x0000015f2d04d000 Exception <a 'java/lang/NoSuchMethodError'{0x0000000086c48050}: 'java.lang.Object java.lang.invoke.DirectMethodHandle$Holder.invokeSpecialIFC(java.lang.Object, java.lang.Object, java.lang.Object)'> (0x0000000086c48050) thrown at [src/hotspot/share/interpreter/linkResolver.cpp, line 773]
Event: 18.261 Thread 0x0000015f2d046800 Exception <a 'java/lang/NoSuchMethodError'{0x0000000086c38568}: 'java.lang.Object java.lang.invoke.DirectMethodHandle$Holder.invokeSpecialIFC(java.lang.Object, java.lang.Object, java.lang.Object)'> (0x0000000086c38568) thrown at [src/hotspot/share/interpreter/linkResolver.cpp, line 773]
Event: 18.261 Thread 0x0000015f2d04c800 Exception <a 'java/lang/NoSuchMethodError'{0x0000000086c8c168}: 'java.lang.Object java.lang.invoke.DirectMethodHandle$Holder.invokeSpecialIFC(java.lang.Object, java.lang.Object, java.lang.Object)'> (0x0000000086c8c168) thrown at [src/hotspot/share/interpreter/linkResolver.cpp, line 773]
Event: 18.261 Thread 0x0000015f2d046000 Exception <a 'java/lang/NoSuchMethodError'{0x0000000086c9d070}: 'java.lang.Object java.lang.invoke.DirectMethodHandle$Holder.invokeSpecialIFC(java.lang.Object, java.lang.Object, java.lang.Object)'> (0x0000000086c9d070) thrown at [src/hotspot/share/interpreter/linkResolver.cpp, line 773]
Event: 18.261 Thread 0x0000015f2ca6e000 Exception <a 'java/lang/NoSuchMethodError'{0x0000000086c5c130}: 'java.lang.Object java.lang.invoke.DirectMethodHandle$Holder.invokeSpecialIFC(java.lang.Object, java.lang.Object, java.lang.Object)'> (0x0000000086c5c130) thrown at [src/hotspot/share/interpreter/linkResolver.cpp, line 773]
Event: 18.261 Thread 0x0000015f2d049000 Exception <a 'java/lang/NoSuchMethodError'{0x0000000086c50c98}: 'java.lang.Object java.lang.invoke.DirectMethodHandle$Holder.invokeSpecialIFC(java.lang.Object, java.lang.Object, java.lang.Object)'> (0x0000000086c50c98) thrown at [src/hotspot/share/interpreter/linkResolver.cpp, line 773]
Event: 18.261 Thread 0x0000015f2d048000 Exception <a 'java/lang/NoSuchMethodError'{0x0000000086c81d88}: 'java.lang.Object java.lang.invoke.DirectMethodHandle$Holder.invokeSpecialIFC(java.lang.Object, java.lang.Object, java.lang.Object)'> (0x0000000086c81d88) thrown at [src/hotspot/share/interpreter/linkResolver.cpp, line 773]
Event: 18.261 Thread 0x0000015f2d04b800 Exception <a 'java/lang/NoSuchMethodError'{0x0000000086cc65e8}: 'java.lang.Object java.lang.invoke.DirectMethodHandle$Holder.invokeSpecialIFC(java.lang.Object, java.lang.Object, java.lang.Object)'> (0x0000000086cc65e8) thrown at [src/hotspot/share/interpreter/linkResolver.cpp, line 773]

Events (20 events):
Event: 18.302 loading class org/gradle/internal/snapshot/VfsRelativePath done
Event: 18.302 loading class org/gradle/internal/snapshot/MetadataSnapshot
Event: 18.302 loading class org/gradle/internal/snapshot/MetadataSnapshot done
Event: 18.302 loading class org/gradle/internal/snapshot/VfsRelativePath
Event: 18.302 loading class org/gradle/internal/snapshot/VfsRelativePath done
Event: 18.302 loading class org/gradle/internal/snapshot/MetadataSnapshot
Event: 18.302 loading class org/gradle/internal/snapshot/MetadataSnapshot done
Event: 18.302 loading class org/gradle/internal/snapshot/VfsRelativePath
Event: 18.302 loading class org/gradle/internal/snapshot/VfsRelativePath done
Event: 18.302 loading class org/gradle/internal/snapshot/MetadataSnapshot
Event: 18.302 loading class org/gradle/internal/snapshot/MetadataSnapshot done
Event: 18.302 loading class org/gradle/internal/snapshot/MetadataSnapshot
Event: 18.302 loading class org/gradle/internal/snapshot/MetadataSnapshot done
Event: 18.302 loading class org/gradle/internal/snapshot/VfsRelativePath
Event: 18.302 loading class org/gradle/internal/snapshot/VfsRelativePath done
Event: 18.302 loading class org/gradle/internal/snapshot/VfsRelativePath
Event: 18.302 loading class org/gradle/internal/snapshot/VfsRelativePath done
Event: 18.302 loading class org/gradle/internal/snapshot/VfsRelativePath
Event: 18.302 loading class org/gradle/internal/snapshot/VfsRelativePath done
Event: 18.316 Executing VM operation: G1CollectForAllocation


Dynamic libraries:
0x00007ff6ecbb0000 - 0x00007ff6ecbba000 	C:\Program Files\Android\Android Studio\jbr\bin\java.exe
0x00007ffc11d90000 - 0x00007ffc11fa4000 	C:\WINDOWS\SYSTEM32\ntdll.dll
0x00007ffc10280000 - 0x00007ffc10342000 	C:\WINDOWS\System32\KERNEL32.DLL
0x00007ffc0f5a0000 - 0x00007ffc0f943000 	C:\WINDOWS\System32\KERNELBASE.dll
0x00007ffc0f1b0000 - 0x00007ffc0f2c1000 	C:\WINDOWS\System32\ucrtbase.dll
0x00007ffbd74e0000 - 0x00007ffbd74fb000 	C:\Program Files\Android\Android Studio\jbr\bin\VCRUNTIME140.dll
0x00007ffbd59e0000 - 0x00007ffbd59f7000 	C:\Program Files\Android\Android Studio\jbr\bin\jli.dll
0x00007ffc11730000 - 0x00007ffc118db000 	C:\WINDOWS\System32\USER32.dll
0x00007ffc0fb60000 - 0x00007ffc0fb86000 	C:\WINDOWS\System32\win32u.dll
0x00007ffbf8e40000 - 0x00007ffbf90ce000 	C:\WINDOWS\WinSxS\amd64_microsoft.windows.common-controls_6595b64144ccf1df_6.0.22621.1635_none_270f70857386168e\COMCTL32.dll
0x00007ffc11530000 - 0x00007ffc11559000 	C:\WINDOWS\System32\GDI32.dll
0x00007ffc10da0000 - 0x00007ffc10e47000 	C:\WINDOWS\System32\msvcrt.dll
0x00007ffc0f480000 - 0x00007ffc0f598000 	C:\WINDOWS\System32\gdi32full.dll
0x00007ffc0f950000 - 0x00007ffc0f9ea000 	C:\WINDOWS\System32\msvcp_win.dll
0x00007ffc100a0000 - 0x00007ffc100d1000 	C:\WINDOWS\System32\IMM32.DLL
0x00007ffbfdf60000 - 0x00007ffbfdf6c000 	C:\Program Files\Android\Android Studio\jbr\bin\vcruntime140_1.dll
0x00007ffbcb380000 - 0x00007ffbcb40d000 	C:\Program Files\Android\Android Studio\jbr\bin\msvcp140.dll
0x00007ffba17d0000 - 0x00007ffba238c000 	C:\Program Files\Android\Android Studio\jbr\bin\server\jvm.dll
0x00007ffc11b00000 - 0x00007ffc11bae000 	C:\WINDOWS\System32\ADVAPI32.dll
0x00007ffc10c70000 - 0x00007ffc10d14000 	C:\WINDOWS\System32\sechost.dll
0x00007ffc100e0000 - 0x00007ffc101f7000 	C:\WINDOWS\System32\RPCRT4.dll
0x00007ffc04a50000 - 0x00007ffc04a84000 	C:\WINDOWS\SYSTEM32\WINMM.dll
0x00007ffc05010000 - 0x00007ffc0501a000 	C:\WINDOWS\SYSTEM32\VERSION.dll
0x00007ffc11930000 - 0x00007ffc11938000 	C:\WINDOWS\System32\PSAPI.DLL
0x00007ffc04a90000 - 0x00007ffc04a99000 	C:\WINDOWS\SYSTEM32\WSOCK32.dll
0x00007ffc10d20000 - 0x00007ffc10d91000 	C:\WINDOWS\System32\WS2_32.dll
0x00007ffc0e200000 - 0x00007ffc0e218000 	C:\WINDOWS\SYSTEM32\kernel.appcore.dll
0x00007ffbfe0e0000 - 0x00007ffbfe0f0000 	C:\Program Files\Android\Android Studio\jbr\bin\verify.dll
0x00007ffc0cbd0000 - 0x00007ffc0cdfe000 	C:\WINDOWS\SYSTEM32\DBGHELP.DLL
0x00007ffc10e50000 - 0x00007ffc111d9000 	C:\WINDOWS\System32\combase.dll
0x00007ffc111e0000 - 0x00007ffc112b7000 	C:\WINDOWS\System32\OLEAUT32.dll
0x00007ffbf09e0000 - 0x00007ffbf0a12000 	C:\WINDOWS\SYSTEM32\dbgcore.DLL
0x00007ffc0f400000 - 0x00007ffc0f47b000 	C:\WINDOWS\System32\bcryptPrimitives.dll
0x00007ffbe4600000 - 0x00007ffbe4628000 	C:\Program Files\Android\Android Studio\jbr\bin\java.dll
0x00007ffbfe0d0000 - 0x00007ffbfe0da000 	C:\Program Files\Android\Android Studio\jbr\bin\jimage.dll
0x00007ffbfd7e0000 - 0x00007ffbfd7f8000 	C:\Program Files\Android\Android Studio\jbr\bin\zip.dll
0x00007ffc10410000 - 0x00007ffc10c0a000 	C:\WINDOWS\System32\SHELL32.dll
0x00007ffc0d1b0000 - 0x00007ffc0da7e000 	C:\WINDOWS\SYSTEM32\windows.storage.dll
0x00007ffc0d070000 - 0x00007ffc0d1ae000 	C:\WINDOWS\SYSTEM32\wintypes.dll
0x00007ffc11a00000 - 0x00007ffc11af1000 	C:\WINDOWS\System32\SHCORE.dll
0x00007ffc11940000 - 0x00007ffc1199e000 	C:\WINDOWS\System32\shlwapi.dll
0x00007ffc0f0e0000 - 0x00007ffc0f101000 	C:\WINDOWS\SYSTEM32\profapi.dll
0x00007ffbeb260000 - 0x00007ffbeb279000 	C:\Program Files\Android\Android Studio\jbr\bin\net.dll
0x00007ffc06fb0000 - 0x00007ffc070e7000 	C:\WINDOWS\SYSTEM32\WINHTTP.dll
0x00007ffc0e6e0000 - 0x00007ffc0e749000 	C:\WINDOWS\system32\mswsock.dll
0x00007ffbe42f0000 - 0x00007ffbe4303000 	C:\Program Files\Android\Android Studio\jbr\bin\nio.dll
0x00007ffbd7d70000 - 0x00007ffbd7d97000 	C:\Users\xps\.gradle\native\e1d6ef7f7dcc3fd88c89a11ec53ec762bb8ba0a96d01ffa2cd45eb1d1d8dd5c5\windows-amd64\native-platform.dll
0x00007ffbcb230000 - 0x00007ffbcb374000 	C:\Users\xps\.gradle\native\0d407fdbe67a94daf76414ababcb853783967236a71b16ec16e742cd7a986fd3\windows-amd64\native-platform-file-events.dll
0x00007ffbfded0000 - 0x00007ffbfdeda000 	C:\Program Files\Android\Android Studio\jbr\bin\management.dll
0x00007ffbfd8e0000 - 0x00007ffbfd8eb000 	C:\Program Files\Android\Android Studio\jbr\bin\management_ext.dll
0x00007ffc0e940000 - 0x00007ffc0e95b000 	C:\WINDOWS\SYSTEM32\CRYPTSP.dll
0x00007ffc0e170000 - 0x00007ffc0e1a5000 	C:\WINDOWS\system32\rsaenh.dll
0x00007ffc0e7e0000 - 0x00007ffc0e808000 	C:\WINDOWS\SYSTEM32\USERENV.dll
0x00007ffc0eae0000 - 0x00007ffc0eb08000 	C:\WINDOWS\SYSTEM32\bcrypt.dll
0x00007ffc0e960000 - 0x00007ffc0e96c000 	C:\WINDOWS\SYSTEM32\CRYPTBASE.dll
0x00007ffc0dce0000 - 0x00007ffc0dd0d000 	C:\WINDOWS\SYSTEM32\IPHLPAPI.DLL
0x00007ffc11560000 - 0x00007ffc11569000 	C:\WINDOWS\System32\NSI.dll
0x00007ffc07ff0000 - 0x00007ffc08009000 	C:\WINDOWS\SYSTEM32\dhcpcsvc6.DLL
0x00007ffc04c80000 - 0x00007ffc04c9f000 	C:\WINDOWS\SYSTEM32\dhcpcsvc.DLL
0x00007ffc0dd50000 - 0x00007ffc0de43000 	C:\WINDOWS\SYSTEM32\DNSAPI.dll

dbghelp: loaded successfully - version: 4.0.5 - missing functions: none
symbol engine: initialized successfully - sym options: 0x614 - pdb path: .;C:\Program Files\Android\Android Studio\jbr\bin;C:\WINDOWS\SYSTEM32;C:\WINDOWS\WinSxS\amd64_microsoft.windows.common-controls_6595b64144ccf1df_6.0.22621.1635_none_270f70857386168e;C:\Program Files\Android\Android Studio\jbr\bin\server;C:\Users\xps\.gradle\native\e1d6ef7f7dcc3fd88c89a11ec53ec762bb8ba0a96d01ffa2cd45eb1d1d8dd5c5\windows-amd64;C:\Users\xps\.gradle\native\0d407fdbe67a94daf76414ababcb853783967236a71b16ec16e742cd7a986fd3\windows-amd64

VM Arguments:
jvm_args: --add-opens=java.base/java.util=ALL-UNNAMED --add-opens=java.base/java.lang=ALL-UNNAMED --add-opens=java.base/java.lang.invoke=ALL-UNNAMED --add-opens=java.base/java.util=ALL-UNNAMED --add-opens=java.prefs/java.util.prefs=ALL-UNNAMED --add-opens=java.prefs/java.util.prefs=ALL-UNNAMED --add-opens=java.base/java.nio.charset=ALL-UNNAMED --add-opens=java.base/java.net=ALL-UNNAMED --add-opens=java.base/java.util.concurrent.atomic=ALL-UNNAMED -Xmx2048m -Dfile.encoding=UTF-8 -Duser.country=US -Duser.language=en -Duser.variant 
java_command: org.gradle.launcher.daemon.bootstrap.GradleDaemon 7.5
java_class_path (initial): C:\Users\xps\.gradle\wrapper\dists\gradle-7.5-bin\f1w0cc9nuo0eivz97x2xlu9sv\gradle-7.5\lib\gradle-launcher-7.5.jar
Launcher Type: SUN_STANDARD

[Global flags]
     intx CICompilerCount                          = 4                                         {product} {ergonomic}
     uint ConcGCThreads                            = 2                                         {product} {ergonomic}
     uint G1ConcRefinementThreads                  = 8                                         {product} {ergonomic}
   size_t G1HeapRegionSize                         = 1048576                                   {product} {ergonomic}
    uintx GCDrainStackTargetSize                   = 64                                        {product} {ergonomic}
   size_t InitialHeapSize                          = 130023424                                 {product} {ergonomic}
   size_t MarkStackSize                            = 4194304                                   {product} {ergonomic}
   size_t MaxHeapSize                              = 2147483648                                {product} {command line}
   size_t MaxNewSize                               = 1287651328                                {product} {ergonomic}
   size_t MinHeapDeltaBytes                        = 1048576                                   {product} {ergonomic}
    uintx NonNMethodCodeHeapSize                   = 5836300                                {pd product} {ergonomic}
    uintx NonProfiledCodeHeapSize                  = 122910970                              {pd product} {ergonomic}
    uintx ProfiledCodeHeapSize                     = 122910970                              {pd product} {ergonomic}
    uintx ReservedCodeCacheSize                    = 251658240                              {pd product} {ergonomic}
     bool SegmentedCodeCache                       = true                                      {product} {ergonomic}
     bool UseCompressedClassPointers               = true                                 {lp64_product} {ergonomic}
     bool UseCompressedOops                        = true                                 {lp64_product} {ergonomic}
     bool UseG1GC                                  = true                                      {product} {ergonomic}
     bool UseLargePagesIndividualAllocation        = false                                  {pd product} {ergonomic}

Logging:
Log output configuration:
 #0: stdout all=warning uptime,level,tags
 #1: stderr all=off uptime,level,tags

Environment Variables:
PATH=C:\Program Files\Common Files\Oracle\Java\javapath;C:\WINDOWS\system32;C:\WINDOWS;C:\WINDOWS\System32\Wbem;C:\WINDOWS\System32\WindowsPowerShell\v1.0\;C:\WINDOWS\System32\OpenSSH\;C:\Program Files\Java\jdk-16.0.1\bin;C:\Program Files\Microsoft SQL Server\130\Tools\Binn\;C:\Program Files\Git\cmd;C:\sqlite3;;C:\TDM-GCC-32\bin;C:\xampp\php;C:\ProgramData\ComposerSetup\bin;C:\Program Files\dotnet\;C:\Program Files\nodejs\;C:\ProgramData\chocolatey\bin;C:\Users\xps\anaconda3;C:\Users\xps\anaconda3\Library\mingw-w64\bin;C:\Users\xps\anaconda3\Library\usr\bin;C:\Users\xps\anaconda3\Library\bin;C:\Users\xps\anaconda3\Scripts;C:\Users\xps\AppData\Local\Programs\Python\Python39\Scripts\;C:\Users\xps\AppData\Local\Programs\Python\Python39\;C:\Users\xps\AppData\Local\Programs\Python\Python310\Scripts\;C:\Users\xps\AppData\Local\Programs\Python\Python310\;C:\Users\xps\AppData\Local\Programs\Python\Python311\Scripts\;C:\Users\xps\AppData\Local\Programs\Python\Python311\;C:\Users\xps\AppData\Local\Microsoft\WindowsApps;C:\Program Files\Bandizip\;C:\Program Files\JetBrains\IntelliJ IDEA Community Edition 2021.2.2\bin;;C:\Users\xps\Desktop\S6_LPSIE\latex\miktex\bin\x64\;C:\dart\dart-sdk\bin;C:\Users\xps\AppData\Local\Programs\Microsoft VS Code\bin;C:\Program Files\JetBrains\PyCharm Community Edition 2022.1.4\bin;;C:\Program Files\JetBrains\PyCharm 2022.3.1\bin;;C:\Users\xps\AppData\Roaming\Composer\vendor\bin;C:\Program Files\php8.1.14;C:\Program Files\JetBrains\IntelliJ IDEA 2022.3.3\bin;;C:\Users\xps\.dotnet\tools;C:\Users\xps\AppData\Roaming\npm
USERNAME=xps
OS=Windows_NT
PROCESSOR_IDENTIFIER=Intel64 Family 6 Model 142 Stepping 12, GenuineIntel



---------------  S Y S T E M  ---------------

OS: Windows 11 , 64 bit Build 22621 (10.0.22621.1635)
OS uptime: 2 days 23:05 hours

CPU:total 8 (initial active 8) (4 cores per cpu, 2 threads per core) family 6 model 142 stepping 12 microcode 0xea, cmov, cx8, fxsr, mmx, sse, sse2, sse3, ssse3, sse4.1, sse4.2, popcnt, avx, avx2, aes, clmul, erms, 3dnowpref, lzcnt, ht, tsc, tscinvbit, bmi1, bmi2, adx, fma

Memory: 4k page, system-wide physical 7929M (987M free)
TotalPageFile size 18527M (AvailPageFile size 21M)
current process WorkingSet (physical memory assigned to process): 412M, peak: 424M
current process commit charge ("private bytes"): 447M, peak: 477M

vm_info: OpenJDK 64-Bit Server VM (11.0.15+0-b2043.56-9505619) for windows-amd64 JRE (11.0.15+0-b2043.56-9505619), built on Jan 19 2023 02:48:00 by "builduser" with unknown MS VC++:1929

END.
