#
# There is insufficient memory for the Java Runtime Environment to continue.
# Native memory allocation (mmap) failed to map 26214400 bytes for Failed to commit area from 0x0000000087c00000 to 0x0000000089500000 of length 26214400.
# Possible reasons:
#   The system is out of physical RAM or swap space
#   The process is running with CompressedOops enabled, and the Java Heap may be blocking the growth of the native heap
# Possible solutions:
#   Reduce memory load on the system
#   Increase physical memory or swap space
#   Check if swap backing store is full
#   Decrease Java heap size (-Xmx/-Xms)
#   Decrease number of Java threads
#   Decrease Java thread stack sizes (-Xss)
#   Set larger code cache with -XX:ReservedCodeCacheSize=
#   JVM is running with Unscaled Compressed Oops mode in which the Java heap is
#     placed in the first 4GB address space. The Java Heap base address is the
#     maximum limit for the native heap growth. Please use -XX:HeapBaseMinAddress
#     to set the Java Heap base and to place the Java Heap above 4GB virtual address.
# This output file may be truncated or incomplete.
#
#  Out of Memory Error (src/hotspot/os/windows/os_windows.cpp:3627), pid=9708, tid=12116
#
# JRE version: OpenJDK Runtime Environment (11.0.15) (build 11.0.15+0-b2043.56-9505619)
# Java VM: OpenJDK 64-Bit Server VM (11.0.15+0-b2043.56-9505619, mixed mode, tiered, compressed oops, g1 gc, windows-amd64)
# No core dump will be written. Minidumps are not enabled by default on client versions of Windows
#

---------------  S U M M A R Y ------------

Command Line: --add-opens=java.base/java.util=ALL-UNNAMED --add-opens=java.base/java.lang=ALL-UNNAMED --add-opens=java.base/java.lang.invoke=ALL-UNNAMED --add-opens=java.base/java.util=ALL-UNNAMED --add-opens=java.prefs/java.util.prefs=ALL-UNNAMED --add-opens=java.prefs/java.util.prefs=ALL-UNNAMED --add-opens=java.base/java.nio.charset=ALL-UNNAMED --add-opens=java.base/java.net=ALL-UNNAMED --add-opens=java.base/java.util.concurrent.atomic=ALL-UNNAMED -Xmx2048m -Dfile.encoding=UTF-8 -Duser.country=US -Duser.language=en -Duser.variant org.gradle.launcher.daemon.bootstrap.GradleDaemon 7.5

Host: Intel(R) Core(TM) i5-8265U CPU @ 1.60GHz, 8 cores, 7G,  Windows 11 , 64 bit Build 22621 (10.0.22621.1635)
Time: Sat Jun  3 20:13:33 2023 Morocco Daylight Time elapsed time: 7.898196 seconds (0d 0h 0m 7s)

---------------  T H R E A D  ---------------

Current thread (0x00000189522e6000):  VMThread "VM Thread" [stack: 0x00000045c4700000,0x00000045c4800000] [id=12116]

Stack: [0x00000045c4700000,0x00000045c4800000]
[error occurred during error reporting (printing stack bounds), id 0xc0000005, EXCEPTION_ACCESS_VIOLATION (0xc0000005) at pc=0x000001893b10112d]

Native frames: (J=compiled Java code, j=interpreted, Vv=VM code, C=native code)
V  [jvm.dll+0x64135a]
V  [jvm.dll+0x7d39f9]
V  [jvm.dll+0x7d51b9]
V  [jvm.dll+0x7d5805]
V  [jvm.dll+0x7d57bb]
V  [jvm.dll+0x640655]
V  [jvm.dll+0x640d68]
C  [ntdll.dll+0xa3cff]
C  [ntdll.dll+0x1e456]
C  [ntdll.dll+0xa2cee]
C  0x000001893b10112d

VM_Operation (0x00000045c59f0660): G1CollectForAllocation, mode: safepoint, requested by thread 0x0000018954492800


---------------  P R O C E S S  ---------------

Threads class SMR info:
_java_thread_list=0x0000018956324c40, length=40, elements={
0x00000189375e3000, 0x0000018951aaf000, 0x0000018951ab9000, 0x0000018952332800,
0x0000018952333800, 0x0000018952335800, 0x0000018952337000, 0x0000018952338000,
0x000001895233c000, 0x00000189524b9800, 0x0000018955042800, 0x00000189527f0800,
0x0000018954845800, 0x000001895438c000, 0x00000189531a9800, 0x0000018954492000,
0x0000018954492800, 0x0000018954f1d000, 0x0000018954a1e800, 0x0000018954683800,
0x00000189549fc800, 0x0000018954eb0000, 0x0000018954eb2000, 0x0000018954eb1000,
0x0000018954eac000, 0x0000018954eb2800, 0x0000018954ead000, 0x0000018954eae800,
0x0000018954ead800, 0x0000018954eaf800, 0x0000018955c89800, 0x0000018955c8a800,
0x0000018955c86800, 0x0000018955c8b800, 0x0000018955c85800, 0x0000018955c8c000,
0x0000018955c8d000, 0x0000018955c87800, 0x0000018955c8e000, 0x0000018955c88000
}

Java Threads: ( => current thread )
  0x00000189375e3000 JavaThread "main" [_thread_blocked, id=17300, stack(0x00000045c4100000,0x00000045c4200000)]
  0x0000018951aaf000 JavaThread "Reference Handler" daemon [_thread_blocked, id=19024, stack(0x00000045c4800000,0x00000045c4900000)]
  0x0000018951ab9000 JavaThread "Finalizer" daemon [_thread_blocked, id=19372, stack(0x00000045c4900000,0x00000045c4a00000)]
  0x0000018952332800 JavaThread "Signal Dispatcher" daemon [_thread_blocked, id=8784, stack(0x00000045c4a00000,0x00000045c4b00000)]
  0x0000018952333800 JavaThread "Attach Listener" daemon [_thread_blocked, id=14196, stack(0x00000045c4b00000,0x00000045c4c00000)]
  0x0000018952335800 JavaThread "Service Thread" daemon [_thread_blocked, id=680, stack(0x00000045c4c00000,0x00000045c4d00000)]
  0x0000018952337000 JavaThread "C2 CompilerThread0" daemon [_thread_in_native, id=16448, stack(0x00000045c4d00000,0x00000045c4e00000)]
  0x0000018952338000 JavaThread "C1 CompilerThread0" daemon [_thread_blocked, id=13460, stack(0x00000045c4e00000,0x00000045c4f00000)]
  0x000001895233c000 JavaThread "Sweeper thread" daemon [_thread_blocked, id=18672, stack(0x00000045c4f00000,0x00000045c5000000)]
  0x00000189524b9800 JavaThread "Common-Cleaner" daemon [_thread_blocked, id=17864, stack(0x00000045c5000000,0x00000045c5100000)]
  0x0000018955042800 JavaThread "Daemon health stats" [_thread_blocked, id=17700, stack(0x00000045c5500000,0x00000045c5600000)]
  0x00000189527f0800 JavaThread "Incoming local TCP Connector on port 62908" [_thread_in_native, id=18848, stack(0x00000045c5200000,0x00000045c5300000)]
  0x0000018954845800 JavaThread "Daemon periodic checks" [_thread_blocked, id=16464, stack(0x00000045c5300000,0x00000045c5400000)]
  0x000001895438c000 JavaThread "Daemon" [_thread_blocked, id=18796, stack(0x00000045c5600000,0x00000045c5700000)]
  0x00000189531a9800 JavaThread "Handler for socket connection from /127.0.0.1:62908 to /127.0.0.1:62909" [_thread_in_native, id=17488, stack(0x00000045c5700000,0x00000045c5800000)]
  0x0000018954492000 JavaThread "Cancel handler" [_thread_blocked, id=18504, stack(0x00000045c5800000,0x00000045c5900000)]
  0x0000018954492800 JavaThread "Daemon worker" [_thread_blocked, id=12256, stack(0x00000045c5900000,0x00000045c5a00000)]
  0x0000018954f1d000 JavaThread "Asynchronous log dispatcher for DefaultDaemonConnection: socket connection from /127.0.0.1:62908 to /127.0.0.1:62909" [_thread_blocked, id=19124, stack(0x00000045c5a00000,0x00000045c5b00000)]
  0x0000018954a1e800 JavaThread "Stdin handler" [_thread_blocked, id=2436, stack(0x00000045c5b00000,0x00000045c5c00000)]
  0x0000018954683800 JavaThread "Daemon client event forwarder" [_thread_blocked, id=10432, stack(0x00000045c5c00000,0x00000045c5d00000)]
  0x00000189549fc800 JavaThread "C2 CompilerThread1" daemon [_thread_blocked, id=11244, stack(0x00000045c5d00000,0x00000045c5e00000)]
  0x0000018954eb0000 JavaThread "Cache worker for journal cache (C:\Users\xps\.gradle\caches\journal-1)" [_thread_blocked, id=4044, stack(0x00000045c6400000,0x00000045c6500000)]
  0x0000018954eb2000 JavaThread "File lock request listener" [_thread_in_native, id=15848, stack(0x00000045c6500000,0x00000045c6600000)]
  0x0000018954eb1000 JavaThread "Cache worker for file hash cache (C:\Users\xps\.gradle\caches\7.5\fileHashes)" [_thread_blocked, id=13960, stack(0x00000045c6700000,0x00000045c6800000)]
  0x0000018954eac000 JavaThread "File watcher server" daemon [_thread_in_native, id=1596, stack(0x00000045c6800000,0x00000045c6900000)]
  0x0000018954eb2800 JavaThread "File watcher consumer" daemon [_thread_blocked, id=9248, stack(0x00000045c6900000,0x00000045c6a00000)]
  0x0000018954ead000 JavaThread "jar transforms" [_thread_blocked, id=16492, stack(0x00000045c6a00000,0x00000045c6b00000)]
  0x0000018954eae800 JavaThread "jar transforms Thread 2" [_thread_blocked, id=17844, stack(0x00000045c6b00000,0x00000045c6c00000)]
  0x0000018954ead800 JavaThread "jar transforms Thread 3" [_thread_blocked, id=8748, stack(0x00000045c6c00000,0x00000045c6d00000)]
  0x0000018954eaf800 JavaThread "jar transforms Thread 4" [_thread_blocked, id=6712, stack(0x00000045c6d00000,0x00000045c6e00000)]
  0x0000018955c89800 JavaThread "jar transforms Thread 5" [_thread_blocked, id=3784, stack(0x00000045c6e00000,0x00000045c6f00000)]
  0x0000018955c8a800 JavaThread "jar transforms Thread 6" [_thread_blocked, id=7940, stack(0x00000045c6f00000,0x00000045c7000000)]
  0x0000018955c86800 JavaThread "jar transforms Thread 7" [_thread_blocked, id=8560, stack(0x00000045c7000000,0x00000045c7100000)]
  0x0000018955c8b800 JavaThread "jar transforms Thread 8" [_thread_blocked, id=14960, stack(0x00000045c7100000,0x00000045c7200000)]
  0x0000018955c85800 JavaThread "Cache worker for checksums cache (C:\Users\xps\AndroidStudioProjects\HumainActivityRecognition\.gradle\7.5\checksums)" [_thread_blocked, id=17764, stack(0x00000045c7200000,0x00000045c7300000)]
  0x0000018955c8c000 JavaThread "Cache worker for cache directory md-rule (C:\Users\xps\.gradle\caches\7.5\md-rule)" [_thread_blocked, id=4796, stack(0x00000045c7300000,0x00000045c7400000)]
  0x0000018955c8d000 JavaThread "Cache worker for file content cache (C:\Users\xps\.gradle\caches\7.5\fileContent)" [_thread_blocked, id=7792, stack(0x00000045c7400000,0x00000045c7500000)]
  0x0000018955c87800 JavaThread "Cache worker for file hash cache (C:\Users\xps\AndroidStudioProjects\HumainActivityRecognition\.gradle\7.5\fileHashes)" [_thread_blocked, id=18564, stack(0x00000045c7500000,0x00000045c7600000)]
  0x0000018955c8e000 JavaThread "Cache worker for cache directory md-supplier (C:\Users\xps\.gradle\caches\7.5\md-supplier)" [_thread_blocked, id=18264, stack(0x00000045c7600000,0x00000045c7700000)]
  0x0000018955c88000 JavaThread "Cache worker for execution history cache (C:\Users\xps\.gradle\caches\7.5\executionHistory)" [_thread_blocked, id=14296, stack(0x00000045c7700000,0x00000045c7800000)]

Other Threads:
=>0x00000189522e6000 VMThread "VM Thread" [stack: 0x00000045c4700000,0x00000045c4800000] [id=12116]
  0x00000189524d6000 WatcherThread [stack: 0x00000045c5100000,0x00000045c5200000] [id=12012]
  0x00000189375fc000 GCTaskThread "GC Thread#0" [stack: 0x00000045c4200000,0x00000045c4300000] [id=9280]
  0x0000018953164800 GCTaskThread "GC Thread#1" [stack: 0x00000045c5400000,0x00000045c5500000] [id=9832]
  0x000001895387d000 GCTaskThread "GC Thread#2" [stack: 0x00000045c5e00000,0x00000045c5f00000] [id=13576]
  0x0000018954aab000 GCTaskThread "GC Thread#3" [stack: 0x00000045c5f00000,0x00000045c6000000] [id=12880]
  0x000001895504d800 GCTaskThread "GC Thread#4" [stack: 0x00000045c6000000,0x00000045c6100000] [id=10732]
  0x0000018953b62000 GCTaskThread "GC Thread#5" [stack: 0x00000045c6100000,0x00000045c6200000] [id=17480]
  0x0000018952e2f800 GCTaskThread "GC Thread#6" [stack: 0x00000045c6200000,0x00000045c6300000] [id=6816]
  0x000001895319d800 GCTaskThread "GC Thread#7" [stack: 0x00000045c6300000,0x00000045c6400000] [id=12984]
  0x000001893762f000 ConcurrentGCThread "G1 Main Marker" [stack: 0x00000045c4300000,0x00000045c4400000] [id=2784]
  0x0000018937631000 ConcurrentGCThread "G1 Conc#0" [stack: 0x00000045c4400000,0x00000045c4500000] [id=17000]
  0x0000018955143000 ConcurrentGCThread "G1 Conc#1" [stack: 0x00000045c6600000,0x00000045c6700000] [id=8596]
  0x000001895191b800 ConcurrentGCThread "G1 Refine#0" [stack: 0x00000045c4500000,0x00000045c4600000] [id=12976]
  0x000001895191e800 ConcurrentGCThread "G1 Young RemSet Sampling" [stack: 0x00000045c4600000,0x00000045c4700000] [id=13832]

Threads with active compile tasks:
C2 CompilerThread0     7918 3863       4       groovy.lang.MetaClassImpl$1MOPIter::methodNameAction (325 bytes)
C2 CompilerThread1     7918 4070       4       java.lang.ClassLoader::postDefineClass (39 bytes)

VM state:at safepoint (normal execution)

VM Mutex/Monitor currently owned by a thread:  ([mutex/lock_event])
[0x00000189375df180] Threads_lock - owner thread: 0x00000189522e6000
[0x00000189375e1580] Heap_lock - owner thread: 0x0000018954492800

Heap address: 0x0000000080000000, size: 2048 MB, Compressed Oops mode: 32-bit
Narrow klass base: 0x0000000000000000, Narrow klass shift: 3
Compressed class space size: 1073741824 Address: 0x0000000100000000

Heap:
 garbage-first heap   total 152576K, used 85955K [0x0000000080000000, 0x0000000100000000)
  region size 1024K, 3 young (3072K), 3 survivors (3072K)
 Metaspace       used 44833K, capacity 46074K, committed 46332K, reserved 1089536K
  class space    used 5739K, capacity 6240K, committed 6272K, reserved 1048576K
Heap Regions: E=young(eden), S=young(survivor), O=old, HS=humongous(starts), HC=humongous(continues), CS=collection set, F=free, A=archive, TAMS=top-at-mark-start (previous, next)
|   0|0x0000000080000000, 0x0000000080100000, 0x0000000080100000|100%| O|  |TAMS 0x0000000080100000, 0x0000000080100000| Untracked 
|   1|0x0000000080100000, 0x0000000080200000, 0x0000000080200000|100%| O|  |TAMS 0x0000000080200000, 0x0000000080200000| Untracked 
|   2|0x0000000080200000, 0x0000000080300000, 0x0000000080300000|100%| O|  |TAMS 0x0000000080300000, 0x0000000080300000| Untracked 
|   3|0x0000000080300000, 0x0000000080400000, 0x0000000080400000|100%|HS|  |TAMS 0x0000000080400000, 0x0000000080400000| Complete 
|   4|0x0000000080400000, 0x0000000080500000, 0x0000000080500000|100%|HC|  |TAMS 0x0000000080500000, 0x0000000080500000| Complete 
|   5|0x0000000080500000, 0x0000000080600000, 0x0000000080600000|100%|HC|  |TAMS 0x0000000080600000, 0x0000000080600000| Complete 
|   6|0x0000000080600000, 0x0000000080700000, 0x0000000080700000|100%| O|  |TAMS 0x0000000080700000, 0x0000000080700000| Untracked 
|   7|0x0000000080700000, 0x0000000080800000, 0x0000000080800000|100%| O|  |TAMS 0x0000000080800000, 0x0000000080800000| Untracked 
|   8|0x0000000080800000, 0x0000000080900000, 0x0000000080900000|100%| O|  |TAMS 0x0000000080900000, 0x0000000080900000| Untracked 
|   9|0x0000000080900000, 0x0000000080a00000, 0x0000000080a00000|100%| O|  |TAMS 0x0000000080a00000, 0x0000000080a00000| Untracked 
|  10|0x0000000080a00000, 0x0000000080b00000, 0x0000000080b00000|100%| O|  |TAMS 0x0000000080b00000, 0x0000000080b00000| Untracked 
|  11|0x0000000080b00000, 0x0000000080c00000, 0x0000000080c00000|100%| O|  |TAMS 0x0000000080c00000, 0x0000000080c00000| Untracked 
|  12|0x0000000080c00000, 0x0000000080d00000, 0x0000000080d00000|100%| O|  |TAMS 0x0000000080d00000, 0x0000000080d00000| Untracked 
|  13|0x0000000080d00000, 0x0000000080e00000, 0x0000000080e00000|100%| O|  |TAMS 0x0000000080e00000, 0x0000000080e00000| Untracked 
|  14|0x0000000080e00000, 0x0000000080f00000, 0x0000000080f00000|100%| O|  |TAMS 0x0000000080f00000, 0x0000000080f00000| Untracked 
|  15|0x0000000080f00000, 0x0000000081000000, 0x0000000081000000|100%| O|  |TAMS 0x0000000081000000, 0x0000000081000000| Untracked 
|  16|0x0000000081000000, 0x0000000081100000, 0x0000000081100000|100%|HS|  |TAMS 0x0000000081100000, 0x0000000081100000| Complete 
|  17|0x0000000081100000, 0x0000000081200000, 0x0000000081200000|100%|HC|  |TAMS 0x0000000081200000, 0x0000000081200000| Complete 
|  18|0x0000000081200000, 0x0000000081300000, 0x0000000081300000|100%|HS|  |TAMS 0x0000000081300000, 0x0000000081300000| Complete 
|  19|0x0000000081300000, 0x0000000081400000, 0x0000000081400000|100%|HC|  |TAMS 0x0000000081400000, 0x0000000081400000| Complete 
|  20|0x0000000081400000, 0x0000000081500000, 0x0000000081500000|100%|HC|  |TAMS 0x0000000081500000, 0x0000000081500000| Complete 
|  21|0x0000000081500000, 0x0000000081600000, 0x0000000081600000|100%|HS|  |TAMS 0x0000000081600000, 0x0000000081600000| Complete 
|  22|0x0000000081600000, 0x0000000081700000, 0x0000000081700000|100%|HC|  |TAMS 0x0000000081700000, 0x0000000081700000| Complete 
|  23|0x0000000081700000, 0x0000000081800000, 0x0000000081800000|100%|HC|  |TAMS 0x0000000081800000, 0x0000000081800000| Complete 
|  24|0x0000000081800000, 0x0000000081900000, 0x0000000081900000|100%|HS|  |TAMS 0x0000000081900000, 0x0000000081900000| Complete 
|  25|0x0000000081900000, 0x0000000081a00000, 0x0000000081a00000|100%|HC|  |TAMS 0x0000000081a00000, 0x0000000081a00000| Complete 
|  26|0x0000000081a00000, 0x0000000081b00000, 0x0000000081b00000|100%|HS|  |TAMS 0x0000000081b00000, 0x0000000081b00000| Complete 
|  27|0x0000000081b00000, 0x0000000081c00000, 0x0000000081c00000|100%|HC|  |TAMS 0x0000000081c00000, 0x0000000081c00000| Complete 
|  28|0x0000000081c00000, 0x0000000081d00000, 0x0000000081d00000|100%|HC|  |TAMS 0x0000000081d00000, 0x0000000081d00000| Complete 
|  29|0x0000000081d00000, 0x0000000081e00000, 0x0000000081e00000|100%|HC|  |TAMS 0x0000000081e00000, 0x0000000081e00000| Complete 
|  30|0x0000000081e00000, 0x0000000081f00000, 0x0000000081f00000|100%|HC|  |TAMS 0x0000000081f00000, 0x0000000081f00000| Complete 
|  31|0x0000000081f00000, 0x0000000082000000, 0x0000000082000000|100%|HC|  |TAMS 0x0000000082000000, 0x0000000082000000| Complete 
|  32|0x0000000082000000, 0x0000000082100000, 0x0000000082100000|100%|HC|  |TAMS 0x0000000082100000, 0x0000000082100000| Complete 
|  33|0x0000000082100000, 0x0000000082200000, 0x0000000082200000|100%|HC|  |TAMS 0x0000000082200000, 0x0000000082200000| Complete 
|  34|0x0000000082200000, 0x0000000082300000, 0x0000000082300000|100%|HC|  |TAMS 0x0000000082300000, 0x0000000082300000| Complete 
|  35|0x0000000082300000, 0x0000000082400000, 0x0000000082400000|100%|HC|  |TAMS 0x0000000082400000, 0x0000000082400000| Complete 
|  36|0x0000000082400000, 0x0000000082500000, 0x0000000082500000|100%|HS|  |TAMS 0x0000000082500000, 0x0000000082500000| Complete 
|  37|0x0000000082500000, 0x0000000082600000, 0x0000000082600000|100%|HC|  |TAMS 0x0000000082600000, 0x0000000082600000| Complete 
|  38|0x0000000082600000, 0x0000000082700000, 0x0000000082700000|100%|HS|  |TAMS 0x0000000082700000, 0x0000000082700000| Complete 
|  39|0x0000000082700000, 0x0000000082800000, 0x0000000082800000|100%|HC|  |TAMS 0x0000000082800000, 0x0000000082800000| Complete 
|  40|0x0000000082800000, 0x0000000082900000, 0x0000000082900000|100%|HC|  |TAMS 0x0000000082900000, 0x0000000082900000| Complete 
|  41|0x0000000082900000, 0x0000000082a00000, 0x0000000082a00000|100%|HC|  |TAMS 0x0000000082a00000, 0x0000000082a00000| Complete 
|  42|0x0000000082a00000, 0x0000000082b00000, 0x0000000082b00000|100%|HC|  |TAMS 0x0000000082b00000, 0x0000000082b00000| Complete 
|  43|0x0000000082b00000, 0x0000000082c00000, 0x0000000082c00000|100%| O|  |TAMS 0x0000000082c00000, 0x0000000082c00000| Untracked 
|  44|0x0000000082c00000, 0x0000000082d00000, 0x0000000082d00000|100%| O|  |TAMS 0x0000000082d00000, 0x0000000082d00000| Untracked 
|  45|0x0000000082d00000, 0x0000000082e00000, 0x0000000082e00000|100%| O|  |TAMS 0x0000000082e00000, 0x0000000082e00000| Untracked 
|  46|0x0000000082e00000, 0x0000000082f00000, 0x0000000082f00000|100%| O|  |TAMS 0x0000000082f00000, 0x0000000082f00000| Untracked 
|  47|0x0000000082f00000, 0x0000000083000000, 0x0000000083000000|100%| O|  |TAMS 0x0000000083000000, 0x0000000083000000| Untracked 
|  48|0x0000000083000000, 0x0000000083100000, 0x0000000083100000|100%| O|  |TAMS 0x0000000083100000, 0x0000000083100000| Untracked 
|  49|0x0000000083100000, 0x0000000083200000, 0x0000000083200000|100%| O|  |TAMS 0x0000000083200000, 0x0000000083200000| Untracked 
|  50|0x0000000083200000, 0x0000000083300000, 0x0000000083300000|100%| O|  |TAMS 0x0000000083300000, 0x0000000083300000| Untracked 
|  51|0x0000000083300000, 0x0000000083400000, 0x0000000083400000|100%| O|  |TAMS 0x0000000083400000, 0x0000000083400000| Untracked 
|  52|0x0000000083400000, 0x0000000083500000, 0x0000000083500000|100%|HS|  |TAMS 0x0000000083500000, 0x0000000083500000| Complete 
|  53|0x0000000083500000, 0x0000000083600000, 0x0000000083600000|100%|HC|  |TAMS 0x0000000083600000, 0x0000000083600000| Complete 
|  54|0x0000000083600000, 0x0000000083700000, 0x0000000083700000|100%| O|  |TAMS 0x0000000083700000, 0x0000000083700000| Untracked 
|  55|0x0000000083700000, 0x0000000083800000, 0x0000000083800000|100%| O|  |TAMS 0x0000000083800000, 0x0000000083800000| Untracked 
|  56|0x0000000083800000, 0x0000000083900000, 0x0000000083900000|100%| O|  |TAMS 0x0000000083900000, 0x0000000083900000| Untracked 
|  57|0x0000000083900000, 0x0000000083a00000, 0x0000000083a00000|100%| O|  |TAMS 0x0000000083a00000, 0x0000000083a00000| Untracked 
|  58|0x0000000083a00000, 0x0000000083b00000, 0x0000000083b00000|100%| O|  |TAMS 0x0000000083b00000, 0x0000000083b00000| Untracked 
|  59|0x0000000083b00000, 0x0000000083c00000, 0x0000000083c00000|100%| O|  |TAMS 0x0000000083c00000, 0x0000000083c00000| Untracked 
|  60|0x0000000083c00000, 0x0000000083d00000, 0x0000000083d00000|100%|HS|  |TAMS 0x0000000083d00000, 0x0000000083d00000| Complete 
|  61|0x0000000083d00000, 0x0000000083e00000, 0x0000000083e00000|100%|HC|  |TAMS 0x0000000083e00000, 0x0000000083e00000| Complete 
|  62|0x0000000083e00000, 0x0000000083f00000, 0x0000000083f00000|100%|HC|  |TAMS 0x0000000083f00000, 0x0000000083f00000| Complete 
|  63|0x0000000083f00000, 0x0000000084000000, 0x0000000084000000|100%|HC|  |TAMS 0x0000000084000000, 0x0000000084000000| Complete 
|  64|0x0000000084000000, 0x0000000084100000, 0x0000000084100000|100%|HC|  |TAMS 0x0000000084100000, 0x0000000084100000| Complete 
|  65|0x0000000084100000, 0x0000000084200000, 0x0000000084200000|100%|HC|  |TAMS 0x0000000084200000, 0x0000000084200000| Complete 
|  66|0x0000000084200000, 0x0000000084300000, 0x0000000084300000|100%|HC|  |TAMS 0x0000000084300000, 0x0000000084300000| Complete 
|  67|0x0000000084300000, 0x0000000084400000, 0x0000000084400000|100%|HC|  |TAMS 0x0000000084400000, 0x0000000084400000| Complete 
|  68|0x0000000084400000, 0x0000000084500000, 0x0000000084500000|100%|HC|  |TAMS 0x0000000084500000, 0x0000000084500000| Complete 
|  69|0x0000000084500000, 0x0000000084600000, 0x0000000084600000|100%|HC|  |TAMS 0x0000000084600000, 0x0000000084600000| Complete 
|  70|0x0000000084600000, 0x0000000084700000, 0x0000000084700000|100%|HS|  |TAMS 0x0000000084700000, 0x0000000084700000| Complete 
|  71|0x0000000084700000, 0x0000000084800000, 0x0000000084800000|100%|HC|  |TAMS 0x0000000084800000, 0x0000000084800000| Complete 
|  72|0x0000000084800000, 0x0000000084900000, 0x0000000084900000|100%|HC|  |TAMS 0x0000000084900000, 0x0000000084900000| Complete 
|  73|0x0000000084900000, 0x0000000084a00000, 0x0000000084a00000|100%| O|  |TAMS 0x0000000084a00000, 0x0000000084a00000| Untracked 
|  74|0x0000000084a00000, 0x0000000084b00000, 0x0000000084b00000|100%| O|  |TAMS 0x0000000084a3ac00, 0x0000000084b00000| Untracked 
|  75|0x0000000084b00000, 0x0000000084c00000, 0x0000000084c00000|100%|HS|  |TAMS 0x0000000084b00000, 0x0000000084c00000| Complete 
|  76|0x0000000084c00000, 0x0000000084d00000, 0x0000000084d00000|100%|HC|  |TAMS 0x0000000084c00000, 0x0000000084d00000| Complete 
|  77|0x0000000084d00000, 0x0000000084e00000, 0x0000000084e00000|100%|HS|  |TAMS 0x0000000084d00000, 0x0000000084e00000| Complete 
|  78|0x0000000084e00000, 0x0000000084f00000, 0x0000000084f00000|100%|HC|  |TAMS 0x0000000084e00000, 0x0000000084f00000| Complete 
|  79|0x0000000084f00000, 0x0000000085000000, 0x0000000085000000|100%|HC|  |TAMS 0x0000000084f00000, 0x0000000085000000| Complete 
|  80|0x0000000085000000, 0x0000000085100000, 0x0000000085100000|100%| O|  |TAMS 0x0000000085000000, 0x0000000085100000| Untracked 
|  81|0x0000000085100000, 0x0000000085100000, 0x0000000085200000|  0%| F|  |TAMS 0x0000000085100000, 0x0000000085100000| Untracked 
|  82|0x0000000085200000, 0x0000000085200000, 0x0000000085300000|  0%| F|  |TAMS 0x0000000085200000, 0x0000000085200000| Untracked 
|  83|0x0000000085300000, 0x0000000085300000, 0x0000000085400000|  0%| F|  |TAMS 0x0000000085300000, 0x0000000085300000| Untracked 
|  84|0x0000000085400000, 0x0000000085400000, 0x0000000085500000|  0%| F|  |TAMS 0x0000000085400000, 0x0000000085400000| Untracked 
|  85|0x0000000085500000, 0x0000000085500000, 0x0000000085600000|  0%| F|  |TAMS 0x0000000085500000, 0x0000000085500000| Untracked 
|  86|0x0000000085600000, 0x0000000085600000, 0x0000000085700000|  0%| F|  |TAMS 0x0000000085600000, 0x0000000085600000| Untracked 
|  87|0x0000000085700000, 0x0000000085700000, 0x0000000085800000|  0%| F|  |TAMS 0x0000000085700000, 0x0000000085700000| Untracked 
|  88|0x0000000085800000, 0x0000000085800000, 0x0000000085900000|  0%| F|  |TAMS 0x0000000085800000, 0x0000000085800000| Untracked 
|  89|0x0000000085900000, 0x0000000085900000, 0x0000000085a00000|  0%| F|  |TAMS 0x0000000085900000, 0x0000000085900000| Untracked 
|  90|0x0000000085a00000, 0x0000000085a00000, 0x0000000085b00000|  0%| F|  |TAMS 0x0000000085a00000, 0x0000000085a00000| Untracked 
|  91|0x0000000085b00000, 0x0000000085b00000, 0x0000000085c00000|  0%| F|  |TAMS 0x0000000085b00000, 0x0000000085b00000| Untracked 
|  92|0x0000000085c00000, 0x0000000085c00000, 0x0000000085d00000|  0%| F|  |TAMS 0x0000000085c00000, 0x0000000085c00000| Untracked 
|  93|0x0000000085d00000, 0x0000000085d00000, 0x0000000085e00000|  0%| F|  |TAMS 0x0000000085d00000, 0x0000000085d00000| Untracked 
|  94|0x0000000085e00000, 0x0000000085e00000, 0x0000000085f00000|  0%| F|  |TAMS 0x0000000085e00000, 0x0000000085e00000| Untracked 
|  95|0x0000000085f00000, 0x0000000085f00000, 0x0000000086000000|  0%| F|  |TAMS 0x0000000085f00000, 0x0000000085f00000| Untracked 
|  96|0x0000000086000000, 0x0000000086000000, 0x0000000086100000|  0%| F|  |TAMS 0x0000000086000000, 0x0000000086000000| Untracked 
|  97|0x0000000086100000, 0x0000000086100000, 0x0000000086200000|  0%| F|  |TAMS 0x0000000086100000, 0x0000000086100000| Untracked 
|  98|0x0000000086200000, 0x0000000086200000, 0x0000000086300000|  0%| F|  |TAMS 0x0000000086200000, 0x0000000086200000| Untracked 
|  99|0x0000000086300000, 0x0000000086300000, 0x0000000086400000|  0%| F|  |TAMS 0x0000000086300000, 0x0000000086300000| Untracked 
| 100|0x0000000086400000, 0x0000000086400000, 0x0000000086500000|  0%| F|  |TAMS 0x0000000086400000, 0x0000000086400000| Untracked 
| 101|0x0000000086500000, 0x0000000086500000, 0x0000000086600000|  0%| F|  |TAMS 0x0000000086500000, 0x0000000086500000| Untracked 
| 102|0x0000000086600000, 0x0000000086600000, 0x0000000086700000|  0%| F|  |TAMS 0x0000000086600000, 0x0000000086600000| Untracked 
| 103|0x0000000086700000, 0x00000000867f0f08, 0x0000000086800000| 94%| S|CS|TAMS 0x0000000086700000, 0x0000000086700000| Complete 
| 104|0x0000000086800000, 0x0000000086900000, 0x0000000086900000|100%| S|CS|TAMS 0x0000000086800000, 0x0000000086800000| Complete 
| 105|0x0000000086900000, 0x0000000086a00000, 0x0000000086a00000|100%| S|CS|TAMS 0x0000000086900000, 0x0000000086900000| Complete 
| 106|0x0000000086a00000, 0x0000000086a00000, 0x0000000086b00000|  0%| F|  |TAMS 0x0000000086a00000, 0x0000000086a00000| Untracked 
| 107|0x0000000086b00000, 0x0000000086b00000, 0x0000000086c00000|  0%| F|  |TAMS 0x0000000086b00000, 0x0000000086b00000| Untracked 
| 108|0x0000000086c00000, 0x0000000086c00000, 0x0000000086d00000|  0%| F|  |TAMS 0x0000000086c00000, 0x0000000086c00000| Untracked 
| 109|0x0000000086d00000, 0x0000000086d00000, 0x0000000086e00000|  0%| F|  |TAMS 0x0000000086d00000, 0x0000000086d00000| Untracked 
| 110|0x0000000086e00000, 0x0000000086e00000, 0x0000000086f00000|  0%| F|  |TAMS 0x0000000086e00000, 0x0000000086e00000| Untracked 
| 111|0x0000000086f00000, 0x0000000086f00000, 0x0000000087000000|  0%| F|  |TAMS 0x0000000086f00000, 0x0000000086f00000| Untracked 
| 112|0x0000000087000000, 0x0000000087000000, 0x0000000087100000|  0%| F|  |TAMS 0x0000000087000000, 0x0000000087000000| Untracked 
| 113|0x0000000087100000, 0x0000000087100000, 0x0000000087200000|  0%| F|  |TAMS 0x0000000087100000, 0x0000000087100000| Untracked 
| 114|0x0000000087200000, 0x0000000087200000, 0x0000000087300000|  0%| F|  |TAMS 0x0000000087200000, 0x0000000087200000| Untracked 
| 115|0x0000000087300000, 0x0000000087300000, 0x0000000087400000|  0%| F|  |TAMS 0x0000000087300000, 0x0000000087300000| Untracked 
| 116|0x0000000087400000, 0x0000000087400000, 0x0000000087500000|  0%| F|  |TAMS 0x0000000087400000, 0x0000000087400000| Untracked 
| 117|0x0000000087500000, 0x0000000087500000, 0x0000000087600000|  0%| F|  |TAMS 0x0000000087500000, 0x0000000087500000| Untracked 
| 118|0x0000000087600000, 0x0000000087600000, 0x0000000087700000|  0%| F|  |TAMS 0x0000000087600000, 0x0000000087600000| Untracked 
| 119|0x0000000087700000, 0x0000000087700000, 0x0000000087800000|  0%| F|  |TAMS 0x0000000087700000, 0x0000000087700000| Untracked 
| 120|0x0000000087800000, 0x0000000087800000, 0x0000000087900000|  0%| F|  |TAMS 0x0000000087800000, 0x0000000087800000| Untracked 
| 121|0x0000000087900000, 0x0000000087900000, 0x0000000087a00000|  0%| F|  |TAMS 0x0000000087900000, 0x0000000087900000| Untracked 
| 122|0x0000000087a00000, 0x0000000087a00000, 0x0000000087b00000|  0%| F|  |TAMS 0x0000000087a00000, 0x0000000087a00000| Untracked 
| 123|0x0000000087b00000, 0x0000000087b00000, 0x0000000087c00000|  0%| F|  |TAMS 0x0000000087b00000, 0x0000000087b00000| Untracked 

Card table byte_map: [0x000001894a830000,0x000001894ac30000] _byte_map_base: 0x000001894a430000

Marking Bits (Prev, Next): (CMBitMap*) 0x00000189376262f8, (CMBitMap*) 0x0000018937626330
 Prev Bits: [0x000001894b030000, 0x000001894d030000)
 Next Bits: [0x000001894d030000, 0x000001894f030000)

Polling page: 0x0000018936db0000

Metaspace:

Usage:
  Non-class:     38.90 MB capacity,    38.18 MB ( 98%) used,   621.06 KB (  2%) free+waste,   119.06 KB ( <1%) overhead. 
      Class:      6.09 MB capacity,     5.60 MB ( 92%) used,   442.34 KB (  7%) free+waste,    58.44 KB ( <1%) overhead. 
       Both:     44.99 MB capacity,    43.78 MB ( 97%) used,     1.04 MB (  2%) free+waste,   177.50 KB ( <1%) overhead. 

Virtual space:
  Non-class space:       40.00 MB reserved,      39.12 MB ( 98%) committed 
      Class space:        1.00 GB reserved,       6.12 MB ( <1%) committed 
             Both:        1.04 GB reserved,      45.25 MB (  4%) committed 

Chunk freelists:
   Non-Class:  34.00 KB
       Class:  0 bytes
        Both:  34.00 KB

MaxMetaspaceSize: 17179869184.00 GB
CompressedClassSpaceSize: 1.00 GB
Initial GC threshold: 20.80 MB
Current GC threshold: 73.95 MB
CDS: off

CodeHeap 'non-profiled nmethods': size=120000Kb used=2221Kb max_used=2221Kb free=117778Kb
 bounds [0x0000018942bd0000, 0x0000018942e40000, 0x000001894a100000]
CodeHeap 'profiled nmethods': size=120000Kb used=8589Kb max_used=8589Kb free=111410Kb
 bounds [0x000001893b6a0000, 0x000001893bf10000, 0x0000018942bd0000]
CodeHeap 'non-nmethods': size=5760Kb used=2283Kb max_used=2324Kb free=3476Kb
 bounds [0x000001893b100000, 0x000001893b370000, 0x000001893b6a0000]
 total_blobs=4834 nmethods=4054 adapters=692
 compilation: enabled
              stopped_count=0, restarted_count=0
 full_count=0

Compilation events (20 events):
Event: 7.820 Thread 0x0000018952338000 4067       3       com.google.common.collect.MapMakerInternalMap$StrongKeyWeakValueSegment::self (2 bytes)
Event: 7.820 Thread 0x0000018952338000 nmethod 4067 0x000001893bef9610 code [0x000001893bef97c0, 0x000001893bef98b8]
Event: 7.824 Thread 0x00000189549fc800 nmethod 4055 0x0000018942dfa790 code [0x0000018942dfa920, 0x0000018942dfab58]
Event: 7.824 Thread 0x00000189549fc800 4032       4       groovyjarjarasm.asm.SymbolTable::get (13 bytes)
Event: 7.825 Thread 0x00000189549fc800 nmethod 4032 0x0000018942dfad10 code [0x0000018942dfaea0, 0x0000018942dfaf58]
Event: 7.825 Thread 0x00000189549fc800 4063       4       java.util.concurrent.atomic.AtomicReferenceArray::length (6 bytes)
Event: 7.826 Thread 0x00000189549fc800 nmethod 4063 0x0000018942dfb010 code [0x0000018942dfb1a0, 0x0000018942dfb218]
Event: 7.834 Thread 0x0000018952338000 4068       3       java.lang.ClassLoader::defineClass (43 bytes)
Event: 7.835 Thread 0x0000018952338000 nmethod 4068 0x000001893bef9990 code [0x000001893bef9ba0, 0x000001893befa098]
Event: 7.839 Thread 0x0000018952338000 4069       3       com.google.common.collect.MapMakerInternalMap$Segment::getEntry (80 bytes)
Event: 7.841 Thread 0x00000189549fc800 4070       4       java.lang.ClassLoader::postDefineClass (39 bytes)
Event: 7.842 Thread 0x0000018952338000 nmethod 4069 0x000001893befa310 code [0x000001893befa680, 0x000001893befbe28]
Event: 7.849 Thread 0x0000018952338000 4071   !   3       java.net.URL::<init> (543 bytes)
Event: 7.857 Thread 0x0000018952338000 nmethod 4071 0x000001893befc590 code [0x000001893befcc60, 0x000001893bf00928]
Event: 7.862 Thread 0x0000018952338000 4072       3       java.lang.Character::isJavaIdentifierPart (9 bytes)
Event: 7.862 Thread 0x0000018952338000 nmethod 4072 0x000001893bf02b10 code [0x000001893bf02ce0, 0x000001893bf02eb8]
Event: 7.862 Thread 0x0000018952338000 4073       3       java.lang.CharacterDataLatin1::isJavaIdentifierPart (20 bytes)
Event: 7.862 Thread 0x0000018952338000 nmethod 4073 0x000001893bf02f90 code [0x000001893bf03140, 0x000001893bf03338]
Event: 7.865 Thread 0x0000018952338000 4075       1       com.google.common.collect.MapMakerInternalMap$AbstractStrongKeyEntry::getKey (5 bytes)
Event: 7.865 Thread 0x0000018952338000 nmethod 4075 0x0000018942dfb310 code [0x0000018942dfb4c0, 0x0000018942dfb578]

GC Heap History (20 events):
Event: 3.277 GC heap after
{Heap after GC invocations=2 (full 0):
 garbage-first heap   total 126976K, used 16289K [0x0000000080000000, 0x0000000100000000)
  region size 1024K, 10 young (10240K), 10 survivors (10240K)
 Metaspace       used 18291K, capacity 18662K, committed 18944K, reserved 1067008K
  class space    used 2141K, capacity 2259K, committed 2304K, reserved 1048576K
}
Event: 3.555 GC heap before
{Heap before GC invocations=2 (full 0):
 garbage-first heap   total 126976K, used 36769K [0x0000000080000000, 0x0000000100000000)
  region size 1024K, 31 young (31744K), 10 survivors (10240K)
 Metaspace       used 20751K, capacity 21218K, committed 21296K, reserved 1069056K
  class space    used 2511K, capacity 2665K, committed 2688K, reserved 1048576K
}
Event: 3.566 GC heap after
{Heap after GC invocations=3 (full 0):
 garbage-first heap   total 126976K, used 17072K [0x0000000080000000, 0x0000000100000000)
  region size 1024K, 1 young (1024K), 1 survivors (1024K)
 Metaspace       used 20751K, capacity 21218K, committed 21296K, reserved 1069056K
  class space    used 2511K, capacity 2665K, committed 2688K, reserved 1048576K
}
Event: 4.231 GC heap before
{Heap before GC invocations=4 (full 0):
 garbage-first heap   total 126976K, used 63152K [0x0000000080000000, 0x0000000100000000)
  region size 1024K, 46 young (47104K), 1 survivors (1024K)
 Metaspace       used 25271K, capacity 25824K, committed 26032K, reserved 1071104K
  class space    used 3253K, capacity 3463K, committed 3584K, reserved 1048576K
}
Event: 4.236 GC heap after
{Heap after GC invocations=5 (full 0):
 garbage-first heap   total 126976K, used 18400K [0x0000000080000000, 0x0000000100000000)
  region size 1024K, 3 young (3072K), 3 survivors (3072K)
 Metaspace       used 25271K, capacity 25824K, committed 26032K, reserved 1071104K
  class space    used 3253K, capacity 3463K, committed 3584K, reserved 1048576K
}
Event: 5.177 GC heap before
{Heap before GC invocations=5 (full 0):
 garbage-first heap   total 126976K, used 96224K [0x0000000080000000, 0x0000000100000000)
  region size 1024K, 53 young (54272K), 3 survivors (3072K)
 Metaspace       used 29664K, capacity 30515K, committed 30640K, reserved 1075200K
  class space    used 3944K, capacity 4285K, committed 4352K, reserved 1048576K
}
Event: 5.184 GC heap after
{Heap after GC invocations=6 (full 0):
 garbage-first heap   total 126976K, used 52626K [0x0000000080000000, 0x0000000100000000)
  region size 1024K, 7 young (7168K), 7 survivors (7168K)
 Metaspace       used 29664K, capacity 30515K, committed 30640K, reserved 1075200K
  class space    used 3944K, capacity 4285K, committed 4352K, reserved 1048576K
}
Event: 5.860 GC heap before
{Heap before GC invocations=6 (full 0):
 garbage-first heap   total 126976K, used 91538K [0x0000000080000000, 0x0000000100000000)
  region size 1024K, 45 young (46080K), 7 survivors (7168K)
 Metaspace       used 34240K, capacity 35189K, committed 35504K, reserved 1079296K
  class space    used 4631K, capacity 4993K, committed 5120K, reserved 1048576K
}
Event: 5.866 GC heap after
{Heap after GC invocations=7 (full 0):
 garbage-first heap   total 126976K, used 54204K [0x0000000080000000, 0x0000000100000000)
  region size 1024K, 2 young (2048K), 2 survivors (2048K)
 Metaspace       used 34240K, capacity 35189K, committed 35504K, reserved 1079296K
  class space    used 4631K, capacity 4993K, committed 5120K, reserved 1048576K
}
Event: 5.938 GC heap before
{Heap before GC invocations=7 (full 0):
 garbage-first heap   total 126976K, used 55228K [0x0000000080000000, 0x0000000100000000)
  region size 1024K, 4 young (4096K), 2 survivors (2048K)
 Metaspace       used 34601K, capacity 35608K, committed 35708K, reserved 1079296K
  class space    used 4655K, capacity 5068K, committed 5120K, reserved 1048576K
}
Event: 5.941 GC heap after
{Heap after GC invocations=8 (full 0):
 garbage-first heap   total 126976K, used 54443K [0x0000000080000000, 0x0000000100000000)
  region size 1024K, 2 young (2048K), 2 survivors (2048K)
 Metaspace       used 34601K, capacity 35608K, committed 35708K, reserved 1079296K
  class space    used 4655K, capacity 5068K, committed 5120K, reserved 1048576K
}
Event: 6.540 GC heap before
{Heap before GC invocations=9 (full 0):
 garbage-first heap   total 126976K, used 86187K [0x0000000080000000, 0x0000000100000000)
  region size 1024K, 34 young (34816K), 2 survivors (2048K)
 Metaspace       used 39659K, capacity 40750K, committed 41084K, reserved 1085440K
  class space    used 5135K, capacity 5546K, committed 5632K, reserved 1048576K
}
Event: 6.547 GC heap after
{Heap after GC invocations=10 (full 0):
 garbage-first heap   total 126976K, used 58287K [0x0000000080000000, 0x0000000100000000)
  region size 1024K, 5 young (5120K), 5 survivors (5120K)
 Metaspace       used 39659K, capacity 40750K, committed 41084K, reserved 1085440K
  class space    used 5135K, capacity 5546K, committed 5632K, reserved 1048576K
}
Event: 7.088 GC heap before
{Heap before GC invocations=10 (full 0):
 garbage-first heap   total 126976K, used 94127K [0x0000000080000000, 0x0000000100000000)
  region size 1024K, 37 young (37888K), 5 survivors (5120K)
 Metaspace       used 42582K, capacity 43742K, committed 43900K, reserved 1087488K
  class space    used 5437K, capacity 5855K, committed 5888K, reserved 1048576K
}
Event: 7.097 GC heap after
{Heap after GC invocations=11 (full 0):
 garbage-first heap   total 126976K, used 61041K [0x0000000080000000, 0x0000000100000000)
  region size 1024K, 3 young (3072K), 3 survivors (3072K)
 Metaspace       used 42582K, capacity 43742K, committed 43900K, reserved 1087488K
  class space    used 5437K, capacity 5855K, committed 5888K, reserved 1048576K
}
Event: 7.491 GC heap before
{Heap before GC invocations=11 (full 0):
 garbage-first heap   total 126976K, used 83569K [0x0000000080000000, 0x0000000100000000)
  region size 1024K, 26 young (26624K), 3 survivors (3072K)
 Metaspace       used 44135K, capacity 45353K, committed 45436K, reserved 1089536K
  class space    used 5659K, capacity 6109K, committed 6144K, reserved 1048576K
}
Event: 7.498 GC heap after
{Heap after GC invocations=12 (full 0):
 garbage-first heap   total 126976K, used 62771K [0x0000000080000000, 0x0000000100000000)
  region size 1024K, 5 young (5120K), 5 survivors (5120K)
 Metaspace       used 44135K, capacity 45353K, committed 45436K, reserved 1089536K
  class space    used 5659K, capacity 6109K, committed 6144K, reserved 1048576K
}
Event: 7.580 GC heap before
{Heap before GC invocations=13 (full 0):
 garbage-first heap   total 126976K, used 78131K [0x0000000080000000, 0x0000000100000000)
  region size 1024K, 6 young (6144K), 5 survivors (5120K)
 Metaspace       used 44135K, capacity 45353K, committed 45436K, reserved 1089536K
  class space    used 5659K, capacity 6109K, committed 6144K, reserved 1048576K
}
Event: 7.587 GC heap after
{Heap after GC invocations=14 (full 0):
 garbage-first heap   total 126976K, used 78651K [0x0000000080000000, 0x0000000100000000)
  region size 1024K, 3 young (3072K), 3 survivors (3072K)
 Metaspace       used 44135K, capacity 45353K, committed 45436K, reserved 1089536K
  class space    used 5659K, capacity 6109K, committed 6144K, reserved 1048576K
}
Event: 7.883 GC heap before
{Heap before GC invocations=15 (full 0):
 garbage-first heap   total 126976K, used 97083K [0x0000000080000000, 0x0000000100000000)
  region size 1024K, 18 young (18432K), 3 survivors (3072K)
 Metaspace       used 44833K, capacity 46074K, committed 46332K, reserved 1089536K
  class space    used 5739K, capacity 6240K, committed 6272K, reserved 1048576K
}

Deoptimization events (20 events):
Event: 7.614 Thread 0x0000018954492800 DEOPT PACKING pc=0x0000018942cbce5c sp=0x00000045c59f7320
Event: 7.614 Thread 0x0000018954492800 DEOPT UNPACKING pc=0x000001893b14a1af sp=0x00000045c59f71f0 mode 2
Event: 7.664 Thread 0x0000018954492800 Uncommon trap: trap_request=0xffffffcc fr.pc=0x0000018942df1984 relative=0x00000000000010e4
Event: 7.665 Thread 0x0000018954492800 Uncommon trap: reason=intrinsic_or_type_checked_inlining action=make_not_entrant pc=0x0000018942df1984 method=java.util.ArrayList.toArray([Ljava/lang/Object;)[Ljava/lang/Object; @ 36 c2
Event: 7.665 Thread 0x0000018954492800 DEOPT PACKING pc=0x0000018942df1984 sp=0x00000045c59f5a70
Event: 7.665 Thread 0x0000018954492800 DEOPT UNPACKING pc=0x000001893b14a1af sp=0x00000045c59f59d0 mode 2
Event: 7.687 Thread 0x0000018954492800 Uncommon trap: trap_request=0xffffff4d fr.pc=0x0000018942dd2d44 relative=0x00000000000022c4
Event: 7.687 Thread 0x0000018954492800 Uncommon trap: reason=unstable_if action=reinterpret pc=0x0000018942dd2d44 method=java.lang.ClassLoader.checkCerts(Ljava/lang/String;Ljava/security/CodeSource;)V @ 29 c2
Event: 7.687 Thread 0x0000018954492800 DEOPT PACKING pc=0x0000018942dd2d44 sp=0x00000045c59f68b0
Event: 7.687 Thread 0x0000018954492800 DEOPT UNPACKING pc=0x000001893b14a1af sp=0x00000045c59f67c0 mode 2
Event: 7.738 Thread 0x0000018954492800 DEOPT PACKING pc=0x000001893bd60b74 sp=0x00000045c59f2390
Event: 7.738 Thread 0x0000018954492800 DEOPT UNPACKING pc=0x000001893b14a95e sp=0x00000045c59f1930 mode 0
Event: 7.790 Thread 0x0000018954492800 Uncommon trap: trap_request=0xffffffde fr.pc=0x0000018942daf2d4 relative=0x0000000000001414
Event: 7.790 Thread 0x0000018954492800 Uncommon trap: reason=class_check action=maybe_recompile pc=0x0000018942daf2d4 method=org.codehaus.groovy.reflection.ParameterTypes.getParametersTypes0()V @ 16 c2
Event: 7.790 Thread 0x0000018954492800 DEOPT PACKING pc=0x0000018942daf2d4 sp=0x00000045c59f8460
Event: 7.790 Thread 0x0000018954492800 DEOPT UNPACKING pc=0x000001893b14a1af sp=0x00000045c59f8428 mode 2
Event: 7.859 Thread 0x0000018954492800 Uncommon trap: trap_request=0xffffff4d fr.pc=0x0000018942c2d3fc relative=0x000000000000059c
Event: 7.859 Thread 0x0000018954492800 Uncommon trap: reason=unstable_if action=reinterpret pc=0x0000018942c2d3fc method=java.util.jar.Manifest$FastInputStream.readLine([BII)I @ 130 c2
Event: 7.859 Thread 0x0000018954492800 DEOPT PACKING pc=0x0000018942c2d3fc sp=0x00000045c59f4b80
Event: 7.859 Thread 0x0000018954492800 DEOPT UNPACKING pc=0x000001893b14a1af sp=0x00000045c59f4b10 mode 2

Classes redefined (0 events):
No events

Internal exceptions (20 events):
Event: 7.713 Thread 0x0000018954492800 Exception <a 'java/lang/ClassNotFoundException'{0x000000008732ae50}: org/gradle/internal/service/DefaultServiceRegistryCustomizer> (0x000000008732ae50) thrown at [src/hotspot/share/classfile/systemDictionary.cpp, line 230]
Event: 7.715 Thread 0x0000018954492800 Exception <a 'java/lang/ClassNotFoundException'{0x0000000087366ce0}: org/gradle/internal/service/scopes/GradleScopeServicesCustomizer> (0x0000000087366ce0) thrown at [src/hotspot/share/classfile/systemDictionary.cpp, line 230]
Event: 7.721 Thread 0x0000018954492800 Exception <a 'java/lang/ClassNotFoundException'{0x00000000873b0490}: org/gradle/util/GradleVersionBeanInfo> (0x00000000873b0490) thrown at [src/hotspot/share/classfile/systemDictionary.cpp, line 230]
Event: 7.723 Thread 0x0000018954492800 Exception <a 'java/lang/ClassNotFoundException'{0x00000000873ef290}: org/gradle/util/GradleVersionCustomizer> (0x00000000873ef290) thrown at [src/hotspot/share/classfile/systemDictionary.cpp, line 230]
Event: 7.730 Thread 0x0000018954492800 Exception <a 'java/lang/ClassNotFoundException'{0x000000008724cad0}: org/gradle/util/internal/DefaultGradleVersionBeanInfo> (0x000000008724cad0) thrown at [src/hotspot/share/classfile/systemDictionary.cpp, line 230]
Event: 7.731 Thread 0x0000018954492800 Exception <a 'java/lang/ClassNotFoundException'{0x00000000872789b8}: org/gradle/util/internal/DefaultGradleVersionCustomizer> (0x00000000872789b8) thrown at [src/hotspot/share/classfile/systemDictionary.cpp, line 230]
Event: 7.742 Thread 0x0000018954492800 Exception <a 'java/lang/ClassNotFoundException'{0x00000000872e7480}: org/jetbrains/plugins/gradle/tooling/internal/ExtraModelBuilderBeanInfo> (0x00000000872e7480) thrown at [src/hotspot/share/classfile/systemDictionary.cpp, line 230]
Event: 7.743 Thread 0x0000018954492800 Exception <a 'java/lang/ClassNotFoundException'{0x00000000872f2750}: org/jetbrains/plugins/gradle/tooling/internal/ExtraModelBuilderCustomizer> (0x00000000872f2750) thrown at [src/hotspot/share/classfile/systemDictionary.cpp, line 230]
Event: 7.755 Thread 0x0000018954492800 Exception <a 'java/lang/ClassNotFoundException'{0x000000008700c4e8}: java/lang/StringBeanInfo> (0x000000008700c4e8) thrown at [src/hotspot/share/classfile/systemDictionary.cpp, line 230]
Event: 7.756 Thread 0x0000018954492800 Exception <a 'java/lang/ClassNotFoundException'{0x0000000087014e00}: java/lang/StringCustomizer> (0x0000000087014e00) thrown at [src/hotspot/share/classfile/systemDictionary.cpp, line 230]
Event: 7.769 Thread 0x0000018954492800 Exception <a 'java/lang/ClassNotFoundException'{0x00000000870a88f8}: org/gradle/internal/classloader/VisitableURLClassLoaderBeanInfo> (0x00000000870a88f8) thrown at [src/hotspot/share/classfile/systemDictionary.cpp, line 230]
Event: 7.769 Thread 0x0000018954492800 Exception <a 'java/lang/ClassNotFoundException'{0x00000000870b12b8}: java/net/URLClassLoaderBeanInfo> (0x00000000870b12b8) thrown at [src/hotspot/share/classfile/systemDictionary.cpp, line 230]
Event: 7.770 Thread 0x0000018954492800 Exception <a 'java/lang/ClassNotFoundException'{0x00000000870ba040}: java/security/SecureClassLoaderBeanInfo> (0x00000000870ba040) thrown at [src/hotspot/share/classfile/systemDictionary.cpp, line 230]
Event: 7.770 Thread 0x0000018954492800 Exception <a 'java/lang/ClassNotFoundException'{0x00000000870c3338}: java/lang/ClassLoaderBeanInfo> (0x00000000870c3338) thrown at [src/hotspot/share/classfile/systemDictionary.cpp, line 230]
Event: 7.771 Thread 0x0000018954492800 Exception <a 'java/lang/ClassNotFoundException'{0x00000000870cc218}: java/lang/ClassLoaderCustomizer> (0x00000000870cc218) thrown at [src/hotspot/share/classfile/systemDictionary.cpp, line 230]
Event: 7.772 Thread 0x0000018954492800 Exception <a 'java/lang/ClassNotFoundException'{0x00000000870e1cf0}: java/security/SecureClassLoaderCustomizer> (0x00000000870e1cf0) thrown at [src/hotspot/share/classfile/systemDictionary.cpp, line 230]
Event: 7.773 Thread 0x0000018954492800 Exception <a 'java/lang/ClassNotFoundException'{0x00000000870eca38}: java/net/URLClassLoaderCustomizer> (0x00000000870eca38) thrown at [src/hotspot/share/classfile/systemDictionary.cpp, line 230]
Event: 7.775 Thread 0x0000018954492800 Exception <a 'java/lang/ClassNotFoundException'{0x0000000086f207c0}: org/gradle/internal/classloader/VisitableURLClassLoaderCustomizer> (0x0000000086f207c0) thrown at [src/hotspot/share/classfile/systemDictionary.cpp, line 230]
Event: 7.784 Thread 0x0000018954492800 Exception <a 'java/lang/ClassNotFoundException'{0x0000000086f659d0}: org/jetbrains/plugins/gradle/tooling/internal/ExtraModelBuilder$ForGradle44BeanInfo> (0x0000000086f659d0) thrown at [src/hotspot/share/classfile/systemDictionary.cpp, line 230]
Event: 7.785 Thread 0x0000018954492800 Exception <a 'java/lang/ClassNotFoundException'{0x0000000086f71808}: org/jetbrains/plugins/gradle/tooling/internal/ExtraModelBuilder$ForGradle44Customizer> (0x0000000086f71808) thrown at [src/hotspot/share/classfile/systemDictionary.cpp, line 230]

Events (20 events):
Event: 7.875 loading class kotlin/collections/CollectionsKt__ReversedViewsKt done
Event: 7.875 loading class kotlin/collections/CollectionsKt__MutableCollectionsKt
Event: 7.875 loading class kotlin/collections/CollectionsKt__MutableCollectionsKt done
Event: 7.876 loading class kotlin/collections/CollectionsKt__MutableCollectionsJVMKt
Event: 7.876 loading class kotlin/collections/CollectionsKt__MutableCollectionsJVMKt done
Event: 7.876 loading class kotlin/collections/CollectionsKt__IteratorsKt
Event: 7.876 loading class kotlin/collections/CollectionsKt__IteratorsKt done
Event: 7.876 loading class kotlin/collections/CollectionsKt__IteratorsJVMKt
Event: 7.876 loading class kotlin/collections/CollectionsKt__IteratorsJVMKt done
Event: 7.877 loading class kotlin/collections/CollectionsKt__IterablesKt
Event: 7.877 loading class kotlin/collections/CollectionsKt__IterablesKt done
Event: 7.877 loading class kotlin/collections/CollectionsKt__CollectionsKt
Event: 7.877 loading class kotlin/collections/CollectionsKt__CollectionsKt done
Event: 7.878 loading class kotlin/collections/CollectionsKt__CollectionsJVMKt
Event: 7.878 loading class kotlin/collections/CollectionsKt__CollectionsJVMKt done
Event: 7.880 loading class kotlin/collections/ArraysKt
Event: 7.880 loading class kotlin/collections/ArraysKt done
Event: 7.880 loading class kotlin/collections/ArraysKt___ArraysKt
Event: 7.880 loading class kotlin/collections/ArraysKt___ArraysKt done
Event: 7.883 Executing VM operation: G1CollectForAllocation


Dynamic libraries:
0x00007ff72d950000 - 0x00007ff72d95a000 	C:\Program Files\Android\Android Studio\jbr\bin\java.exe
0x00007ffc11d90000 - 0x00007ffc11fa4000 	C:\WINDOWS\SYSTEM32\ntdll.dll
0x00007ffc10280000 - 0x00007ffc10342000 	C:\WINDOWS\System32\KERNEL32.DLL
0x00007ffc0f5a0000 - 0x00007ffc0f943000 	C:\WINDOWS\System32\KERNELBASE.dll
0x00007ffc0f1b0000 - 0x00007ffc0f2c1000 	C:\WINDOWS\System32\ucrtbase.dll
0x00007ffbfdfc0000 - 0x00007ffbfdfd7000 	C:\Program Files\Android\Android Studio\jbr\bin\jli.dll
0x00007ffbd5b80000 - 0x00007ffbd5b9b000 	C:\Program Files\Android\Android Studio\jbr\bin\VCRUNTIME140.dll
0x00007ffc11730000 - 0x00007ffc118db000 	C:\WINDOWS\System32\USER32.dll
0x00007ffc0fb60000 - 0x00007ffc0fb86000 	C:\WINDOWS\System32\win32u.dll
0x00007ffbf8e40000 - 0x00007ffbf90ce000 	C:\WINDOWS\WinSxS\amd64_microsoft.windows.common-controls_6595b64144ccf1df_6.0.22621.1635_none_270f70857386168e\COMCTL32.dll
0x00007ffc11530000 - 0x00007ffc11559000 	C:\WINDOWS\System32\GDI32.dll
0x00007ffc10da0000 - 0x00007ffc10e47000 	C:\WINDOWS\System32\msvcrt.dll
0x00007ffc0f480000 - 0x00007ffc0f598000 	C:\WINDOWS\System32\gdi32full.dll
0x00007ffc0f950000 - 0x00007ffc0f9ea000 	C:\WINDOWS\System32\msvcp_win.dll
0x00007ffc100a0000 - 0x00007ffc100d1000 	C:\WINDOWS\System32\IMM32.DLL
0x00007ffbec3d0000 - 0x00007ffbec3dc000 	C:\Program Files\Android\Android Studio\jbr\bin\vcruntime140_1.dll
0x00007ffbcb7c0000 - 0x00007ffbcb84d000 	C:\Program Files\Android\Android Studio\jbr\bin\msvcp140.dll
0x00007ffba17d0000 - 0x00007ffba238c000 	C:\Program Files\Android\Android Studio\jbr\bin\server\jvm.dll
0x00007ffc11b00000 - 0x00007ffc11bae000 	C:\WINDOWS\System32\ADVAPI32.dll
0x00007ffc10c70000 - 0x00007ffc10d14000 	C:\WINDOWS\System32\sechost.dll
0x00007ffc100e0000 - 0x00007ffc101f7000 	C:\WINDOWS\System32\RPCRT4.dll
0x00007ffc11930000 - 0x00007ffc11938000 	C:\WINDOWS\System32\PSAPI.DLL
0x00007ffc04a90000 - 0x00007ffc04a99000 	C:\WINDOWS\SYSTEM32\WSOCK32.dll
0x00007ffc04a50000 - 0x00007ffc04a84000 	C:\WINDOWS\SYSTEM32\WINMM.dll
0x00007ffc05010000 - 0x00007ffc0501a000 	C:\WINDOWS\SYSTEM32\VERSION.dll
0x00007ffc10d20000 - 0x00007ffc10d91000 	C:\WINDOWS\System32\WS2_32.dll
0x00007ffc0e200000 - 0x00007ffc0e218000 	C:\WINDOWS\SYSTEM32\kernel.appcore.dll
0x00007ffbfe0e0000 - 0x00007ffbfe0f0000 	C:\Program Files\Android\Android Studio\jbr\bin\verify.dll
0x00007ffc0cbd0000 - 0x00007ffc0cdfe000 	C:\WINDOWS\SYSTEM32\DBGHELP.DLL
0x00007ffc10e50000 - 0x00007ffc111d9000 	C:\WINDOWS\System32\combase.dll
0x00007ffc111e0000 - 0x00007ffc112b7000 	C:\WINDOWS\System32\OLEAUT32.dll
0x00007ffbf09e0000 - 0x00007ffbf0a12000 	C:\WINDOWS\SYSTEM32\dbgcore.DLL
0x00007ffc0f400000 - 0x00007ffc0f47b000 	C:\WINDOWS\System32\bcryptPrimitives.dll
0x00007ffbe4600000 - 0x00007ffbe4628000 	C:\Program Files\Android\Android Studio\jbr\bin\java.dll
0x00007ffbfe0d0000 - 0x00007ffbfe0da000 	C:\Program Files\Android\Android Studio\jbr\bin\jimage.dll
0x00007ffbfd7e0000 - 0x00007ffbfd7f8000 	C:\Program Files\Android\Android Studio\jbr\bin\zip.dll
0x00007ffc10410000 - 0x00007ffc10c0a000 	C:\WINDOWS\System32\SHELL32.dll
0x00007ffc0d1b0000 - 0x00007ffc0da7e000 	C:\WINDOWS\SYSTEM32\windows.storage.dll
0x00007ffc0d070000 - 0x00007ffc0d1ae000 	C:\WINDOWS\SYSTEM32\wintypes.dll
0x00007ffc11a00000 - 0x00007ffc11af1000 	C:\WINDOWS\System32\SHCORE.dll
0x00007ffc11940000 - 0x00007ffc1199e000 	C:\WINDOWS\System32\shlwapi.dll
0x00007ffc0f0e0000 - 0x00007ffc0f101000 	C:\WINDOWS\SYSTEM32\profapi.dll
0x00007ffbeb260000 - 0x00007ffbeb279000 	C:\Program Files\Android\Android Studio\jbr\bin\net.dll
0x00007ffc06fb0000 - 0x00007ffc070e7000 	C:\WINDOWS\SYSTEM32\WINHTTP.dll
0x00007ffc0e6e0000 - 0x00007ffc0e749000 	C:\WINDOWS\system32\mswsock.dll
0x00007ffbe42f0000 - 0x00007ffbe4303000 	C:\Program Files\Android\Android Studio\jbr\bin\nio.dll
0x00007ffbd7d70000 - 0x00007ffbd7d97000 	C:\Users\xps\.gradle\native\e1d6ef7f7dcc3fd88c89a11ec53ec762bb8ba0a96d01ffa2cd45eb1d1d8dd5c5\windows-amd64\native-platform.dll
0x00007ffbcb100000 - 0x00007ffbcb244000 	C:\Users\xps\.gradle\native\0d407fdbe67a94daf76414ababcb853783967236a71b16ec16e742cd7a986fd3\windows-amd64\native-platform-file-events.dll
0x00007ffbfded0000 - 0x00007ffbfdeda000 	C:\Program Files\Android\Android Studio\jbr\bin\management.dll
0x00007ffbfd8e0000 - 0x00007ffbfd8eb000 	C:\Program Files\Android\Android Studio\jbr\bin\management_ext.dll
0x00007ffc0e940000 - 0x00007ffc0e95b000 	C:\WINDOWS\SYSTEM32\CRYPTSP.dll
0x00007ffc0e170000 - 0x00007ffc0e1a5000 	C:\WINDOWS\system32\rsaenh.dll
0x00007ffc0e7e0000 - 0x00007ffc0e808000 	C:\WINDOWS\SYSTEM32\USERENV.dll
0x00007ffc0eae0000 - 0x00007ffc0eb08000 	C:\WINDOWS\SYSTEM32\bcrypt.dll
0x00007ffc0e960000 - 0x00007ffc0e96c000 	C:\WINDOWS\SYSTEM32\CRYPTBASE.dll
0x00007ffc0dce0000 - 0x00007ffc0dd0d000 	C:\WINDOWS\SYSTEM32\IPHLPAPI.DLL
0x00007ffc11560000 - 0x00007ffc11569000 	C:\WINDOWS\System32\NSI.dll
0x00007ffc07ff0000 - 0x00007ffc08009000 	C:\WINDOWS\SYSTEM32\dhcpcsvc6.DLL
0x00007ffc04c80000 - 0x00007ffc04c9f000 	C:\WINDOWS\SYSTEM32\dhcpcsvc.DLL
0x00007ffc0dd50000 - 0x00007ffc0de43000 	C:\WINDOWS\SYSTEM32\DNSAPI.dll

dbghelp: loaded successfully - version: 4.0.5 - missing functions: none
symbol engine: initialized successfully - sym options: 0x614 - pdb path: .;C:\Program Files\Android\Android Studio\jbr\bin;C:\WINDOWS\SYSTEM32;C:\WINDOWS\WinSxS\amd64_microsoft.windows.common-controls_6595b64144ccf1df_6.0.22621.1635_none_270f70857386168e;C:\Program Files\Android\Android Studio\jbr\bin\server;C:\Users\xps\.gradle\native\e1d6ef7f7dcc3fd88c89a11ec53ec762bb8ba0a96d01ffa2cd45eb1d1d8dd5c5\windows-amd64;C:\Users\xps\.gradle\native\0d407fdbe67a94daf76414ababcb853783967236a71b16ec16e742cd7a986fd3\windows-amd64

VM Arguments:
jvm_args: --add-opens=java.base/java.util=ALL-UNNAMED --add-opens=java.base/java.lang=ALL-UNNAMED --add-opens=java.base/java.lang.invoke=ALL-UNNAMED --add-opens=java.base/java.util=ALL-UNNAMED --add-opens=java.prefs/java.util.prefs=ALL-UNNAMED --add-opens=java.prefs/java.util.prefs=ALL-UNNAMED --add-opens=java.base/java.nio.charset=ALL-UNNAMED --add-opens=java.base/java.net=ALL-UNNAMED --add-opens=java.base/java.util.concurrent.atomic=ALL-UNNAMED -Xmx2048m -Dfile.encoding=UTF-8 -Duser.country=US -Duser.language=en -Duser.variant 
java_command: org.gradle.launcher.daemon.bootstrap.GradleDaemon 7.5
java_class_path (initial): C:\Users\xps\.gradle\wrapper\dists\gradle-7.5-bin\f1w0cc9nuo0eivz97x2xlu9sv\gradle-7.5\lib\gradle-launcher-7.5.jar
Launcher Type: SUN_STANDARD

[Global flags]
     intx CICompilerCount                          = 4                                         {product} {ergonomic}
     uint ConcGCThreads                            = 2                                         {product} {ergonomic}
     uint G1ConcRefinementThreads                  = 8                                         {product} {ergonomic}
   size_t G1HeapRegionSize                         = 1048576                                   {product} {ergonomic}
    uintx GCDrainStackTargetSize                   = 64                                        {product} {ergonomic}
   size_t InitialHeapSize                          = 130023424                                 {product} {ergonomic}
   size_t MarkStackSize                            = 4194304                                   {product} {ergonomic}
   size_t MaxHeapSize                              = 2147483648                                {product} {command line}
   size_t MaxNewSize                               = 1287651328                                {product} {ergonomic}
   size_t MinHeapDeltaBytes                        = 1048576                                   {product} {ergonomic}
    uintx NonNMethodCodeHeapSize                   = 5836300                                {pd product} {ergonomic}
    uintx NonProfiledCodeHeapSize                  = 122910970                              {pd product} {ergonomic}
    uintx ProfiledCodeHeapSize                     = 122910970                              {pd product} {ergonomic}
    uintx ReservedCodeCacheSize                    = 251658240                              {pd product} {ergonomic}
     bool SegmentedCodeCache                       = true                                      {product} {ergonomic}
     bool UseCompressedClassPointers               = true                                 {lp64_product} {ergonomic}
     bool UseCompressedOops                        = true                                 {lp64_product} {ergonomic}
     bool UseG1GC                                  = true                                      {product} {ergonomic}
     bool UseLargePagesIndividualAllocation        = false                                  {pd product} {ergonomic}

Logging:
Log output configuration:
 #0: stdout all=warning uptime,level,tags
 #1: stderr all=off uptime,level,tags

Environment Variables:
PATH=C:\Program Files\Common Files\Oracle\Java\javapath;C:\WINDOWS\system32;C:\WINDOWS;C:\WINDOWS\System32\Wbem;C:\WINDOWS\System32\WindowsPowerShell\v1.0\;C:\WINDOWS\System32\OpenSSH\;C:\Program Files\Java\jdk-16.0.1\bin;C:\Program Files\Microsoft SQL Server\130\Tools\Binn\;C:\Program Files\Git\cmd;C:\sqlite3;;C:\TDM-GCC-32\bin;C:\xampp\php;C:\ProgramData\ComposerSetup\bin;C:\Program Files\dotnet\;C:\Program Files\nodejs\;C:\ProgramData\chocolatey\bin;C:\Users\xps\anaconda3;C:\Users\xps\anaconda3\Library\mingw-w64\bin;C:\Users\xps\anaconda3\Library\usr\bin;C:\Users\xps\anaconda3\Library\bin;C:\Users\xps\anaconda3\Scripts;C:\Users\xps\AppData\Local\Programs\Python\Python39\Scripts\;C:\Users\xps\AppData\Local\Programs\Python\Python39\;C:\Users\xps\AppData\Local\Programs\Python\Python310\Scripts\;C:\Users\xps\AppData\Local\Programs\Python\Python310\;C:\Users\xps\AppData\Local\Programs\Python\Python311\Scripts\;C:\Users\xps\AppData\Local\Programs\Python\Python311\;C:\Users\xps\AppData\Local\Microsoft\WindowsApps;C:\Program Files\Bandizip\;C:\Program Files\JetBrains\IntelliJ IDEA Community Edition 2021.2.2\bin;;C:\Users\xps\Desktop\S6_LPSIE\latex\miktex\bin\x64\;C:\dart\dart-sdk\bin;C:\Users\xps\AppData\Local\Programs\Microsoft VS Code\bin;C:\Program Files\JetBrains\PyCharm Community Edition 2022.1.4\bin;;C:\Program Files\JetBrains\PyCharm 2022.3.1\bin;;C:\Users\xps\AppData\Roaming\Composer\vendor\bin;C:\Program Files\php8.1.14;C:\Program Files\JetBrains\IntelliJ IDEA 2022.3.3\bin;;C:\Users\xps\.dotnet\tools;C:\Users\xps\AppData\Roaming\npm
USERNAME=xps
OS=Windows_NT
PROCESSOR_IDENTIFIER=Intel64 Family 6 Model 142 Stepping 12, GenuineIntel



---------------  S Y S T E M  ---------------

OS: Windows 11 , 64 bit Build 22621 (10.0.22621.1635)
OS uptime: 2 days 23:14 hours

CPU:total 8 (initial active 8) (4 cores per cpu, 2 threads per core) family 6 model 142 stepping 12 microcode 0xea, cmov, cx8, fxsr, mmx, sse, sse2, sse3, ssse3, sse4.1, sse4.2, popcnt, avx, avx2, aes, clmul, erms, 3dnowpref, lzcnt, ht, tsc, tscinvbit, bmi1, bmi2, adx, fma

Memory: 4k page, system-wide physical 7929M (460M free)
TotalPageFile size 18527M (AvailPageFile size 14M)
current process WorkingSet (physical memory assigned to process): 281M, peak: 281M
current process commit charge ("private bytes"): 318M, peak: 343M

vm_info: OpenJDK 64-Bit Server VM (11.0.15+0-b2043.56-9505619) for windows-amd64 JRE (11.0.15+0-b2043.56-9505619), built on Jan 19 2023 02:48:00 by "builduser" with unknown MS VC++:1929

END.
